<?xml version="1.0" encoding="UTF-8"?>
<coverage generated="1765472230326" clover="3.2.0">
  <project timestamp="1765472230326" name="All files">
    <metrics statements="261" coveredstatements="161" conditionals="89" coveredconditionals="15" methods="38" coveredmethods="18" elements="388" coveredelements="194" complexity="0" loc="261" ncloc="261" packages="7" files="16" classes="16"/>
    <package name="src">
      <metrics statements="39" coveredstatements="33" conditionals="17" coveredconditionals="5" methods="7" coveredmethods="3"/>
      <file name="app.ts" path="C:\Users\gokha\MatchTalk\backend\src\app.ts">
        <metrics statements="23" coveredstatements="23" conditionals="2" coveredconditionals="1" methods="1" coveredmethods="1"/>
        <line num="1" count="3" type="stmt"/>
        <line num="2" count="3" type="stmt"/>
        <line num="3" count="3" type="stmt"/>
        <line num="4" count="3" type="stmt"/>
        <line num="5" count="3" type="stmt"/>
        <line num="6" count="3" type="stmt"/>
        <line num="7" count="3" type="stmt"/>
        <line num="8" count="3" type="stmt"/>
        <line num="9" count="3" type="stmt"/>
        <line num="10" count="3" type="stmt"/>
        <line num="11" count="3" type="stmt"/>
        <line num="13" count="3" type="stmt"/>
        <line num="14" count="3" type="stmt"/>
        <line num="16" count="3" type="stmt"/>
        <line num="17" count="3" type="stmt"/>
        <line num="23" count="3" type="stmt"/>
        <line num="24" count="3" type="stmt"/>
        <line num="26" count="3" type="stmt"/>
        <line num="27" count="3" type="stmt"/>
        <line num="28" count="3" type="stmt"/>
        <line num="29" count="3" type="stmt"/>
        <line num="31" count="3" type="stmt"/>
        <line num="33" count="3" type="stmt"/>
      </file>
      <file name="config.ts" path="C:\Users\gokha\MatchTalk\backend\src\config.ts">
        <metrics statements="9" coveredstatements="8" conditionals="9" coveredconditionals="4" methods="2" coveredmethods="2"/>
        <line num="1" count="3" type="stmt"/>
        <line num="3" count="3" type="stmt"/>
        <line num="5" count="3" type="stmt"/>
        <line num="6" count="6" type="cond" truecount="1" falsecount="1"/>
        <line num="7" count="6" type="cond" truecount="0" falsecount="1"/>
        <line num="8" count="0" type="stmt"/>
        <line num="10" count="6" type="stmt"/>
        <line num="13" count="3" type="stmt"/>
        <line num="18" count="6" type="cond" truecount="1" falsecount="1"/>
      </file>
      <file name="errors.ts" path="C:\Users\gokha\MatchTalk\backend\src\errors.ts">
        <metrics statements="3" coveredstatements="1" conditionals="0" coveredconditionals="0" methods="1" coveredmethods="0"/>
        <line num="1" count="3" type="stmt"/>
        <line num="5" count="0" type="stmt"/>
        <line num="6" count="0" type="stmt"/>
      </file>
      <file name="logger.ts" path="C:\Users\gokha\MatchTalk\backend\src\logger.ts">
        <metrics statements="4" coveredstatements="1" conditionals="6" coveredconditionals="0" methods="3" coveredmethods="0"/>
        <line num="2" count="3" type="stmt"/>
        <line num="3" count="0" type="cond" truecount="0" falsecount="2"/>
        <line num="4" count="0" type="cond" truecount="0" falsecount="2"/>
        <line num="5" count="0" type="cond" truecount="0" falsecount="2"/>
      </file>
    </package>
    <package name="src.lib">
      <metrics statements="2" coveredstatements="2" conditionals="0" coveredconditionals="0" methods="0" coveredmethods="0"/>
      <file name="prisma.ts" path="C:\Users\gokha\MatchTalk\backend\src\lib\prisma.ts">
        <metrics statements="2" coveredstatements="2" conditionals="0" coveredconditionals="0" methods="0" coveredmethods="0"/>
        <line num="1" count="3" type="stmt"/>
        <line num="3" count="3" type="stmt"/>
      </file>
    </package>
    <package name="src.middleware">
      <metrics statements="28" coveredstatements="16" conditionals="21" coveredconditionals="2" methods="2" coveredmethods="1"/>
      <file name="auth.ts" path="C:\Users\gokha\MatchTalk\backend\src\middleware\auth.ts">
        <metrics statements="12" coveredstatements="10" conditionals="3" coveredconditionals="2" methods="1" coveredmethods="1"/>
        <line num="2" count="3" type="stmt"/>
        <line num="3" count="3" type="stmt"/>
        <line num="5" count="3" type="stmt"/>
        <line num="6" count="4" type="stmt"/>
        <line num="7" count="4" type="cond" truecount="2" falsecount="1"/>
        <line num="8" count="0" type="stmt"/>
        <line num="11" count="4" type="stmt"/>
        <line num="13" count="4" type="stmt"/>
        <line num="14" count="4" type="stmt"/>
        <line num="15" count="4" type="stmt"/>
        <line num="16" count="4" type="stmt"/>
        <line num="18" count="0" type="stmt"/>
      </file>
      <file name="error.ts" path="C:\Users\gokha\MatchTalk\backend\src\middleware\error.ts">
        <metrics statements="14" coveredstatements="4" conditionals="18" coveredconditionals="0" methods="1" coveredmethods="0"/>
        <line num="2" count="3" type="stmt"/>
        <line num="3" count="3" type="stmt"/>
        <line num="4" count="3" type="stmt"/>
        <line num="6" count="3" type="stmt"/>
        <line num="7" count="0" type="cond" truecount="0" falsecount="1"/>
        <line num="8" count="0" type="stmt"/>
        <line num="11" count="0" type="cond" truecount="0" falsecount="1"/>
        <line num="12" count="0" type="stmt"/>
        <line num="15" count="0" type="cond" truecount="0" falsecount="5"/>
        <line num="17" count="0" type="cond" truecount="0" falsecount="5"/>
        <line num="19" count="0" type="cond" truecount="0" falsecount="2"/>
        <line num="20" count="0" type="stmt"/>
        <line num="22" count="0" type="stmt"/>
        <line num="25" count="0" type="cond" truecount="0" falsecount="4"/>
      </file>
      <file name="rateLimit.ts" path="C:\Users\gokha\MatchTalk\backend\src\middleware\rateLimit.ts">
        <metrics statements="2" coveredstatements="2" conditionals="0" coveredconditionals="0" methods="0" coveredmethods="0"/>
        <line num="1" count="3" type="stmt"/>
        <line num="3" count="3" type="stmt"/>
      </file>
    </package>
    <package name="src.routes">
      <metrics statements="167" coveredstatements="91" conditionals="47" coveredconditionals="6" methods="22" coveredmethods="11"/>
      <file name="auth.ts" path="C:\Users\gokha\MatchTalk\backend\src\routes\auth.ts">
        <metrics statements="43" coveredstatements="13" conditionals="5" coveredconditionals="0" methods="4" coveredmethods="0"/>
        <line num="1" count="3" type="stmt"/>
        <line num="2" count="3" type="stmt"/>
        <line num="3" count="3" type="stmt"/>
        <line num="4" count="3" type="stmt"/>
        <line num="5" count="3" type="stmt"/>
        <line num="6" count="3" type="stmt"/>
        <line num="7" count="3" type="stmt"/>
        <line num="9" count="3" type="stmt"/>
        <line num="11" count="3" type="stmt"/>
        <line num="19" count="3" type="stmt"/>
        <line num="20" count="0" type="stmt"/>
        <line num="21" count="0" type="stmt"/>
        <line num="23" count="0" type="stmt"/>
        <line num="24" count="0" type="cond" truecount="0" falsecount="1"/>
        <line num="25" count="0" type="stmt"/>
        <line num="28" count="0" type="stmt"/>
        <line num="29" count="0" type="stmt"/>
        <line num="33" count="0" type="stmt"/>
        <line num="34" count="0" type="stmt"/>
        <line num="36" count="0" type="stmt"/>
        <line num="40" count="3" type="stmt"/>
        <line num="41" count="0" type="stmt"/>
        <line num="42" count="0" type="stmt"/>
        <line num="43" count="0" type="stmt"/>
        <line num="44" count="0" type="cond" truecount="0" falsecount="1"/>
        <line num="45" count="0" type="stmt"/>
        <line num="48" count="0" type="stmt"/>
        <line num="49" count="0" type="cond" truecount="0" falsecount="1"/>
        <line num="50" count="0" type="stmt"/>
        <line num="53" count="0" type="stmt"/>
        <line num="54" count="0" type="stmt"/>
        <line num="56" count="0" type="stmt"/>
        <line num="60" count="3" type="stmt"/>
        <line num="61" count="0" type="stmt"/>
        <line num="62" count="0" type="stmt"/>
        <line num="63" count="0" type="cond" truecount="0" falsecount="1"/>
        <line num="64" count="0" type="stmt"/>
        <line num="66" count="0" type="stmt"/>
        <line num="67" count="0" type="cond" truecount="0" falsecount="1"/>
        <line num="68" count="0" type="stmt"/>
        <line num="70" count="0" type="stmt"/>
        <line num="72" count="0" type="stmt"/>
        <line num="76" count="3" type="stmt"/>
      </file>
      <file name="friends.ts" path="C:\Users\gokha\MatchTalk\backend\src\routes\friends.ts">
        <metrics statements="37" coveredstatements="29" conditionals="7" coveredconditionals="1" methods="5" coveredmethods="2"/>
        <line num="1" count="3" type="stmt"/>
        <line num="2" count="3" type="stmt"/>
        <line num="3" count="3" type="stmt"/>
        <line num="4" count="3" type="stmt"/>
        <line num="6" count="3" type="stmt"/>
        <line num="8" count="3" type="stmt"/>
        <line num="15" count="3" type="stmt"/>
        <line num="16" count="0" type="stmt"/>
        <line num="17" count="0" type="stmt"/>
        <line num="18" count="0" type="stmt"/>
        <line num="22" count="0" type="stmt"/>
        <line num="24" count="0" type="stmt"/>
        <line num="28" count="3" type="stmt"/>
        <line num="29" count="1" type="stmt"/>
        <line num="30" count="1" type="stmt"/>
        <line num="31" count="1" type="stmt"/>
        <line num="32" count="1" type="cond" truecount="0" falsecount="1"/>
        <line num="34" count="1" type="stmt"/>
        <line num="35" count="1" type="stmt"/>
        <line num="42" count="1" type="stmt"/>
        <line num="44" count="0" type="stmt"/>
        <line num="48" count="3" type="stmt"/>
        <line num="49" count="1" type="stmt"/>
        <line num="50" count="1" type="stmt"/>
        <line num="51" count="1" type="stmt"/>
        <line num="52" count="1" type="cond" truecount="0" falsecount="1"/>
        <line num="54" count="1" type="stmt"/>
        <line num="55" count="1" type="cond" truecount="0" falsecount="1"/>
        <line num="56" count="1" type="cond" truecount="0" falsecount="1"/>
        <line num="57" count="1" type="cond" truecount="1" falsecount="2"/>
        <line num="58" count="0" type="stmt"/>
        <line num="61" count="1" type="stmt"/>
        <line num="64" count="1" type="stmt"/>
        <line num="69" count="1" type="stmt"/>
        <line num="75" count="1" type="stmt"/>
        <line num="77" count="0" type="stmt"/>
        <line num="81" count="3" type="stmt"/>
      </file>
      <file name="health.ts" path="C:\Users\gokha\MatchTalk\backend\src\routes\health.ts">
        <metrics statements="5" coveredstatements="5" conditionals="0" coveredconditionals="0" methods="1" coveredmethods="1"/>
        <line num="1" count="3" type="stmt"/>
        <line num="3" count="3" type="stmt"/>
        <line num="5" count="3" type="stmt"/>
        <line num="6" count="1" type="stmt"/>
        <line num="9" count="3" type="stmt"/>
      </file>
      <file name="rooms.ts" path="C:\Users\gokha\MatchTalk\backend\src\routes\rooms.ts">
        <metrics statements="82" coveredstatements="44" conditionals="35" coveredconditionals="5" methods="12" coveredmethods="8"/>
        <line num="1" count="3" type="stmt"/>
        <line num="2" count="3" type="stmt"/>
        <line num="3" count="3" type="stmt"/>
        <line num="4" count="3" type="stmt"/>
        <line num="5" count="3" type="stmt"/>
        <line num="7" count="3" type="stmt"/>
        <line num="29" count="3" type="stmt"/>
        <line num="30" count="3" type="stmt"/>
        <line num="36" count="2" type="cond" truecount="1" falsecount="1"/>
        <line num="37" count="3" type="stmt"/>
        <line num="38" count="2" type="stmt"/>
        <line num="39" count="2" type="stmt"/>
        <line num="40" count="2" type="stmt"/>
        <line num="42" count="2" type="stmt"/>
        <line num="58" count="3" type="stmt"/>
        <line num="59" count="1" type="stmt"/>
        <line num="60" count="1" type="stmt"/>
        <line num="64" count="1" type="stmt"/>
        <line num="66" count="0" type="stmt"/>
        <line num="70" count="3" type="stmt"/>
        <line num="71" count="0" type="stmt"/>
        <line num="72" count="0" type="cond" truecount="0" falsecount="2"/>
        <line num="73" count="0" type="cond" truecount="0" falsecount="3"/>
        <line num="74" count="0" type="stmt"/>
        <line num="77" count="0" type="stmt"/>
        <line num="78" count="0" type="stmt"/>
        <line num="80" count="0" type="stmt"/>
        <line num="84" count="3" type="stmt"/>
        <line num="85" count="1" type="stmt"/>
        <line num="86" count="1" type="stmt"/>
        <line num="87" count="1" type="stmt"/>
        <line num="88" count="1" type="stmt"/>
        <line num="92" count="1" type="cond" truecount="0" falsecount="1"/>
        <line num="94" count="1" type="stmt"/>
        <line num="95" count="1" type="cond" truecount="0" falsecount="1"/>
        <line num="96" count="0" type="stmt"/>
        <line num="99" count="1" type="stmt"/>
        <line num="100" count="1" type="cond" truecount="0" falsecount="1"/>
        <line num="102" count="1" type="stmt"/>
        <line num="103" count="1" type="cond" truecount="0" falsecount="1"/>
        <line num="105" count="1" type="cond" truecount="1" falsecount="1"/>
        <line num="106" count="1" type="cond" truecount="1" falsecount="1"/>
        <line num="107" count="1" type="stmt"/>
        <line num="108" count="1" type="stmt"/>
        <line num="109" count="1" type="stmt"/>
        <line num="110" count="1" type="cond" truecount="2" falsecount="1"/>
        <line num="111" count="0" type="stmt"/>
        <line num="114" count="1" type="stmt"/>
        <line num="115" count="1" type="stmt"/>
        <line num="119" count="1" type="stmt"/>
        <line num="121" count="0" type="stmt"/>
        <line num="125" count="3" type="stmt"/>
        <line num="126" count="0" type="stmt"/>
        <line num="127" count="0" type="stmt"/>
        <line num="128" count="0" type="stmt"/>
        <line num="129" count="0" type="stmt"/>
        <line num="130" count="0" type="stmt"/>
        <line num="134" count="0" type="cond" truecount="0" falsecount="2"/>
        <line num="136" count="0" type="stmt"/>
        <line num="140" count="3" type="stmt"/>
        <line num="141" count="0" type="stmt"/>
        <line num="142" count="0" type="stmt"/>
        <line num="143" count="0" type="stmt"/>
        <line num="144" count="0" type="cond" truecount="0" falsecount="3"/>
        <line num="146" count="0" type="stmt"/>
        <line num="155" count="0" type="stmt"/>
        <line num="156" count="0" type="cond" truecount="0" falsecount="3"/>
        <line num="157" count="0" type="stmt"/>
        <line num="162" count="0" type="stmt"/>
        <line num="163" count="0" type="stmt"/>
        <line num="166" count="0" type="stmt"/>
        <line num="171" count="0" type="stmt"/>
        <line num="173" count="0" type="stmt"/>
        <line num="177" count="3" type="stmt"/>
        <line num="178" count="0" type="stmt"/>
        <line num="179" count="0" type="stmt"/>
        <line num="180" count="0" type="cond" truecount="0" falsecount="1"/>
        <line num="181" count="0" type="stmt"/>
        <line num="186" count="0" type="cond" truecount="0" falsecount="2"/>
        <line num="187" count="0" type="stmt"/>
        <line num="189" count="0" type="stmt"/>
        <line num="193" count="3" type="stmt"/>
      </file>
    </package>
    <package name="src.schemas">
      <metrics statements="3" coveredstatements="3" conditionals="0" coveredconditionals="0" methods="0" coveredmethods="0"/>
      <file name="auth.ts" path="C:\Users\gokha\MatchTalk\backend\src\schemas\auth.ts">
        <metrics statements="3" coveredstatements="3" conditionals="0" coveredconditionals="0" methods="0" coveredmethods="0"/>
        <line num="1" count="3" type="stmt"/>
        <line num="3" count="3" type="stmt"/>
        <line num="10" count="3" type="stmt"/>
      </file>
    </package>
    <package name="src.services">
      <metrics statements="8" coveredstatements="5" conditionals="4" coveredconditionals="2" methods="3" coveredmethods="1"/>
      <file name="roomTimer.ts" path="C:\Users\gokha\MatchTalk\backend\src\services\roomTimer.ts">
        <metrics statements="8" coveredstatements="5" conditionals="4" coveredconditionals="2" methods="3" coveredmethods="1"/>
        <line num="2" count="3" type="stmt"/>
        <line num="4" count="3" type="stmt"/>
        <line num="5" count="0" type="stmt"/>
        <line num="8" count="3" type="stmt"/>
        <line num="9" count="0" type="cond" truecount="0" falsecount="2"/>
        <line num="10" count="0" type="stmt"/>
        <line num="13" count="3" type="stmt"/>
        <line num="14" count="2" type="cond" truecount="2" falsecount="0"/>
      </file>
    </package>
    <package name="src.utils">
      <metrics statements="14" coveredstatements="11" conditionals="0" coveredconditionals="0" methods="4" coveredmethods="2"/>
      <file name="jwt.ts" path="C:\Users\gokha\MatchTalk\backend\src\utils\jwt.ts">
        <metrics statements="8" coveredstatements="8" conditionals="0" coveredconditionals="0" methods="2" coveredmethods="2"/>
        <line num="1" count="3" type="stmt"/>
        <line num="2" count="3" type="stmt"/>
        <line num="9" count="3" type="stmt"/>
        <line num="11" count="3" type="stmt"/>
        <line num="12" count="3" type="stmt"/>
        <line num="13" count="3" type="stmt"/>
        <line num="16" count="3" type="stmt"/>
        <line num="17" count="4" type="stmt"/>
      </file>
      <file name="password.ts" path="C:\Users\gokha\MatchTalk\backend\src\utils\password.ts">
        <metrics statements="6" coveredstatements="3" conditionals="0" coveredconditionals="0" methods="2" coveredmethods="0"/>
        <line num="1" count="3" type="stmt"/>
        <line num="3" count="3" type="stmt"/>
        <line num="4" count="0" type="stmt"/>
        <line num="5" count="0" type="stmt"/>
        <line num="8" count="3" type="stmt"/>
        <line num="9" count="0" type="stmt"/>
      </file>
    </package>
  </project>
</coverage>
