{
  "C:\\Users\\gokha\\MatchTalk\\backend\\src\\app.ts": {
    "path": "C:\\Users\\gokha\\MatchTalk\\backend\\src\\app.ts",
    "statementMap": {
      "0": {
        "start": {"line": 1, "column": 0},
        "end": {"line": 1, "column": 30}
      },
      "1": {
        "start": {"line": 2, "column": 0},
        "end": {"line": 2, "column": 28}
      },
      "2": {
        "start": {"line": 3, "column": 0},
        "end": {"line": 3, "column": 24}
      },
      "3": {
        "start": {"line": 4, "column": 0},
        "end": {"line": 4, "column": 28}
      },
      "4": {
        "start": {"line": 5, "column": 0},
        "end": {"line": 5, "column": 41}
      },
      "5": {
        "start": {"line": 6, "column": 0},
        "end": {"line": 6, "column": 45}
      },
      "6": {
        "start": {"line": 7, "column": 0},
        "end": {"line": 7, "column": 48}
      },
      "7": {
        "start": {"line": 8, "column": 0},
        "end": {"line": 8, "column": 51}
      },
      "8": {
        "start": {"line": 9, "column": 0},
        "end": {"line": 9, "column": 32}
      },
      "9": {
        "start": {"line": 10, "column": 0},
        "end": {"line": 10, "column": 43}
      },
      "10": {
        "start": {"line": 11, "column": 0},
        "end": {"line": 11, "column": 47}
      },
      "11": {
        "start": {"line": 13, "column": 25},
        "end": {"line": 34, "column": 1}
      },
      "12": {
        "start": {"line": 14, "column": 14},
        "end": {"line": 14, "column": 23}
      },
      "13": {
        "start": {"line": 16, "column": 2},
        "end": {"line": 16, "column": 20}
      },
      "14": {
        "start": {"line": 17, "column": 2},
        "end": {"line": 22, "column": 4}
      },
      "15": {
        "start": {"line": 23, "column": 2},
        "end": {"line": 23, "column": 26}
      },
      "16": {
        "start": {"line": 24, "column": 2},
        "end": {"line": 24, "column": 25}
      },
      "17": {
        "start": {"line": 26, "column": 2},
        "end": {"line": 26, "column": 35}
      },
      "18": {
        "start": {"line": 27, "column": 2},
        "end": {"line": 27, "column": 44}
      },
      "19": {
        "start": {"line": 28, "column": 2},
        "end": {"line": 28, "column": 33}
      },
      "20": {
        "start": {"line": 29, "column": 2},
        "end": {"line": 29, "column": 37}
      },
      "21": {
        "start": {"line": 31, "column": 2},
        "end": {"line": 31, "column": 24}
      },
      "22": {
        "start": {"line": 33, "column": 2},
        "end": {"line": 33, "column": 13}
      },
      "23": {
        "start": {"line": 13, "column": 13},
        "end": {"line": 13, "column": 25}
      }
    },
    "fnMap": {
      "0": {
        "name": "(anonymous_1)",
        "decl": {
          "start": {"line": 13, "column": 25},
          "end": {"line": 13, "column": 28}
        },
        "loc": {
          "start": {"line": 13, "column": 30},
          "end": {"line": 34, "column": 1}
        }
      }
    },
    "branchMap": {
      "0": {
        "loc": {
          "start": {"line": 19, "column": 14},
          "end": {"line": 19, "column": 72}
        },
        "type": "cond-expr",
        "locations": [
          {
            "start": {"line": 19, "column": 42},
            "end": {"line": 19, "column": 60}
          },
          {
            "start": {"line": 19, "column": 63},
            "end": {"line": 19, "column": 72}
          }
        ]
      }
    },
    "s": {
      "0": 3,
      "1": 3,
      "2": 3,
      "3": 3,
      "4": 3,
      "5": 3,
      "6": 3,
      "7": 3,
      "8": 3,
      "9": 3,
      "10": 3,
      "11": 3,
      "12": 3,
      "13": 3,
      "14": 3,
      "15": 3,
      "16": 3,
      "17": 3,
      "18": 3,
      "19": 3,
      "20": 3,
      "21": 3,
      "22": 3,
      "23": 3
    },
    "f": {"0": 3},
    "b": {"0": [3, 0]}
  },
  "C:\\Users\\gokha\\MatchTalk\\backend\\src\\config.ts": {
    "path": "C:\\Users\\gokha\\MatchTalk\\backend\\src\\config.ts",
    "statementMap": {
      "0": {
        "start": {"line": 1, "column": 0},
        "end": {"line": 1, "column": 28}
      },
      "1": {
        "start": {"line": 3, "column": 0},
        "end": {"line": 3, "column": 16}
      },
      "2": {
        "start": {"line": 5, "column": 19},
        "end": {"line": 11, "column": 1}
      },
      "3": {
        "start": {"line": 6, "column": 16},
        "end": {"line": 6, "column": 44}
      },
      "4": {"start": {"line": 7, "column": 2}, "end": {"line": 9, "column": 3}},
      "5": {
        "start": {"line": 8, "column": 4},
        "end": {"line": 8, "column": 43}
      },
      "6": {
        "start": {"line": 10, "column": 2},
        "end": {"line": 10, "column": 15}
      },
      "7": {
        "start": {"line": 13, "column": 13},
        "end": {"line": 19, "column": 2}
      },
      "8": {
        "start": {"line": 18, "column": 68},
        "end": {"line": 18, "column": 76}
      }
    },
    "fnMap": {
      "0": {
        "name": "(anonymous_1)",
        "decl": {
          "start": {"line": 5, "column": 19},
          "end": {"line": 5, "column": 20}
        },
        "loc": {
          "start": {"line": 5, "column": 54},
          "end": {"line": 11, "column": 1}
        }
      },
      "1": {
        "name": "(anonymous_2)",
        "decl": {
          "start": {"line": 18, "column": 63},
          "end": {"line": 18, "column": 64}
        },
        "loc": {
          "start": {"line": 18, "column": 68},
          "end": {"line": 18, "column": 76}
        }
      }
    },
    "branchMap": {
      "0": {
        "loc": {
          "start": {"line": 6, "column": 16},
          "end": {"line": 6, "column": 44}
        },
        "type": "binary-expr",
        "locations": [
          {
            "start": {"line": 6, "column": 16},
            "end": {"line": 6, "column": 32}
          },
          {"start": {"line": 6, "column": 36}, "end": {"line": 6, "column": 44}}
        ]
      },
      "1": {
        "loc": {
          "start": {"line": 7, "column": 2},
          "end": {"line": 9, "column": 3}
        },
        "type": "if",
        "locations": [
          {"start": {"line": 7, "column": 2}, "end": {"line": 9, "column": 3}}
        ]
      },
      "2": {
        "loc": {
          "start": {"line": 14, "column": 15},
          "end": {"line": 14, "column": 39}
        },
        "type": "binary-expr",
        "locations": [
          {
            "start": {"line": 14, "column": 15},
            "end": {"line": 14, "column": 31}
          },
          {
            "start": {"line": 14, "column": 35},
            "end": {"line": 14, "column": 39}
          }
        ]
      },
      "3": {
        "loc": {
          "start": {"line": 16, "column": 16},
          "end": {"line": 16, "column": 50}
        },
        "type": "binary-expr",
        "locations": [
          {
            "start": {"line": 16, "column": 16},
            "end": {"line": 16, "column": 42}
          },
          {
            "start": {"line": 16, "column": 46},
            "end": {"line": 16, "column": 50}
          }
        ]
      },
      "4": {
        "loc": {
          "start": {"line": 18, "column": 16},
          "end": {"line": 18, "column": 46}
        },
        "type": "binary-expr",
        "locations": [
          {
            "start": {"line": 18, "column": 16},
            "end": {"line": 18, "column": 40}
          },
          {
            "start": {"line": 18, "column": 44},
            "end": {"line": 18, "column": 46}
          }
        ]
      }
    },
    "s": {
      "0": 3,
      "1": 3,
      "2": 3,
      "3": 6,
      "4": 6,
      "5": 0,
      "6": 6,
      "7": 3,
      "8": 6
    },
    "f": {"0": 6, "1": 6},
    "b": {"0": [6, 0], "1": [0], "2": [3, 0], "3": [3, 0], "4": [3, 0]}
  },
  "C:\\Users\\gokha\\MatchTalk\\backend\\src\\errors.ts": {
    "path": "C:\\Users\\gokha\\MatchTalk\\backend\\src\\errors.ts",
    "statementMap": {
      "0": {
        "start": {"line": 5, "column": 4},
        "end": {"line": 5, "column": 19}
      },
      "1": {
        "start": {"line": 6, "column": 4},
        "end": {"line": 6, "column": 25}
      },
      "2": {"start": {"line": 1, "column": 0}, "end": {"line": 1, "column": 13}}
    },
    "fnMap": {
      "0": {
        "name": "(anonymous_0)",
        "decl": {
          "start": {"line": 4, "column": 2},
          "end": {"line": 4, "column": 14}
        },
        "loc": {
          "start": {"line": 4, "column": 45},
          "end": {"line": 7, "column": 3}
        }
      }
    },
    "branchMap": {},
    "s": {"0": 0, "1": 0, "2": 3},
    "f": {"0": 0},
    "b": {}
  },
  "C:\\Users\\gokha\\MatchTalk\\backend\\src\\logger.ts": {
    "path": "C:\\Users\\gokha\\MatchTalk\\backend\\src\\logger.ts",
    "statementMap": {
      "0": {
        "start": {"line": 2, "column": 13},
        "end": {"line": 6, "column": 2}
      },
      "1": {
        "start": {"line": 3, "column": 41},
        "end": {"line": 3, "column": 81}
      },
      "2": {
        "start": {"line": 4, "column": 41},
        "end": {"line": 4, "column": 82}
      },
      "3": {
        "start": {"line": 5, "column": 42},
        "end": {"line": 5, "column": 85}
      }
    },
    "fnMap": {
      "0": {
        "name": "(anonymous_0)",
        "decl": {
          "start": {"line": 3, "column": 8},
          "end": {"line": 3, "column": 9}
        },
        "loc": {
          "start": {"line": 3, "column": 41},
          "end": {"line": 3, "column": 81}
        }
      },
      "1": {
        "name": "(anonymous_1)",
        "decl": {
          "start": {"line": 4, "column": 8},
          "end": {"line": 4, "column": 9}
        },
        "loc": {
          "start": {"line": 4, "column": 41},
          "end": {"line": 4, "column": 82}
        }
      },
      "2": {
        "name": "(anonymous_2)",
        "decl": {
          "start": {"line": 5, "column": 9},
          "end": {"line": 5, "column": 10}
        },
        "loc": {
          "start": {"line": 5, "column": 42},
          "end": {"line": 5, "column": 85}
        }
      }
    },
    "branchMap": {
      "0": {
        "loc": {
          "start": {"line": 3, "column": 70},
          "end": {"line": 3, "column": 80}
        },
        "type": "binary-expr",
        "locations": [
          {
            "start": {"line": 3, "column": 70},
            "end": {"line": 3, "column": 74}
          },
          {"start": {"line": 3, "column": 78}, "end": {"line": 3, "column": 80}}
        ]
      },
      "1": {
        "loc": {
          "start": {"line": 4, "column": 71},
          "end": {"line": 4, "column": 81}
        },
        "type": "binary-expr",
        "locations": [
          {
            "start": {"line": 4, "column": 71},
            "end": {"line": 4, "column": 75}
          },
          {"start": {"line": 4, "column": 79}, "end": {"line": 4, "column": 81}}
        ]
      },
      "2": {
        "loc": {
          "start": {"line": 5, "column": 74},
          "end": {"line": 5, "column": 84}
        },
        "type": "binary-expr",
        "locations": [
          {
            "start": {"line": 5, "column": 74},
            "end": {"line": 5, "column": 78}
          },
          {"start": {"line": 5, "column": 82}, "end": {"line": 5, "column": 84}}
        ]
      }
    },
    "s": {"0": 3, "1": 0, "2": 0, "3": 0},
    "f": {"0": 0, "1": 0, "2": 0},
    "b": {"0": [0, 0], "1": [0, 0], "2": [0, 0]}
  },
  "C:\\Users\\gokha\\MatchTalk\\backend\\src\\lib\\prisma.ts": {
    "path": "C:\\Users\\gokha\\MatchTalk\\backend\\src\\lib\\prisma.ts",
    "statementMap": {
      "0": {
        "start": {"line": 1, "column": 0},
        "end": {"line": 1, "column": 44}
      },
      "1": {
        "start": {"line": 3, "column": 13},
        "end": {"line": 3, "column": 41}
      }
    },
    "fnMap": {},
    "branchMap": {},
    "s": {"0": 3, "1": 3},
    "f": {},
    "b": {}
  },
  "C:\\Users\\gokha\\MatchTalk\\backend\\src\\middleware\\auth.ts": {
    "path": "C:\\Users\\gokha\\MatchTalk\\backend\\src\\middleware\\auth.ts",
    "statementMap": {
      "0": {
        "start": {"line": 2, "column": 0},
        "end": {"line": 2, "column": 47}
      },
      "1": {
        "start": {"line": 3, "column": 0},
        "end": {"line": 3, "column": 36}
      },
      "2": {
        "start": {"line": 5, "column": 27},
        "end": {"line": 20, "column": 1}
      },
      "3": {
        "start": {"line": 6, "column": 17},
        "end": {"line": 6, "column": 42}
      },
      "4": {"start": {"line": 7, "column": 2}, "end": {"line": 9, "column": 3}},
      "5": {
        "start": {"line": 8, "column": 4},
        "end": {"line": 8, "column": 63}
      },
      "6": {
        "start": {"line": 11, "column": 16},
        "end": {"line": 11, "column": 46}
      },
      "7": {
        "start": {"line": 13, "column": 2},
        "end": {"line": 19, "column": 3}
      },
      "8": {
        "start": {"line": 14, "column": 20},
        "end": {"line": 14, "column": 44}
      },
      "9": {
        "start": {"line": 15, "column": 5},
        "end": {"line": 15, "column": 32}
      },
      "10": {
        "start": {"line": 16, "column": 4},
        "end": {"line": 16, "column": 18}
      },
      "11": {
        "start": {"line": 18, "column": 4},
        "end": {"line": 18, "column": 54}
      },
      "12": {
        "start": {"line": 5, "column": 13},
        "end": {"line": 5, "column": 27}
      }
    },
    "fnMap": {
      "0": {
        "name": "(anonymous_0)",
        "decl": {
          "start": {"line": 5, "column": 27},
          "end": {"line": 5, "column": 28}
        },
        "loc": {
          "start": {"line": 5, "column": 80},
          "end": {"line": 20, "column": 1}
        }
      }
    },
    "branchMap": {
      "0": {
        "loc": {
          "start": {"line": 7, "column": 2},
          "end": {"line": 9, "column": 3}
        },
        "type": "if",
        "locations": [
          {"start": {"line": 7, "column": 2}, "end": {"line": 9, "column": 3}}
        ]
      },
      "1": {
        "loc": {
          "start": {"line": 7, "column": 6},
          "end": {"line": 7, "column": 60}
        },
        "type": "binary-expr",
        "locations": [
          {"start": {"line": 7, "column": 6}, "end": {"line": 7, "column": 13}},
          {"start": {"line": 7, "column": 17}, "end": {"line": 7, "column": 60}}
        ]
      }
    },
    "s": {
      "0": 3,
      "1": 3,
      "2": 3,
      "3": 4,
      "4": 4,
      "5": 0,
      "6": 4,
      "7": 4,
      "8": 4,
      "9": 4,
      "10": 4,
      "11": 0,
      "12": 3
    },
    "f": {"0": 4},
    "b": {"0": [0], "1": [4, 4]}
  },
  "C:\\Users\\gokha\\MatchTalk\\backend\\src\\middleware\\error.ts": {
    "path": "C:\\Users\\gokha\\MatchTalk\\backend\\src\\middleware\\error.ts",
    "statementMap": {
      "0": {
        "start": {"line": 2, "column": 0},
        "end": {"line": 2, "column": 29}
      },
      "1": {
        "start": {"line": 3, "column": 0},
        "end": {"line": 3, "column": 33}
      },
      "2": {
        "start": {"line": 4, "column": 0},
        "end": {"line": 4, "column": 36}
      },
      "3": {
        "start": {"line": 6, "column": 28},
        "end": {"line": 26, "column": 1}
      },
      "4": {"start": {"line": 7, "column": 2}, "end": {"line": 9, "column": 3}},
      "5": {
        "start": {"line": 8, "column": 4},
        "end": {"line": 8, "column": 86}
      },
      "6": {
        "start": {"line": 11, "column": 2},
        "end": {"line": 13, "column": 3}
      },
      "7": {
        "start": {"line": 12, "column": 4},
        "end": {"line": 12, "column": 61}
      },
      "8": {
        "start": {"line": 15, "column": 17},
        "end": {"line": 15, "column": 111}
      },
      "9": {
        "start": {"line": 17, "column": 4},
        "end": {"line": 17, "column": 107}
      },
      "10": {
        "start": {"line": 19, "column": 2},
        "end": {"line": 23, "column": 3}
      },
      "11": {
        "start": {"line": 20, "column": 4},
        "end": {"line": 20, "column": 41}
      },
      "12": {
        "start": {"line": 22, "column": 4},
        "end": {"line": 22, "column": 48}
      },
      "13": {
        "start": {"line": 25, "column": 2},
        "end": {"line": 25, "column": 69}
      },
      "14": {
        "start": {"line": 6, "column": 13},
        "end": {"line": 6, "column": 28}
      }
    },
    "fnMap": {
      "0": {
        "name": "(anonymous_0)",
        "decl": {
          "start": {"line": 6, "column": 28},
          "end": {"line": 6, "column": 29}
        },
        "loc": {
          "start": {"line": 6, "column": 96},
          "end": {"line": 26, "column": 1}
        }
      }
    },
    "branchMap": {
      "0": {
        "loc": {
          "start": {"line": 7, "column": 2},
          "end": {"line": 9, "column": 3}
        },
        "type": "if",
        "locations": [
          {"start": {"line": 7, "column": 2}, "end": {"line": 9, "column": 3}}
        ]
      },
      "1": {
        "loc": {
          "start": {"line": 11, "column": 2},
          "end": {"line": 13, "column": 3}
        },
        "type": "if",
        "locations": [
          {"start": {"line": 11, "column": 2}, "end": {"line": 13, "column": 3}}
        ]
      },
      "2": {
        "loc": {
          "start": {"line": 15, "column": 17},
          "end": {"line": 15, "column": 111}
        },
        "type": "cond-expr",
        "locations": [
          {
            "start": {"line": 15, "column": 78},
            "end": {"line": 15, "column": 105}
          },
          {
            "start": {"line": 15, "column": 108},
            "end": {"line": 15, "column": 111}
          }
        ]
      },
      "3": {
        "loc": {
          "start": {"line": 15, "column": 17},
          "end": {"line": 15, "column": 75}
        },
        "type": "binary-expr",
        "locations": [
          {
            "start": {"line": 15, "column": 17},
            "end": {"line": 15, "column": 40}
          },
          {
            "start": {"line": 15, "column": 44},
            "end": {"line": 15, "column": 56}
          },
          {
            "start": {"line": 15, "column": 60},
            "end": {"line": 15, "column": 75}
          }
        ]
      },
      "4": {
        "loc": {
          "start": {"line": 17, "column": 4},
          "end": {"line": 17, "column": 107}
        },
        "type": "cond-expr",
        "locations": [
          {
            "start": {"line": 17, "column": 67},
            "end": {"line": 17, "column": 86}
          },
          {
            "start": {"line": 17, "column": 89},
            "end": {"line": 17, "column": 107}
          }
        ]
      },
      "5": {
        "loc": {
          "start": {"line": 17, "column": 4},
          "end": {"line": 17, "column": 63}
        },
        "type": "binary-expr",
        "locations": [
          {
            "start": {"line": 17, "column": 4},
            "end": {"line": 17, "column": 27}
          },
          {
            "start": {"line": 17, "column": 31},
            "end": {"line": 17, "column": 43}
          },
          {
            "start": {"line": 17, "column": 47},
            "end": {"line": 17, "column": 63}
          }
        ]
      },
      "6": {
        "loc": {
          "start": {"line": 19, "column": 2},
          "end": {"line": 23, "column": 3}
        },
        "type": "if",
        "locations": [
          {
            "start": {"line": 19, "column": 2},
            "end": {"line": 23, "column": 3}
          },
          {"start": {"line": 21, "column": 9}, "end": {"line": 23, "column": 3}}
        ]
      },
      "7": {
        "loc": {
          "start": {"line": 25, "column": 13},
          "end": {"line": 25, "column": 26}
        },
        "type": "binary-expr",
        "locations": [
          {
            "start": {"line": 25, "column": 13},
            "end": {"line": 25, "column": 19}
          },
          {
            "start": {"line": 25, "column": 23},
            "end": {"line": 25, "column": 26}
          }
        ]
      },
      "8": {
        "loc": {
          "start": {"line": 25, "column": 41},
          "end": {"line": 25, "column": 66}
        },
        "type": "binary-expr",
        "locations": [
          {
            "start": {"line": 25, "column": 41},
            "end": {"line": 25, "column": 48}
          },
          {
            "start": {"line": 25, "column": 52},
            "end": {"line": 25, "column": 66}
          }
        ]
      }
    },
    "s": {
      "0": 3,
      "1": 3,
      "2": 3,
      "3": 3,
      "4": 0,
      "5": 0,
      "6": 0,
      "7": 0,
      "8": 0,
      "9": 0,
      "10": 0,
      "11": 0,
      "12": 0,
      "13": 0,
      "14": 3
    },
    "f": {"0": 0},
    "b": {
      "0": [0],
      "1": [0],
      "2": [0, 0],
      "3": [0, 0, 0],
      "4": [0, 0],
      "5": [0, 0, 0],
      "6": [0, 0],
      "7": [0, 0],
      "8": [0, 0]
    }
  },
  "C:\\Users\\gokha\\MatchTalk\\backend\\src\\middleware\\rateLimit.ts": {
    "path": "C:\\Users\\gokha\\MatchTalk\\backend\\src\\middleware\\rateLimit.ts",
    "statementMap": {
      "0": {
        "start": {"line": 1, "column": 0},
        "end": {"line": 1, "column": 43}
      },
      "1": {"start": {"line": 3, "column": 13}, "end": {"line": 8, "column": 3}}
    },
    "fnMap": {},
    "branchMap": {},
    "s": {"0": 3, "1": 3},
    "f": {},
    "b": {}
  },
  "C:\\Users\\gokha\\MatchTalk\\backend\\src\\routes\\auth.ts": {
    "path": "C:\\Users\\gokha\\MatchTalk\\backend\\src\\routes\\auth.ts",
    "statementMap": {
      "0": {
        "start": {"line": 1, "column": 0},
        "end": {"line": 1, "column": 31}
      },
      "1": {
        "start": {"line": 2, "column": 0},
        "end": {"line": 2, "column": 37}
      },
      "2": {
        "start": {"line": 3, "column": 0},
        "end": {"line": 3, "column": 60}
      },
      "3": {
        "start": {"line": 4, "column": 0},
        "end": {"line": 4, "column": 63}
      },
      "4": {
        "start": {"line": 5, "column": 0},
        "end": {"line": 5, "column": 45}
      },
      "5": {
        "start": {"line": 6, "column": 0},
        "end": {"line": 6, "column": 36}
      },
      "6": {
        "start": {"line": 7, "column": 0},
        "end": {"line": 7, "column": 47}
      },
      "7": {
        "start": {"line": 9, "column": 15},
        "end": {"line": 9, "column": 23}
      },
      "8": {
        "start": {"line": 11, "column": 21},
        "end": {"line": 17, "column": 2}
      },
      "9": {
        "start": {"line": 11, "column": 108},
        "end": {"line": 17, "column": 2}
      },
      "10": {
        "start": {"line": 19, "column": 0},
        "end": {"line": 38, "column": 3}
      },
      "11": {
        "start": {"line": 20, "column": 2},
        "end": {"line": 37, "column": 3}
      },
      "12": {
        "start": {"line": 21, "column": 19},
        "end": {"line": 21, "column": 49}
      },
      "13": {
        "start": {"line": 23, "column": 21},
        "end": {"line": 23, "column": 81}
      },
      "14": {
        "start": {"line": 24, "column": 4},
        "end": {"line": 26, "column": 5}
      },
      "15": {
        "start": {"line": 25, "column": 6},
        "end": {"line": 25, "column": 53}
      },
      "16": {
        "start": {"line": 28, "column": 27},
        "end": {"line": 28, "column": 62}
      },
      "17": {
        "start": {"line": 29, "column": 17},
        "end": {"line": 31, "column": 6}
      },
      "18": {
        "start": {"line": 33, "column": 18},
        "end": {"line": 33, "column": 68}
      },
      "19": {
        "start": {"line": 34, "column": 4},
        "end": {"line": 34, "column": 60}
      },
      "20": {
        "start": {"line": 36, "column": 4},
        "end": {"line": 36, "column": 14}
      },
      "21": {
        "start": {"line": 40, "column": 0},
        "end": {"line": 58, "column": 3}
      },
      "22": {
        "start": {"line": 41, "column": 2},
        "end": {"line": 57, "column": 3}
      },
      "23": {
        "start": {"line": 42, "column": 19},
        "end": {"line": 42, "column": 46}
      },
      "24": {
        "start": {"line": 43, "column": 17},
        "end": {"line": 43, "column": 77}
      },
      "25": {
        "start": {"line": 44, "column": 4},
        "end": {"line": 46, "column": 5}
      },
      "26": {
        "start": {"line": 45, "column": 6},
        "end": {"line": 45, "column": 60}
      },
      "27": {
        "start": {"line": 48, "column": 15},
        "end": {"line": 48, "column": 73}
      },
      "28": {
        "start": {"line": 49, "column": 4},
        "end": {"line": 51, "column": 5}
      },
      "29": {
        "start": {"line": 50, "column": 6},
        "end": {"line": 50, "column": 60}
      },
      "30": {
        "start": {"line": 53, "column": 18},
        "end": {"line": 53, "column": 68}
      },
      "31": {
        "start": {"line": 54, "column": 4},
        "end": {"line": 54, "column": 48}
      },
      "32": {
        "start": {"line": 56, "column": 4},
        "end": {"line": 56, "column": 14}
      },
      "33": {
        "start": {"line": 60, "column": 0},
        "end": {"line": 74, "column": 3}
      },
      "34": {
        "start": {"line": 61, "column": 2},
        "end": {"line": 73, "column": 3}
      },
      "35": {
        "start": {"line": 62, "column": 20},
        "end": {"line": 62, "column": 51}
      },
      "36": {
        "start": {"line": 63, "column": 4},
        "end": {"line": 65, "column": 5}
      },
      "37": {
        "start": {"line": 64, "column": 6},
        "end": {"line": 64, "column": 43}
      },
      "38": {
        "start": {"line": 66, "column": 17},
        "end": {"line": 66, "column": 68}
      },
      "39": {
        "start": {"line": 67, "column": 4},
        "end": {"line": 69, "column": 5}
      },
      "40": {
        "start": {"line": 68, "column": 6},
        "end": {"line": 68, "column": 55}
      },
      "41": {
        "start": {"line": 70, "column": 4},
        "end": {"line": 70, "column": 41}
      },
      "42": {
        "start": {"line": 72, "column": 4},
        "end": {"line": 72, "column": 14}
      },
      "43": {
        "start": {"line": 76, "column": 13},
        "end": {"line": 76, "column": 33}
      }
    },
    "fnMap": {
      "0": {
        "name": "(anonymous_0)",
        "decl": {
          "start": {"line": 11, "column": 21},
          "end": {"line": 11, "column": 22}
        },
        "loc": {
          "start": {"line": 11, "column": 108},
          "end": {"line": 17, "column": 2}
        }
      },
      "1": {
        "name": "(anonymous_1)",
        "decl": {
          "start": {"line": 19, "column": 25},
          "end": {"line": 19, "column": 30}
        },
        "loc": {
          "start": {"line": 19, "column": 50},
          "end": {"line": 38, "column": 1}
        }
      },
      "2": {
        "name": "(anonymous_2)",
        "decl": {
          "start": {"line": 40, "column": 22},
          "end": {"line": 40, "column": 27}
        },
        "loc": {
          "start": {"line": 40, "column": 47},
          "end": {"line": 58, "column": 1}
        }
      },
      "3": {
        "name": "(anonymous_3)",
        "decl": {
          "start": {"line": 60, "column": 31},
          "end": {"line": 60, "column": 36}
        },
        "loc": {
          "start": {"line": 60, "column": 56},
          "end": {"line": 74, "column": 1}
        }
      }
    },
    "branchMap": {
      "0": {
        "loc": {
          "start": {"line": 24, "column": 4},
          "end": {"line": 26, "column": 5}
        },
        "type": "if",
        "locations": [
          {"start": {"line": 24, "column": 4}, "end": {"line": 26, "column": 5}}
        ]
      },
      "1": {
        "loc": {
          "start": {"line": 44, "column": 4},
          "end": {"line": 46, "column": 5}
        },
        "type": "if",
        "locations": [
          {"start": {"line": 44, "column": 4}, "end": {"line": 46, "column": 5}}
        ]
      },
      "2": {
        "loc": {
          "start": {"line": 49, "column": 4},
          "end": {"line": 51, "column": 5}
        },
        "type": "if",
        "locations": [
          {"start": {"line": 49, "column": 4}, "end": {"line": 51, "column": 5}}
        ]
      },
      "3": {
        "loc": {
          "start": {"line": 63, "column": 4},
          "end": {"line": 65, "column": 5}
        },
        "type": "if",
        "locations": [
          {"start": {"line": 63, "column": 4}, "end": {"line": 65, "column": 5}}
        ]
      },
      "4": {
        "loc": {
          "start": {"line": 67, "column": 4},
          "end": {"line": 69, "column": 5}
        },
        "type": "if",
        "locations": [
          {"start": {"line": 67, "column": 4}, "end": {"line": 69, "column": 5}}
        ]
      }
    },
    "s": {
      "0": 3,
      "1": 3,
      "2": 3,
      "3": 3,
      "4": 3,
      "5": 3,
      "6": 3,
      "7": 3,
      "8": 3,
      "9": 0,
      "10": 3,
      "11": 0,
      "12": 0,
      "13": 0,
      "14": 0,
      "15": 0,
      "16": 0,
      "17": 0,
      "18": 0,
      "19": 0,
      "20": 0,
      "21": 3,
      "22": 0,
      "23": 0,
      "24": 0,
      "25": 0,
      "26": 0,
      "27": 0,
      "28": 0,
      "29": 0,
      "30": 0,
      "31": 0,
      "32": 0,
      "33": 3,
      "34": 0,
      "35": 0,
      "36": 0,
      "37": 0,
      "38": 0,
      "39": 0,
      "40": 0,
      "41": 0,
      "42": 0,
      "43": 3
    },
    "f": {"0": 0, "1": 0, "2": 0, "3": 0},
    "b": {"0": [0], "1": [0], "2": [0], "3": [0], "4": [0]}
  },
  "C:\\Users\\gokha\\MatchTalk\\backend\\src\\routes\\friends.ts": {
    "path": "C:\\Users\\gokha\\MatchTalk\\backend\\src\\routes\\friends.ts",
    "statementMap": {
      "0": {
        "start": {"line": 1, "column": 0},
        "end": {"line": 1, "column": 31}
      },
      "1": {
        "start": {"line": 2, "column": 0},
        "end": {"line": 2, "column": 47}
      },
      "2": {
        "start": {"line": 3, "column": 0},
        "end": {"line": 3, "column": 37}
      },
      "3": {
        "start": {"line": 4, "column": 0},
        "end": {"line": 4, "column": 36}
      },
      "4": {
        "start": {"line": 6, "column": 15},
        "end": {"line": 6, "column": 23}
      },
      "5": {
        "start": {"line": 8, "column": 24},
        "end": {"line": 13, "column": 2}
      },
      "6": {
        "start": {"line": 8, "column": 37},
        "end": {"line": 13, "column": 2}
      },
      "7": {
        "start": {"line": 15, "column": 0},
        "end": {"line": 26, "column": 3}
      },
      "8": {
        "start": {"line": 16, "column": 2},
        "end": {"line": 25, "column": 3}
      },
      "9": {
        "start": {"line": 17, "column": 19},
        "end": {"line": 17, "column": 42}
      },
      "10": {
        "start": {"line": 18, "column": 24},
        "end": {"line": 21, "column": 6}
      },
      "11": {
        "start": {"line": 22, "column": 4},
        "end": {"line": 22, "column": 73}
      },
      "12": {
        "start": {"line": 22, "column": 44},
        "end": {"line": 22, "column": 69}
      },
      "13": {
        "start": {"line": 24, "column": 4},
        "end": {"line": 24, "column": 14}
      },
      "14": {
        "start": {"line": 28, "column": 0},
        "end": {"line": 46, "column": 3}
      },
      "15": {
        "start": {"line": 29, "column": 2},
        "end": {"line": 45, "column": 3}
      },
      "16": {
        "start": {"line": 30, "column": 19},
        "end": {"line": 30, "column": 42}
      },
      "17": {
        "start": {"line": 31, "column": 20},
        "end": {"line": 31, "column": 28}
      },
      "18": {
        "start": {"line": 32, "column": 4},
        "end": {"line": 32, "column": 58}
      },
      "19": {
        "start": {"line": 32, "column": 16},
        "end": {"line": 32, "column": 58}
      },
      "20": {
        "start": {"line": 34, "column": 20},
        "end": {"line": 34, "column": 66}
      },
      "21": {
        "start": {"line": 35, "column": 19},
        "end": {"line": 41, "column": 6}
      },
      "22": {
        "start": {"line": 42, "column": 4},
        "end": {"line": 42, "column": 71}
      },
      "23": {
        "start": {"line": 44, "column": 4},
        "end": {"line": 44, "column": 14}
      },
      "24": {
        "start": {"line": 48, "column": 0},
        "end": {"line": 79, "column": 3}
      },
      "25": {
        "start": {"line": 49, "column": 2},
        "end": {"line": 78, "column": 3}
      },
      "26": {
        "start": {"line": 50, "column": 19},
        "end": {"line": 50, "column": 42}
      },
      "27": {
        "start": {"line": 51, "column": 23},
        "end": {"line": 51, "column": 31}
      },
      "28": {
        "start": {"line": 52, "column": 4},
        "end": {"line": 52, "column": 64}
      },
      "29": {
        "start": {"line": 52, "column": 19},
        "end": {"line": 52, "column": 64}
      },
      "30": {
        "start": {"line": 54, "column": 19},
        "end": {"line": 54, "column": 74}
      },
      "31": {
        "start": {"line": 55, "column": 4},
        "end": {"line": 55, "column": 62}
      },
      "32": {
        "start": {"line": 55, "column": 17},
        "end": {"line": 55, "column": 62}
      },
      "33": {
        "start": {"line": 56, "column": 4},
        "end": {"line": 56, "column": 89}
      },
      "34": {
        "start": {"line": 56, "column": 37},
        "end": {"line": 56, "column": 89}
      },
      "35": {
        "start": {"line": 57, "column": 4},
        "end": {"line": 59, "column": 5}
      },
      "36": {
        "start": {"line": 58, "column": 6},
        "end": {"line": 58, "column": 62}
      },
      "37": {
        "start": {"line": 61, "column": 4},
        "end": {"line": 61, "column": 128}
      },
      "38": {
        "start": {"line": 64, "column": 4},
        "end": {"line": 68, "column": 7}
      },
      "39": {
        "start": {"line": 69, "column": 4},
        "end": {"line": 73, "column": 7}
      },
      "40": {
        "start": {"line": 75, "column": 4},
        "end": {"line": 75, "column": 35}
      },
      "41": {
        "start": {"line": 77, "column": 4},
        "end": {"line": 77, "column": 14}
      },
      "42": {
        "start": {"line": 81, "column": 13},
        "end": {"line": 81, "column": 36}
      }
    },
    "fnMap": {
      "0": {
        "name": "(anonymous_0)",
        "decl": {
          "start": {"line": 8, "column": 24},
          "end": {"line": 8, "column": 25}
        },
        "loc": {
          "start": {"line": 8, "column": 37},
          "end": {"line": 13, "column": 2}
        }
      },
      "1": {
        "name": "(anonymous_1)",
        "decl": {
          "start": {"line": 15, "column": 29},
          "end": {"line": 15, "column": 34}
        },
        "loc": {
          "start": {"line": 15, "column": 54},
          "end": {"line": 26, "column": 1}
        }
      },
      "2": {
        "name": "(anonymous_2)",
        "decl": {
          "start": {"line": 22, "column": 39},
          "end": {"line": 22, "column": 40}
        },
        "loc": {
          "start": {"line": 22, "column": 44},
          "end": {"line": 22, "column": 69}
        }
      },
      "3": {
        "name": "(anonymous_3)",
        "decl": {
          "start": {"line": 28, "column": 37},
          "end": {"line": 28, "column": 42}
        },
        "loc": {
          "start": {"line": 28, "column": 62},
          "end": {"line": 46, "column": 1}
        }
      },
      "4": {
        "name": "(anonymous_4)",
        "decl": {
          "start": {"line": 48, "column": 36},
          "end": {"line": 48, "column": 41}
        },
        "loc": {
          "start": {"line": 48, "column": 61},
          "end": {"line": 79, "column": 1}
        }
      }
    },
    "branchMap": {
      "0": {
        "loc": {
          "start": {"line": 32, "column": 4},
          "end": {"line": 32, "column": 58}
        },
        "type": "if",
        "locations": [
          {
            "start": {"line": 32, "column": 4},
            "end": {"line": 32, "column": 58}
          }
        ]
      },
      "1": {
        "loc": {
          "start": {"line": 52, "column": 4},
          "end": {"line": 52, "column": 64}
        },
        "type": "if",
        "locations": [
          {
            "start": {"line": 52, "column": 4},
            "end": {"line": 52, "column": 64}
          }
        ]
      },
      "2": {
        "loc": {
          "start": {"line": 55, "column": 4},
          "end": {"line": 55, "column": 62}
        },
        "type": "if",
        "locations": [
          {
            "start": {"line": 55, "column": 4},
            "end": {"line": 55, "column": 62}
          }
        ]
      },
      "3": {
        "loc": {
          "start": {"line": 56, "column": 4},
          "end": {"line": 56, "column": 89}
        },
        "type": "if",
        "locations": [
          {
            "start": {"line": 56, "column": 4},
            "end": {"line": 56, "column": 89}
          }
        ]
      },
      "4": {
        "loc": {
          "start": {"line": 57, "column": 4},
          "end": {"line": 59, "column": 5}
        },
        "type": "if",
        "locations": [
          {"start": {"line": 57, "column": 4}, "end": {"line": 59, "column": 5}}
        ]
      },
      "5": {
        "loc": {
          "start": {"line": 57, "column": 47},
          "end": {"line": 57, "column": 83}
        },
        "type": "binary-expr",
        "locations": [
          {
            "start": {"line": 57, "column": 47},
            "end": {"line": 57, "column": 77}
          },
          {
            "start": {"line": 57, "column": 81},
            "end": {"line": 57, "column": 83}
          }
        ]
      }
    },
    "s": {
      "0": 3,
      "1": 3,
      "2": 3,
      "3": 3,
      "4": 3,
      "5": 3,
      "6": 0,
      "7": 3,
      "8": 0,
      "9": 0,
      "10": 0,
      "11": 0,
      "12": 0,
      "13": 0,
      "14": 3,
      "15": 1,
      "16": 1,
      "17": 1,
      "18": 1,
      "19": 0,
      "20": 1,
      "21": 1,
      "22": 1,
      "23": 0,
      "24": 3,
      "25": 1,
      "26": 1,
      "27": 1,
      "28": 1,
      "29": 0,
      "30": 1,
      "31": 1,
      "32": 0,
      "33": 1,
      "34": 0,
      "35": 1,
      "36": 0,
      "37": 1,
      "38": 1,
      "39": 1,
      "40": 1,
      "41": 0,
      "42": 3
    },
    "f": {"0": 0, "1": 0, "2": 0, "3": 1, "4": 1},
    "b": {"0": [0], "1": [0], "2": [0], "3": [0], "4": [0], "5": [1, 0]}
  },
  "C:\\Users\\gokha\\MatchTalk\\backend\\src\\routes\\health.ts": {
    "path": "C:\\Users\\gokha\\MatchTalk\\backend\\src\\routes\\health.ts",
    "statementMap": {
      "0": {
        "start": {"line": 1, "column": 0},
        "end": {"line": 1, "column": 31}
      },
      "1": {
        "start": {"line": 3, "column": 15},
        "end": {"line": 3, "column": 23}
      },
      "2": {"start": {"line": 5, "column": 0}, "end": {"line": 7, "column": 3}},
      "3": {
        "start": {"line": 6, "column": 2},
        "end": {"line": 6, "column": 27}
      },
      "4": {
        "start": {"line": 9, "column": 13},
        "end": {"line": 9, "column": 35}
      }
    },
    "fnMap": {
      "0": {
        "name": "(anonymous_0)",
        "decl": {
          "start": {"line": 5, "column": 16},
          "end": {"line": 5, "column": 17}
        },
        "loc": {
          "start": {"line": 5, "column": 30},
          "end": {"line": 7, "column": 1}
        }
      }
    },
    "branchMap": {},
    "s": {"0": 3, "1": 3, "2": 3, "3": 1, "4": 3},
    "f": {"0": 1},
    "b": {}
  },
  "C:\\Users\\gokha\\MatchTalk\\backend\\src\\routes\\rooms.ts": {
    "path": "C:\\Users\\gokha\\MatchTalk\\backend\\src\\routes\\rooms.ts",
    "statementMap": {
      "0": {
        "start": {"line": 1, "column": 0},
        "end": {"line": 1, "column": 31}
      },
      "1": {
        "start": {"line": 2, "column": 0},
        "end": {"line": 2, "column": 37}
      },
      "2": {
        "start": {"line": 3, "column": 0},
        "end": {"line": 3, "column": 47}
      },
      "3": {
        "start": {"line": 4, "column": 0},
        "end": {"line": 4, "column": 36}
      },
      "4": {
        "start": {"line": 5, "column": 0},
        "end": {"line": 5, "column": 81}
      },
      "5": {
        "start": {"line": 7, "column": 15},
        "end": {"line": 7, "column": 23}
      },
      "6": {
        "start": {"line": 29, "column": 22},
        "end": {"line": 56, "column": 1}
      },
      "7": {
        "start": {"line": 30, "column": 23},
        "end": {"line": 35, "column": 5}
      },
      "8": {
        "start": {"line": 30, "column": 58},
        "end": {"line": 35, "column": 4}
      },
      "9": {
        "start": {"line": 36, "column": 16},
        "end": {"line": 36, "column": 40}
      },
      "10": {
        "start": {"line": 37, "column": 20},
        "end": {"line": 37, "column": 79}
      },
      "11": {
        "start": {"line": 37, "column": 52},
        "end": {"line": 37, "column": 71}
      },
      "12": {
        "start": {"line": 38, "column": 22},
        "end": {"line": 38, "column": 39}
      },
      "13": {
        "start": {"line": 39, "column": 22},
        "end": {"line": 39, "column": 59}
      },
      "14": {
        "start": {"line": 40, "column": 24},
        "end": {"line": 40, "column": 41}
      },
      "15": {
        "start": {"line": 42, "column": 2},
        "end": {"line": 55, "column": 4}
      },
      "16": {
        "start": {"line": 58, "column": 0},
        "end": {"line": 68, "column": 3}
      },
      "17": {
        "start": {"line": 59, "column": 2},
        "end": {"line": 67, "column": 3}
      },
      "18": {
        "start": {"line": 60, "column": 18},
        "end": {"line": 63, "column": 6}
      },
      "19": {
        "start": {"line": 64, "column": 4},
        "end": {"line": 64, "column": 48}
      },
      "20": {
        "start": {"line": 66, "column": 4},
        "end": {"line": 66, "column": 14}
      },
      "21": {
        "start": {"line": 70, "column": 0},
        "end": {"line": 82, "column": 3}
      },
      "22": {
        "start": {"line": 71, "column": 2},
        "end": {"line": 81, "column": 3}
      },
      "23": {
        "start": {"line": 72, "column": 69},
        "end": {"line": 72, "column": 77}
      },
      "24": {
        "start": {"line": 73, "column": 4},
        "end": {"line": 73, "column": 81}
      },
      "25": {
        "start": {"line": 73, "column": 28},
        "end": {"line": 73, "column": 81}
      },
      "26": {
        "start": {"line": 74, "column": 17},
        "end": {"line": 76, "column": 6}
      },
      "27": {
        "start": {"line": 77, "column": 4},
        "end": {"line": 77, "column": 39}
      },
      "28": {
        "start": {"line": 78, "column": 4},
        "end": {"line": 78, "column": 77}
      },
      "29": {
        "start": {"line": 80, "column": 4},
        "end": {"line": 80, "column": 14}
      },
      "30": {
        "start": {"line": 84, "column": 0},
        "end": {"line": 123, "column": 3}
      },
      "31": {
        "start": {"line": 85, "column": 2},
        "end": {"line": 122, "column": 3}
      },
      "32": {
        "start": {"line": 86, "column": 19},
        "end": {"line": 86, "column": 42}
      },
      "33": {
        "start": {"line": 87, "column": 19},
        "end": {"line": 87, "column": 32}
      },
      "34": {
        "start": {"line": 88, "column": 17},
        "end": {"line": 91, "column": 6}
      },
      "35": {
        "start": {"line": 92, "column": 4},
        "end": {"line": 92, "column": 58}
      },
      "36": {
        "start": {"line": 92, "column": 15},
        "end": {"line": 92, "column": 58}
      },
      "37": {
        "start": {"line": 94, "column": 19},
        "end": {"line": 94, "column": 67}
      },
      "38": {
        "start": {"line": 94, "column": 47},
        "end": {"line": 94, "column": 66}
      },
      "39": {
        "start": {"line": 95, "column": 4},
        "end": {"line": 97, "column": 5}
      },
      "40": {
        "start": {"line": 96, "column": 6},
        "end": {"line": 96, "column": 51}
      },
      "41": {
        "start": {"line": 99, "column": 17},
        "end": {"line": 99, "column": 68}
      },
      "42": {
        "start": {"line": 100, "column": 4},
        "end": {"line": 100, "column": 64}
      },
      "43": {
        "start": {"line": 100, "column": 15},
        "end": {"line": 100, "column": 64}
      },
      "44": {
        "start": {"line": 102, "column": 18},
        "end": {"line": 102, "column": 42}
      },
      "45": {
        "start": {"line": 103, "column": 4},
        "end": {"line": 103, "column": 76}
      },
      "46": {
        "start": {"line": 103, "column": 39},
        "end": {"line": 103, "column": 76}
      },
      "47": {
        "start": {"line": 105, "column": 22},
        "end": {"line": 105, "column": 119}
      },
      "48": {
        "start": {"line": 105, "column": 52},
        "end": {"line": 105, "column": 76}
      },
      "49": {
        "start": {"line": 106, "column": 24},
        "end": {"line": 106, "column": 125}
      },
      "50": {
        "start": {"line": 106, "column": 54},
        "end": {"line": 106, "column": 80}
      },
      "51": {
        "start": {"line": 107, "column": 22},
        "end": {"line": 107, "column": 31}
      },
      "52": {
        "start": {"line": 108, "column": 24},
        "end": {"line": 108, "column": 53}
      },
      "53": {
        "start": {"line": 109, "column": 26},
        "end": {"line": 109, "column": 57}
      },
      "54": {
        "start": {"line": 110, "column": 4},
        "end": {"line": 112, "column": 5}
      },
      "55": {
        "start": {"line": 111, "column": 6},
        "end": {"line": 111, "column": 62}
      },
      "56": {
        "start": {"line": 114, "column": 4},
        "end": {"line": 114, "column": 66}
      },
      "57": {
        "start": {"line": 115, "column": 20},
        "end": {"line": 118, "column": 6}
      },
      "58": {
        "start": {"line": 119, "column": 4},
        "end": {"line": 119, "column": 46}
      },
      "59": {
        "start": {"line": 121, "column": 4},
        "end": {"line": 121, "column": 14}
      },
      "60": {
        "start": {"line": 125, "column": 0},
        "end": {"line": 138, "column": 3}
      },
      "61": {
        "start": {"line": 126, "column": 2},
        "end": {"line": 137, "column": 3}
      },
      "62": {
        "start": {"line": 127, "column": 19},
        "end": {"line": 127, "column": 42}
      },
      "63": {
        "start": {"line": 128, "column": 19},
        "end": {"line": 128, "column": 32}
      },
      "64": {
        "start": {"line": 129, "column": 4},
        "end": {"line": 129, "column": 71}
      },
      "65": {
        "start": {"line": 130, "column": 20},
        "end": {"line": 133, "column": 6}
      },
      "66": {
        "start": {"line": 134, "column": 4},
        "end": {"line": 134, "column": 62}
      },
      "67": {
        "start": {"line": 136, "column": 4},
        "end": {"line": 136, "column": 14}
      },
      "68": {
        "start": {"line": 140, "column": 0},
        "end": {"line": 175, "column": 3}
      },
      "69": {
        "start": {"line": 141, "column": 2},
        "end": {"line": 174, "column": 3}
      },
      "70": {
        "start": {"line": 142, "column": 19},
        "end": {"line": 142, "column": 32}
      },
      "71": {
        "start": {"line": 143, "column": 19},
        "end": {"line": 143, "column": 27}
      },
      "72": {
        "start": {"line": 144, "column": 4},
        "end": {"line": 144, "column": 88}
      },
      "73": {
        "start": {"line": 144, "column": 41},
        "end": {"line": 144, "column": 88}
      },
      "74": {
        "start": {"line": 146, "column": 17},
        "end": {"line": 153, "column": 6}
      },
      "75": {
        "start": {"line": 155, "column": 21},
        "end": {"line": 155, "column": 61}
      },
      "76": {
        "start": {"line": 156, "column": 4},
        "end": {"line": 164, "column": 5}
      },
      "77": {
        "start": {"line": 157, "column": 26},
        "end": {"line": 161, "column": 8}
      },
      "78": {
        "start": {"line": 162, "column": 6},
        "end": {"line": 162, "column": 31}
      },
      "79": {
        "start": {"line": 163, "column": 6},
        "end": {"line": 163, "column": 74}
      },
      "80": {
        "start": {"line": 166, "column": 22},
        "end": {"line": 169, "column": 6}
      },
      "81": {
        "start": {"line": 171, "column": 4},
        "end": {"line": 171, "column": 58}
      },
      "82": {
        "start": {"line": 173, "column": 4},
        "end": {"line": 173, "column": 14}
      },
      "83": {
        "start": {"line": 177, "column": 0},
        "end": {"line": 191, "column": 3}
      },
      "84": {
        "start": {"line": 178, "column": 2},
        "end": {"line": 190, "column": 3}
      },
      "85": {
        "start": {"line": 179, "column": 19},
        "end": {"line": 179, "column": 32}
      },
      "86": {
        "start": {"line": 180, "column": 28},
        "end": {"line": 180, "column": 36}
      },
      "87": {
        "start": {"line": 181, "column": 17},
        "end": {"line": 185, "column": 6}
      },
      "88": {
        "start": {"line": 186, "column": 2},
        "end": {"line": 186, "column": 44}
      },
      "89": {
        "start": {"line": 187, "column": 4},
        "end": {"line": 187, "column": 42}
      },
      "90": {
        "start": {"line": 189, "column": 4},
        "end": {"line": 189, "column": 14}
      },
      "91": {
        "start": {"line": 193, "column": 13},
        "end": {"line": 193, "column": 34}
      }
    },
    "fnMap": {
      "0": {
        "name": "(anonymous_0)",
        "decl": {
          "start": {"line": 29, "column": 22},
          "end": {"line": 29, "column": 23}
        },
        "loc": {
          "start": {"line": 29, "column": 49},
          "end": {"line": 56, "column": 1}
        }
      },
      "1": {
        "name": "(anonymous_1)",
        "decl": {
          "start": {"line": 30, "column": 45},
          "end": {"line": 30, "column": 46}
        },
        "loc": {
          "start": {"line": 30, "column": 58},
          "end": {"line": 35, "column": 4}
        }
      },
      "2": {
        "name": "(anonymous_2)",
        "decl": {
          "start": {"line": 37, "column": 40},
          "end": {"line": 37, "column": 41}
        },
        "loc": {
          "start": {"line": 37, "column": 52},
          "end": {"line": 37, "column": 71}
        }
      },
      "3": {
        "name": "(anonymous_3)",
        "decl": {
          "start": {"line": 58, "column": 29},
          "end": {"line": 58, "column": 34}
        },
        "loc": {
          "start": {"line": 58, "column": 55},
          "end": {"line": 68, "column": 1}
        }
      },
      "4": {
        "name": "(anonymous_4)",
        "decl": {
          "start": {"line": 70, "column": 30},
          "end": {"line": 70, "column": 35}
        },
        "loc": {
          "start": {"line": 70, "column": 55},
          "end": {"line": 82, "column": 1}
        }
      },
      "5": {
        "name": "(anonymous_5)",
        "decl": {
          "start": {"line": 84, "column": 38},
          "end": {"line": 84, "column": 43}
        },
        "loc": {
          "start": {"line": 84, "column": 63},
          "end": {"line": 123, "column": 1}
        }
      },
      "6": {
        "name": "(anonymous_6)",
        "decl": {
          "start": {"line": 94, "column": 42},
          "end": {"line": 94, "column": 43}
        },
        "loc": {
          "start": {"line": 94, "column": 47},
          "end": {"line": 94, "column": 66}
        }
      },
      "7": {
        "name": "(anonymous_7)",
        "decl": {
          "start": {"line": 105, "column": 47},
          "end": {"line": 105, "column": 48}
        },
        "loc": {
          "start": {"line": 105, "column": 52},
          "end": {"line": 105, "column": 76}
        }
      },
      "8": {
        "name": "(anonymous_8)",
        "decl": {
          "start": {"line": 106, "column": 49},
          "end": {"line": 106, "column": 50}
        },
        "loc": {
          "start": {"line": 106, "column": 54},
          "end": {"line": 106, "column": 80}
        }
      },
      "9": {
        "name": "(anonymous_9)",
        "decl": {
          "start": {"line": 125, "column": 39},
          "end": {"line": 125, "column": 44}
        },
        "loc": {
          "start": {"line": 125, "column": 64},
          "end": {"line": 138, "column": 1}
        }
      },
      "10": {
        "name": "(anonymous_10)",
        "decl": {
          "start": {"line": 140, "column": 45},
          "end": {"line": 140, "column": 50}
        },
        "loc": {
          "start": {"line": 140, "column": 70},
          "end": {"line": 175, "column": 1}
        }
      },
      "11": {
        "name": "(anonymous_11)",
        "decl": {
          "start": {"line": 177, "column": 40},
          "end": {"line": 177, "column": 45}
        },
        "loc": {
          "start": {"line": 177, "column": 65},
          "end": {"line": 191, "column": 1}
        }
      }
    },
    "branchMap": {
      "0": {
        "loc": {
          "start": {"line": 36, "column": 16},
          "end": {"line": 36, "column": 40}
        },
        "type": "binary-expr",
        "locations": [
          {
            "start": {"line": 36, "column": 16},
            "end": {"line": 36, "column": 35}
          },
          {
            "start": {"line": 36, "column": 39},
            "end": {"line": 36, "column": 40}
          }
        ]
      },
      "1": {
        "loc": {
          "start": {"line": 72, "column": 27},
          "end": {"line": 72, "column": 46}
        },
        "type": "default-arg",
        "locations": [
          {
            "start": {"line": 72, "column": 45},
            "end": {"line": 72, "column": 46}
          }
        ]
      },
      "2": {
        "loc": {
          "start": {"line": 72, "column": 48},
          "end": {"line": 72, "column": 65}
        },
        "type": "default-arg",
        "locations": [
          {
            "start": {"line": 72, "column": 62},
            "end": {"line": 72, "column": 65}
          }
        ]
      },
      "3": {
        "loc": {
          "start": {"line": 73, "column": 4},
          "end": {"line": 73, "column": 81}
        },
        "type": "if",
        "locations": [
          {
            "start": {"line": 73, "column": 4},
            "end": {"line": 73, "column": 81}
          }
        ]
      },
      "4": {
        "loc": {
          "start": {"line": 73, "column": 8},
          "end": {"line": 73, "column": 26}
        },
        "type": "binary-expr",
        "locations": [
          {
            "start": {"line": 73, "column": 8},
            "end": {"line": 73, "column": 13}
          },
          {
            "start": {"line": 73, "column": 17},
            "end": {"line": 73, "column": 26}
          }
        ]
      },
      "5": {
        "loc": {
          "start": {"line": 92, "column": 4},
          "end": {"line": 92, "column": 58}
        },
        "type": "if",
        "locations": [
          {
            "start": {"line": 92, "column": 4},
            "end": {"line": 92, "column": 58}
          }
        ]
      },
      "6": {
        "loc": {
          "start": {"line": 95, "column": 4},
          "end": {"line": 97, "column": 5}
        },
        "type": "if",
        "locations": [
          {"start": {"line": 95, "column": 4}, "end": {"line": 97, "column": 5}}
        ]
      },
      "7": {
        "loc": {
          "start": {"line": 100, "column": 4},
          "end": {"line": 100, "column": 64}
        },
        "type": "if",
        "locations": [
          {
            "start": {"line": 100, "column": 4},
            "end": {"line": 100, "column": 64}
          }
        ]
      },
      "8": {
        "loc": {
          "start": {"line": 103, "column": 4},
          "end": {"line": 103, "column": 76}
        },
        "type": "if",
        "locations": [
          {
            "start": {"line": 103, "column": 4},
            "end": {"line": 103, "column": 76}
          }
        ]
      },
      "9": {
        "loc": {
          "start": {"line": 105, "column": 88},
          "end": {"line": 105, "column": 118}
        },
        "type": "cond-expr",
        "locations": [
          {
            "start": {"line": 105, "column": 113},
            "end": {"line": 105, "column": 114}
          },
          {
            "start": {"line": 105, "column": 117},
            "end": {"line": 105, "column": 118}
          }
        ]
      },
      "10": {
        "loc": {
          "start": {"line": 106, "column": 92},
          "end": {"line": 106, "column": 124}
        },
        "type": "cond-expr",
        "locations": [
          {
            "start": {"line": 106, "column": 119},
            "end": {"line": 106, "column": 120}
          },
          {
            "start": {"line": 106, "column": 123},
            "end": {"line": 106, "column": 124}
          }
        ]
      },
      "11": {
        "loc": {
          "start": {"line": 110, "column": 4},
          "end": {"line": 112, "column": 5}
        },
        "type": "if",
        "locations": [
          {
            "start": {"line": 110, "column": 4},
            "end": {"line": 112, "column": 5}
          }
        ]
      },
      "12": {
        "loc": {
          "start": {"line": 110, "column": 8},
          "end": {"line": 110, "column": 46}
        },
        "type": "binary-expr",
        "locations": [
          {
            "start": {"line": 110, "column": 8},
            "end": {"line": 110, "column": 24}
          },
          {
            "start": {"line": 110, "column": 28},
            "end": {"line": 110, "column": 46}
          }
        ]
      },
      "13": {
        "loc": {
          "start": {"line": 134, "column": 20},
          "end": {"line": 134, "column": 59}
        },
        "type": "cond-expr",
        "locations": [
          {
            "start": {"line": 134, "column": 30},
            "end": {"line": 134, "column": 52}
          },
          {
            "start": {"line": 134, "column": 55},
            "end": {"line": 134, "column": 59}
          }
        ]
      },
      "14": {
        "loc": {
          "start": {"line": 144, "column": 4},
          "end": {"line": 144, "column": 88}
        },
        "type": "if",
        "locations": [
          {
            "start": {"line": 144, "column": 4},
            "end": {"line": 144, "column": 88}
          }
        ]
      },
      "15": {
        "loc": {
          "start": {"line": 144, "column": 8},
          "end": {"line": 144, "column": 39}
        },
        "type": "binary-expr",
        "locations": [
          {
            "start": {"line": 144, "column": 8},
            "end": {"line": 144, "column": 22}
          },
          {
            "start": {"line": 144, "column": 26},
            "end": {"line": 144, "column": 39}
          }
        ]
      },
      "16": {
        "loc": {
          "start": {"line": 149, "column": 34},
          "end": {"line": 149, "column": 56}
        },
        "type": "cond-expr",
        "locations": [
          {
            "start": {"line": 149, "column": 51},
            "end": {"line": 149, "column": 52}
          },
          {
            "start": {"line": 149, "column": 55},
            "end": {"line": 149, "column": 56}
          }
        ]
      },
      "17": {
        "loc": {
          "start": {"line": 150, "column": 33},
          "end": {"line": 150, "column": 54}
        },
        "type": "cond-expr",
        "locations": [
          {
            "start": {"line": 150, "column": 49},
            "end": {"line": 150, "column": 50}
          },
          {
            "start": {"line": 150, "column": 53},
            "end": {"line": 150, "column": 54}
          }
        ]
      },
      "18": {
        "loc": {
          "start": {"line": 156, "column": 4},
          "end": {"line": 164, "column": 5}
        },
        "type": "if",
        "locations": [
          {
            "start": {"line": 156, "column": 4},
            "end": {"line": 164, "column": 5}
          }
        ]
      },
      "19": {
        "loc": {
          "start": {"line": 156, "column": 8},
          "end": {"line": 156, "column": 34}
        },
        "type": "binary-expr",
        "locations": [
          {
            "start": {"line": 156, "column": 8},
            "end": {"line": 156, "column": 16}
          },
          {
            "start": {"line": 156, "column": 20},
            "end": {"line": 156, "column": 34}
          }
        ]
      },
      "20": {
        "loc": {
          "start": {"line": 180, "column": 11},
          "end": {"line": 180, "column": 24}
        },
        "type": "default-arg",
        "locations": [
          {
            "start": {"line": 180, "column": 21},
            "end": {"line": 180, "column": 24}
          }
        ]
      },
      "21": {
        "loc": {
          "start": {"line": 183, "column": 38},
          "end": {"line": 183, "column": 58}
        },
        "type": "binary-expr",
        "locations": [
          {
            "start": {"line": 183, "column": 38},
            "end": {"line": 183, "column": 53}
          },
          {
            "start": {"line": 183, "column": 57},
            "end": {"line": 183, "column": 58}
          }
        ]
      },
      "22": {
        "loc": {
          "start": {"line": 186, "column": 22},
          "end": {"line": 186, "column": 42}
        },
        "type": "binary-expr",
        "locations": [
          {
            "start": {"line": 186, "column": 22},
            "end": {"line": 186, "column": 37}
          },
          {
            "start": {"line": 186, "column": 41},
            "end": {"line": 186, "column": 42}
          }
        ]
      }
    },
    "s": {
      "0": 3,
      "1": 3,
      "2": 3,
      "3": 3,
      "4": 3,
      "5": 3,
      "6": 3,
      "7": 2,
      "8": 3,
      "9": 2,
      "10": 2,
      "11": 3,
      "12": 2,
      "13": 2,
      "14": 2,
      "15": 2,
      "16": 3,
      "17": 1,
      "18": 1,
      "19": 1,
      "20": 0,
      "21": 3,
      "22": 0,
      "23": 0,
      "24": 0,
      "25": 0,
      "26": 0,
      "27": 0,
      "28": 0,
      "29": 0,
      "30": 3,
      "31": 1,
      "32": 1,
      "33": 1,
      "34": 1,
      "35": 1,
      "36": 0,
      "37": 1,
      "38": 1,
      "39": 1,
      "40": 0,
      "41": 1,
      "42": 1,
      "43": 0,
      "44": 1,
      "45": 1,
      "46": 0,
      "47": 1,
      "48": 1,
      "49": 1,
      "50": 1,
      "51": 1,
      "52": 1,
      "53": 1,
      "54": 1,
      "55": 0,
      "56": 1,
      "57": 1,
      "58": 1,
      "59": 0,
      "60": 3,
      "61": 0,
      "62": 0,
      "63": 0,
      "64": 0,
      "65": 0,
      "66": 0,
      "67": 0,
      "68": 3,
      "69": 0,
      "70": 0,
      "71": 0,
      "72": 0,
      "73": 0,
      "74": 0,
      "75": 0,
      "76": 0,
      "77": 0,
      "78": 0,
      "79": 0,
      "80": 0,
      "81": 0,
      "82": 0,
      "83": 3,
      "84": 0,
      "85": 0,
      "86": 0,
      "87": 0,
      "88": 0,
      "89": 0,
      "90": 0,
      "91": 3
    },
    "f": {
      "0": 2,
      "1": 3,
      "2": 3,
      "3": 1,
      "4": 0,
      "5": 1,
      "6": 1,
      "7": 1,
      "8": 1,
      "9": 0,
      "10": 0,
      "11": 0
    },
    "b": {
      "0": [2, 0],
      "1": [0],
      "2": [0],
      "3": [0],
      "4": [0, 0],
      "5": [0],
      "6": [0],
      "7": [0],
      "8": [0],
      "9": [1, 0],
      "10": [0, 1],
      "11": [0],
      "12": [1, 1],
      "13": [0, 0],
      "14": [0],
      "15": [0, 0],
      "16": [0, 0],
      "17": [0, 0],
      "18": [0],
      "19": [0, 0],
      "20": [0],
      "21": [0, 0],
      "22": [0, 0]
    }
  },
  "C:\\Users\\gokha\\MatchTalk\\backend\\src\\schemas\\auth.ts": {
    "path": "C:\\Users\\gokha\\MatchTalk\\backend\\src\\schemas\\auth.ts",
    "statementMap": {
      "0": {
        "start": {"line": 1, "column": 0},
        "end": {"line": 1, "column": 22}
      },
      "1": {
        "start": {"line": 3, "column": 13},
        "end": {"line": 8, "column": 3}
      },
      "2": {
        "start": {"line": 10, "column": 13},
        "end": {"line": 13, "column": 3}
      }
    },
    "fnMap": {},
    "branchMap": {},
    "s": {"0": 3, "1": 3, "2": 3},
    "f": {},
    "b": {}
  },
  "C:\\Users\\gokha\\MatchTalk\\backend\\src\\services\\roomTimer.ts": {
    "path": "C:\\Users\\gokha\\MatchTalk\\backend\\src\\services\\roomTimer.ts",
    "statementMap": {
      "0": {
        "start": {"line": 2, "column": 20},
        "end": {"line": 2, "column": 45}
      },
      "1": {
        "start": {"line": 4, "column": 28},
        "end": {"line": 6, "column": 1}
      },
      "2": {
        "start": {"line": 5, "column": 2},
        "end": {"line": 5, "column": 35}
      },
      "3": {
        "start": {"line": 4, "column": 13},
        "end": {"line": 4, "column": 28}
      },
      "4": {
        "start": {"line": 8, "column": 27},
        "end": {"line": 11, "column": 1}
      },
      "5": {
        "start": {"line": 9, "column": 18},
        "end": {"line": 9, "column": 46}
      },
      "6": {
        "start": {"line": 10, "column": 2},
        "end": {"line": 10, "column": 45}
      },
      "7": {
        "start": {"line": 8, "column": 13},
        "end": {"line": 8, "column": 27}
      },
      "8": {
        "start": {"line": 13, "column": 31},
        "end": {"line": 15, "column": 1}
      },
      "9": {
        "start": {"line": 14, "column": 2},
        "end": {"line": 14, "column": 45}
      },
      "10": {
        "start": {"line": 13, "column": 13},
        "end": {"line": 13, "column": 31}
      }
    },
    "fnMap": {
      "0": {
        "name": "(anonymous_0)",
        "decl": {
          "start": {"line": 4, "column": 28},
          "end": {"line": 4, "column": 29}
        },
        "loc": {
          "start": {"line": 4, "column": 64},
          "end": {"line": 6, "column": 1}
        }
      },
      "1": {
        "name": "(anonymous_1)",
        "decl": {
          "start": {"line": 8, "column": 27},
          "end": {"line": 8, "column": 28}
        },
        "loc": {
          "start": {"line": 8, "column": 63},
          "end": {"line": 11, "column": 1}
        }
      },
      "2": {
        "name": "(anonymous_2)",
        "decl": {
          "start": {"line": 13, "column": 31},
          "end": {"line": 13, "column": 32}
        },
        "loc": {
          "start": {"line": 13, "column": 68},
          "end": {"line": 15, "column": 1}
        }
      }
    },
    "branchMap": {
      "0": {
        "loc": {
          "start": {"line": 9, "column": 18},
          "end": {"line": 9, "column": 46}
        },
        "type": "binary-expr",
        "locations": [
          {
            "start": {"line": 9, "column": 18},
            "end": {"line": 9, "column": 41}
          },
          {"start": {"line": 9, "column": 45}, "end": {"line": 9, "column": 46}}
        ]
      },
      "1": {
        "loc": {
          "start": {"line": 14, "column": 9},
          "end": {"line": 14, "column": 44}
        },
        "type": "binary-expr",
        "locations": [
          {
            "start": {"line": 14, "column": 9},
            "end": {"line": 14, "column": 32}
          },
          {
            "start": {"line": 14, "column": 36},
            "end": {"line": 14, "column": 44}
          }
        ]
      }
    },
    "s": {
      "0": 3,
      "1": 3,
      "2": 0,
      "3": 3,
      "4": 3,
      "5": 0,
      "6": 0,
      "7": 3,
      "8": 3,
      "9": 2,
      "10": 3
    },
    "f": {"0": 0, "1": 0, "2": 2},
    "b": {"0": [0, 0], "1": [2, 2]}
  },
  "C:\\Users\\gokha\\MatchTalk\\backend\\src\\utils\\jwt.ts": {
    "path": "C:\\Users\\gokha\\MatchTalk\\backend\\src\\utils\\jwt.ts",
    "statementMap": {
      "0": {
        "start": {"line": 1, "column": 0},
        "end": {"line": 1, "column": 41}
      },
      "1": {
        "start": {"line": 2, "column": 0},
        "end": {"line": 2, "column": 33}
      },
      "2": {
        "start": {"line": 9, "column": 23},
        "end": {"line": 9, "column": 39}
      },
      "3": {
        "start": {"line": 11, "column": 31},
        "end": {"line": 14, "column": 1}
      },
      "4": {
        "start": {"line": 12, "column": 32},
        "end": {"line": 12, "column": 96}
      },
      "5": {
        "start": {"line": 13, "column": 2},
        "end": {"line": 13, "column": 59}
      },
      "6": {
        "start": {"line": 11, "column": 13},
        "end": {"line": 11, "column": 31}
      },
      "7": {
        "start": {"line": 16, "column": 33},
        "end": {"line": 18, "column": 1}
      },
      "8": {
        "start": {"line": 17, "column": 2},
        "end": {"line": 17, "column": 51}
      },
      "9": {
        "start": {"line": 16, "column": 13},
        "end": {"line": 16, "column": 33}
      }
    },
    "fnMap": {
      "0": {
        "name": "(anonymous_1)",
        "decl": {
          "start": {"line": 11, "column": 31},
          "end": {"line": 11, "column": 32}
        },
        "loc": {
          "start": {"line": 11, "column": 57},
          "end": {"line": 14, "column": 1}
        }
      },
      "1": {
        "name": "(anonymous_2)",
        "decl": {
          "start": {"line": 16, "column": 33},
          "end": {"line": 16, "column": 34}
        },
        "loc": {
          "start": {"line": 16, "column": 51},
          "end": {"line": 18, "column": 1}
        }
      }
    },
    "branchMap": {},
    "s": {
      "0": 3,
      "1": 3,
      "2": 3,
      "3": 3,
      "4": 3,
      "5": 3,
      "6": 3,
      "7": 3,
      "8": 4,
      "9": 3
    },
    "f": {"0": 3, "1": 4},
    "b": {}
  },
  "C:\\Users\\gokha\\MatchTalk\\backend\\src\\utils\\password.ts": {
    "path": "C:\\Users\\gokha\\MatchTalk\\backend\\src\\utils\\password.ts",
    "statementMap": {
      "0": {
        "start": {"line": 1, "column": 0},
        "end": {"line": 1, "column": 30}
      },
      "1": {
        "start": {"line": 3, "column": 28},
        "end": {"line": 6, "column": 1}
      },
      "2": {
        "start": {"line": 4, "column": 15},
        "end": {"line": 4, "column": 39}
      },
      "3": {
        "start": {"line": 5, "column": 2},
        "end": {"line": 5, "column": 34}
      },
      "4": {
        "start": {"line": 3, "column": 13},
        "end": {"line": 3, "column": 28}
      },
      "5": {
        "start": {"line": 8, "column": 30},
        "end": {"line": 10, "column": 1}
      },
      "6": {
        "start": {"line": 9, "column": 2},
        "end": {"line": 9, "column": 39}
      },
      "7": {
        "start": {"line": 8, "column": 13},
        "end": {"line": 8, "column": 30}
      }
    },
    "fnMap": {
      "0": {
        "name": "(anonymous_1)",
        "decl": {
          "start": {"line": 3, "column": 28},
          "end": {"line": 3, "column": 33}
        },
        "loc": {
          "start": {"line": 3, "column": 52},
          "end": {"line": 6, "column": 1}
        }
      },
      "1": {
        "name": "(anonymous_2)",
        "decl": {
          "start": {"line": 8, "column": 30},
          "end": {"line": 8, "column": 31}
        },
        "loc": {
          "start": {"line": 8, "column": 64},
          "end": {"line": 10, "column": 1}
        }
      }
    },
    "branchMap": {},
    "s": {"0": 3, "1": 3, "2": 0, "3": 0, "4": 3, "5": 3, "6": 0, "7": 3},
    "f": {"0": 0, "1": 0},
    "b": {}
  }
}
