TN:
SF:src\app.ts
FN:13,(anonymous_1)
FNF:1
FNH:1
FNDA:3,(anonymous_1)
DA:1,3
DA:2,3
DA:3,3
DA:4,3
DA:5,3
DA:6,3
DA:7,3
DA:8,3
DA:9,3
DA:10,3
DA:11,3
DA:13,3
DA:14,3
DA:16,3
DA:17,3
DA:23,3
DA:24,3
DA:26,3
DA:27,3
DA:28,3
DA:29,3
DA:31,3
DA:33,3
LF:23
LH:23
BRDA:19,0,0,3
BRDA:19,0,1,0
BRF:2
BRH:1
end_of_record
TN:
SF:src\config.ts
FN:5,(anonymous_1)
FN:18,(anonymous_2)
FNF:2
FNH:2
FNDA:6,(anonymous_1)
FNDA:6,(anonymous_2)
DA:1,3
DA:3,3
DA:5,3
DA:6,6
DA:7,6
DA:8,0
DA:10,6
DA:13,3
DA:18,6
LF:9
LH:8
BRDA:6,0,0,6
BRDA:6,0,1,0
BRDA:7,1,0,0
BRDA:14,2,0,3
BRDA:14,2,1,0
BRDA:16,3,0,3
BRDA:16,3,1,0
BRDA:18,4,0,3
BRDA:18,4,1,0
BRF:9
BRH:4
end_of_record
TN:
SF:src\errors.ts
FN:4,(anonymous_0)
FNF:1
FNH:0
FNDA:0,(anonymous_0)
DA:1,3
DA:5,0
DA:6,0
LF:3
LH:1
BRF:0
BRH:0
end_of_record
TN:
SF:src\logger.ts
FN:3,(anonymous_0)
FN:4,(anonymous_1)
FN:5,(anonymous_2)
FNF:3
FNH:0
FNDA:0,(anonymous_0)
FNDA:0,(anonymous_1)
FNDA:0,(anonymous_2)
DA:2,3
DA:3,0
DA:4,0
DA:5,0
LF:4
LH:1
BRDA:3,0,0,0
BRDA:3,0,1,0
BRDA:4,1,0,0
BRDA:4,1,1,0
BRDA:5,2,0,0
BRDA:5,2,1,0
BRF:6
BRH:0
end_of_record
TN:
SF:src\lib\prisma.ts
FNF:0
FNH:0
DA:1,3
DA:3,3
LF:2
LH:2
BRF:0
BRH:0
end_of_record
TN:
SF:src\middleware\auth.ts
FN:5,(anonymous_0)
FNF:1
FNH:1
FNDA:4,(anonymous_0)
DA:2,3
DA:3,3
DA:5,3
DA:6,4
DA:7,4
DA:8,0
DA:11,4
DA:13,4
DA:14,4
DA:15,4
DA:16,4
DA:18,0
LF:12
LH:10
BRDA:7,0,0,0
BRDA:7,1,0,4
BRDA:7,1,1,4
BRF:3
BRH:2
end_of_record
TN:
SF:src\middleware\error.ts
FN:6,(anonymous_0)
FNF:1
FNH:0
FNDA:0,(anonymous_0)
DA:2,3
DA:3,3
DA:4,3
DA:6,3
DA:7,0
DA:8,0
DA:11,0
DA:12,0
DA:15,0
DA:17,0
DA:19,0
DA:20,0
DA:22,0
DA:25,0
LF:14
LH:4
BRDA:7,0,0,0
BRDA:11,1,0,0
BRDA:15,2,0,0
BRDA:15,2,1,0
BRDA:15,3,0,0
BRDA:15,3,1,0
BRDA:15,3,2,0
BRDA:17,4,0,0
BRDA:17,4,1,0
BRDA:17,5,0,0
BRDA:17,5,1,0
BRDA:17,5,2,0
BRDA:19,6,0,0
BRDA:19,6,1,0
BRDA:25,7,0,0
BRDA:25,7,1,0
BRDA:25,8,0,0
BRDA:25,8,1,0
BRF:18
BRH:0
end_of_record
TN:
SF:src\middleware\rateLimit.ts
FNF:0
FNH:0
DA:1,3
DA:3,3
LF:2
LH:2
BRF:0
BRH:0
end_of_record
TN:
SF:src\routes\auth.ts
FN:11,(anonymous_0)
FN:19,(anonymous_1)
FN:40,(anonymous_2)
FN:60,(anonymous_3)
FNF:4
FNH:0
FNDA:0,(anonymous_0)
FNDA:0,(anonymous_1)
FNDA:0,(anonymous_2)
FNDA:0,(anonymous_3)
DA:1,3
DA:2,3
DA:3,3
DA:4,3
DA:5,3
DA:6,3
DA:7,3
DA:9,3
DA:11,3
DA:19,3
DA:20,0
DA:21,0
DA:23,0
DA:24,0
DA:25,0
DA:28,0
DA:29,0
DA:33,0
DA:34,0
DA:36,0
DA:40,3
DA:41,0
DA:42,0
DA:43,0
DA:44,0
DA:45,0
DA:48,0
DA:49,0
DA:50,0
DA:53,0
DA:54,0
DA:56,0
DA:60,3
DA:61,0
DA:62,0
DA:63,0
DA:64,0
DA:66,0
DA:67,0
DA:68,0
DA:70,0
DA:72,0
DA:76,3
LF:43
LH:13
BRDA:24,0,0,0
BRDA:44,1,0,0
BRDA:49,2,0,0
BRDA:63,3,0,0
BRDA:67,4,0,0
BRF:5
BRH:0
end_of_record
TN:
SF:src\routes\friends.ts
FN:8,(anonymous_0)
FN:15,(anonymous_1)
FN:22,(anonymous_2)
FN:28,(anonymous_3)
FN:48,(anonymous_4)
FNF:5
FNH:2
FNDA:0,(anonymous_0)
FNDA:0,(anonymous_1)
FNDA:0,(anonymous_2)
FNDA:1,(anonymous_3)
FNDA:1,(anonymous_4)
DA:1,3
DA:2,3
DA:3,3
DA:4,3
DA:6,3
DA:8,3
DA:15,3
DA:16,0
DA:17,0
DA:18,0
DA:22,0
DA:24,0
DA:28,3
DA:29,1
DA:30,1
DA:31,1
DA:32,1
DA:34,1
DA:35,1
DA:42,1
DA:44,0
DA:48,3
DA:49,1
DA:50,1
DA:51,1
DA:52,1
DA:54,1
DA:55,1
DA:56,1
DA:57,1
DA:58,0
DA:61,1
DA:64,1
DA:69,1
DA:75,1
DA:77,0
DA:81,3
LF:37
LH:29
BRDA:32,0,0,0
BRDA:52,1,0,0
BRDA:55,2,0,0
BRDA:56,3,0,0
BRDA:57,4,0,0
BRDA:57,5,0,1
BRDA:57,5,1,0
BRF:7
BRH:1
end_of_record
TN:
SF:src\routes\health.ts
FN:5,(anonymous_0)
FNF:1
FNH:1
FNDA:1,(anonymous_0)
DA:1,3
DA:3,3
DA:5,3
DA:6,1
DA:9,3
LF:5
LH:5
BRF:0
BRH:0
end_of_record
TN:
SF:src\routes\rooms.ts
FN:29,(anonymous_0)
FN:30,(anonymous_1)
FN:37,(anonymous_2)
FN:58,(anonymous_3)
FN:70,(anonymous_4)
FN:84,(anonymous_5)
FN:94,(anonymous_6)
FN:105,(anonymous_7)
FN:106,(anonymous_8)
FN:125,(anonymous_9)
FN:140,(anonymous_10)
FN:177,(anonymous_11)
FNF:12
FNH:8
FNDA:2,(anonymous_0)
FNDA:3,(anonymous_1)
FNDA:3,(anonymous_2)
FNDA:1,(anonymous_3)
FNDA:0,(anonymous_4)
FNDA:1,(anonymous_5)
FNDA:1,(anonymous_6)
FNDA:1,(anonymous_7)
FNDA:1,(anonymous_8)
FNDA:0,(anonymous_9)
FNDA:0,(anonymous_10)
FNDA:0,(anonymous_11)
DA:1,3
DA:2,3
DA:3,3
DA:4,3
DA:5,3
DA:7,3
DA:29,3
DA:30,3
DA:36,2
DA:37,3
DA:38,2
DA:39,2
DA:40,2
DA:42,2
DA:58,3
DA:59,1
DA:60,1
DA:64,1
DA:66,0
DA:70,3
DA:71,0
DA:72,0
DA:73,0
DA:74,0
DA:77,0
DA:78,0
DA:80,0
DA:84,3
DA:85,1
DA:86,1
DA:87,1
DA:88,1
DA:92,1
DA:94,1
DA:95,1
DA:96,0
DA:99,1
DA:100,1
DA:102,1
DA:103,1
DA:105,1
DA:106,1
DA:107,1
DA:108,1
DA:109,1
DA:110,1
DA:111,0
DA:114,1
DA:115,1
DA:119,1
DA:121,0
DA:125,3
DA:126,0
DA:127,0
DA:128,0
DA:129,0
DA:130,0
DA:134,0
DA:136,0
DA:140,3
DA:141,0
DA:142,0
DA:143,0
DA:144,0
DA:146,0
DA:155,0
DA:156,0
DA:157,0
DA:162,0
DA:163,0
DA:166,0
DA:171,0
DA:173,0
DA:177,3
DA:178,0
DA:179,0
DA:180,0
DA:181,0
DA:186,0
DA:187,0
DA:189,0
DA:193,3
LF:82
LH:44
BRDA:36,0,0,2
BRDA:36,0,1,0
BRDA:72,1,0,0
BRDA:72,2,0,0
BRDA:73,3,0,0
BRDA:73,4,0,0
BRDA:73,4,1,0
BRDA:92,5,0,0
BRDA:95,6,0,0
BRDA:100,7,0,0
BRDA:103,8,0,0
BRDA:105,9,0,1
BRDA:105,9,1,0
BRDA:106,10,0,0
BRDA:106,10,1,1
BRDA:110,11,0,0
BRDA:110,12,0,1
BRDA:110,12,1,1
BRDA:134,13,0,0
BRDA:134,13,1,0
BRDA:144,14,0,0
BRDA:144,15,0,0
BRDA:144,15,1,0
BRDA:149,16,0,0
BRDA:149,16,1,0
BRDA:150,17,0,0
BRDA:150,17,1,0
BRDA:156,18,0,0
BRDA:156,19,0,0
BRDA:156,19,1,0
BRDA:180,20,0,0
BRDA:183,21,0,0
BRDA:183,21,1,0
BRDA:186,22,0,0
BRDA:186,22,1,0
BRF:35
BRH:5
end_of_record
TN:
SF:src\schemas\auth.ts
FNF:0
FNH:0
DA:1,3
DA:3,3
DA:10,3
LF:3
LH:3
BRF:0
BRH:0
end_of_record
TN:
SF:src\services\roomTimer.ts
FN:4,(anonymous_0)
FN:8,(anonymous_1)
FN:13,(anonymous_2)
FNF:3
FNH:1
FNDA:0,(anonymous_0)
FNDA:0,(anonymous_1)
FNDA:2,(anonymous_2)
DA:2,3
DA:4,3
DA:5,0
DA:8,3
DA:9,0
DA:10,0
DA:13,3
DA:14,2
LF:8
LH:5
BRDA:9,0,0,0
BRDA:9,0,1,0
BRDA:14,1,0,2
BRDA:14,1,1,2
BRF:4
BRH:2
end_of_record
TN:
SF:src\utils\jwt.ts
FN:11,(anonymous_1)
FN:16,(anonymous_2)
FNF:2
FNH:2
FNDA:3,(anonymous_1)
FNDA:4,(anonymous_2)
DA:1,3
DA:2,3
DA:9,3
DA:11,3
DA:12,3
DA:13,3
DA:16,3
DA:17,4
LF:8
LH:8
BRF:0
BRH:0
end_of_record
TN:
SF:src\utils\password.ts
FN:3,(anonymous_1)
FN:8,(anonymous_2)
FNF:2
FNH:0
FNDA:0,(anonymous_1)
FNDA:0,(anonymous_2)
DA:1,3
DA:3,3
DA:4,0
DA:5,0
DA:8,3
DA:9,0
LF:6
LH:3
BRF:0
BRH:0
end_of_record
