{"C:\\Users\\gokha\\MatchTalk\\src\\components\\common\\Avatar.tsx": {"path":"C:\\Users\\gokha\\MatchTalk\\src\\components\\common\\Avatar.tsx","statementMap":{"0":{"start":{"line":13,"column":38},"end":{"line":58,"column":1}},"1":{"start":{"line":21,"column":20},"end":{"line":21,"column":33}},"2":{"start":{"line":22,"column":19},"end":{"line":27,"column":16}},"3":{"start":{"line":24,"column":16},"end":{"line":24,"column":20}},"4":{"start":{"line":29,"column":2},"end":{"line":57,"column":4}},"5":{"start":{"line":60,"column":15},"end":{"line":78,"column":2}}},"fnMap":{"0":{"name":"(anonymous_0)","decl":{"start":{"line":13,"column":38},"end":{"line":13,"column":39}},"loc":{"start":{"line":19,"column":6},"end":{"line":58,"column":1}},"line":19},"1":{"name":"(anonymous_1)","decl":{"start":{"line":24,"column":9},"end":{"line":24,"column":10}},"loc":{"start":{"line":24,"column":16},"end":{"line":24,"column":20}},"line":24}},"branchMap":{"0":{"loc":{"start":{"line":17,"column":2},"end":{"line":17,"column":11}},"type":"default-arg","locations":[{"start":{"line":17,"column":9},"end":{"line":17,"column":11}}],"line":17},"1":{"loc":{"start":{"line":18,"column":2},"end":{"line":18,"column":20}},"type":"default-arg","locations":[{"start":{"line":18,"column":15},"end":{"line":18,"column":20}}],"line":18},"2":{"loc":{"start":{"line":21,"column":20},"end":{"line":21,"column":33}},"type":"binary-expr","locations":[{"start":{"line":21,"column":20},"end":{"line":21,"column":23}},{"start":{"line":21,"column":27},"end":{"line":21,"column":33}}],"line":21},"3":{"loc":{"start":{"line":37,"column":23},"end":{"line":37,"column":41}},"type":"cond-expr","locations":[{"start":{"line":37,"column":36},"end":{"line":37,"column":37}},{"start":{"line":37,"column":40},"end":{"line":37,"column":41}}],"line":37},"4":{"loc":{"start":{"line":40,"column":7},"end":{"line":55,"column":7}},"type":"cond-expr","locations":[{"start":{"line":41,"column":8},"end":{"line":44,"column":10}},{"start":{"line":46,"column":8},"end":{"line":54,"column":15}}],"line":40}},"s":{"0":1,"1":2,"2":2,"3":4,"4":2,"5":1},"f":{"0":2,"1":4},"b":{"0":[0],"1":[0],"2":[2,2],"3":[2,0],"4":[0,2]},"_coverageSchema":"1a1c01bbd47fc00a2c39e90264f33305004495a9","hash":"a2e948cd1bca7259f95b22d5d6676390176571a5"}
,"C:\\Users\\gokha\\MatchTalk\\src\\components\\common\\AvatarGroup.tsx": {"path":"C:\\Users\\gokha\\MatchTalk\\src\\components\\common\\AvatarGroup.tsx","statementMap":{"0":{"start":{"line":17,"column":48},"end":{"line":65,"column":1}},"1":{"start":{"line":22,"column":25},"end":{"line":22,"column":53}},"2":{"start":{"line":23,"column":25},"end":{"line":23,"column":65}},"3":{"start":{"line":25,"column":2},"end":{"line":64,"column":4}},"4":{"start":{"line":28,"column":8},"end":{"line":44,"column":15}},"5":{"start":{"line":67,"column":15},"end":{"line":94,"column":2}}},"fnMap":{"0":{"name":"(anonymous_0)","decl":{"start":{"line":17,"column":48},"end":{"line":17,"column":49}},"loc":{"start":{"line":21,"column":6},"end":{"line":65,"column":1}},"line":21},"1":{"name":"(anonymous_1)","decl":{"start":{"line":27,"column":26},"end":{"line":27,"column":27}},"loc":{"start":{"line":28,"column":8},"end":{"line":44,"column":15}},"line":28}},"branchMap":{"0":{"loc":{"start":{"line":19,"column":2},"end":{"line":19,"column":16}},"type":"default-arg","locations":[{"start":{"line":19,"column":15},"end":{"line":19,"column":16}}],"line":19},"1":{"loc":{"start":{"line":20,"column":2},"end":{"line":20,"column":11}},"type":"default-arg","locations":[{"start":{"line":20,"column":9},"end":{"line":20,"column":11}}],"line":20},"2":{"loc":{"start":{"line":35,"column":26},"end":{"line":35,"column":45}},"type":"cond-expr","locations":[{"start":{"line":35,"column":38},"end":{"line":35,"column":41}},{"start":{"line":35,"column":44},"end":{"line":35,"column":45}}],"line":35},"3":{"loc":{"start":{"line":46,"column":7},"end":{"line":62,"column":7}},"type":"binary-expr","locations":[{"start":{"line":46,"column":7},"end":{"line":46,"column":25}},{"start":{"line":47,"column":8},"end":{"line":61,"column":15}}],"line":46},"4":{"loc":{"start":{"line":53,"column":26},"end":{"line":53,"column":61}},"type":"cond-expr","locations":[{"start":{"line":53,"column":54},"end":{"line":53,"column":57}},{"start":{"line":53,"column":60},"end":{"line":53,"column":61}}],"line":53}},"s":{"0":1,"1":2,"2":2,"3":2,"4":2,"5":1},"f":{"0":2,"1":2},"b":{"0":[0],"1":[0],"2":[1,1],"3":[2,0],"4":[0,0]},"_coverageSchema":"1a1c01bbd47fc00a2c39e90264f33305004495a9","hash":"853d9fa0a311f523c782441441345c02b080b1fa"}
,"C:\\Users\\gokha\\MatchTalk\\src\\components\\common\\Button.tsx": {"path":"C:\\Users\\gokha\\MatchTalk\\src\\components\\common\\Button.tsx","statementMap":{"0":{"start":{"line":31,"column":44},"end":{"line":35,"column":1}},"1":{"start":{"line":37,"column":39},"end":{"line":83,"column":1}},"2":{"start":{"line":48,"column":2},"end":{"line":82,"column":4}},"3":{"start":{"line":55,"column":37},"end":{"line":67,"column":7}},"4":{"start":{"line":85,"column":15},"end":{"line":137,"column":2}}},"fnMap":{"0":{"name":"(anonymous_0)","decl":{"start":{"line":37,"column":39},"end":{"line":37,"column":40}},"loc":{"start":{"line":47,"column":6},"end":{"line":83,"column":1}},"line":47},"1":{"name":"(anonymous_1)","decl":{"start":{"line":55,"column":13},"end":{"line":55,"column":14}},"loc":{"start":{"line":55,"column":37},"end":{"line":67,"column":7}},"line":55}},"branchMap":{"0":{"loc":{"start":{"line":40,"column":2},"end":{"line":40,"column":21}},"type":"default-arg","locations":[{"start":{"line":40,"column":12},"end":{"line":40,"column":21}}],"line":40},"1":{"loc":{"start":{"line":41,"column":2},"end":{"line":41,"column":13}},"type":"default-arg","locations":[{"start":{"line":41,"column":9},"end":{"line":41,"column":13}}],"line":41},"2":{"loc":{"start":{"line":58,"column":8},"end":{"line":58,"column":47}},"type":"binary-expr","locations":[{"start":{"line":58,"column":8},"end":{"line":58,"column":29}},{"start":{"line":58,"column":33},"end":{"line":58,"column":47}}],"line":58},"3":{"loc":{"start":{"line":59,"column":8},"end":{"line":59,"column":47}},"type":"binary-expr","locations":[{"start":{"line":59,"column":8},"end":{"line":59,"column":29}},{"start":{"line":59,"column":33},"end":{"line":59,"column":47}}],"line":59},"4":{"loc":{"start":{"line":60,"column":8},"end":{"line":60,"column":43}},"type":"binary-expr","locations":[{"start":{"line":60,"column":8},"end":{"line":60,"column":27}},{"start":{"line":60,"column":31},"end":{"line":60,"column":43}}],"line":60},"5":{"loc":{"start":{"line":61,"column":8},"end":{"line":61,"column":36}},"type":"binary-expr","locations":[{"start":{"line":61,"column":8},"end":{"line":61,"column":17}},{"start":{"line":61,"column":21},"end":{"line":61,"column":36}}],"line":61},"6":{"loc":{"start":{"line":62,"column":8},"end":{"line":62,"column":63}},"type":"binary-expr","locations":[{"start":{"line":62,"column":8},"end":{"line":62,"column":15}},{"start":{"line":62,"column":19},"end":{"line":62,"column":40}},{"start":{"line":62,"column":44},"end":{"line":62,"column":63}}],"line":62},"7":{"loc":{"start":{"line":63,"column":8},"end":{"line":63,"column":63}},"type":"binary-expr","locations":[{"start":{"line":63,"column":8},"end":{"line":63,"column":15}},{"start":{"line":63,"column":19},"end":{"line":63,"column":40}},{"start":{"line":63,"column":44},"end":{"line":63,"column":63}}],"line":63},"8":{"loc":{"start":{"line":64,"column":8},"end":{"line":64,"column":33}},"type":"binary-expr","locations":[{"start":{"line":64,"column":8},"end":{"line":64,"column":15}},{"start":{"line":64,"column":19},"end":{"line":64,"column":33}}],"line":64},"9":{"loc":{"start":{"line":65,"column":8},"end":{"line":65,"column":35}},"type":"binary-expr","locations":[{"start":{"line":65,"column":8},"end":{"line":65,"column":16}},{"start":{"line":65,"column":20},"end":{"line":65,"column":35}}],"line":65},"10":{"loc":{"start":{"line":72,"column":12},"end":{"line":72,"column":55}},"type":"binary-expr","locations":[{"start":{"line":72,"column":12},"end":{"line":72,"column":33}},{"start":{"line":72,"column":37},"end":{"line":72,"column":55}}],"line":72},"11":{"loc":{"start":{"line":73,"column":12},"end":{"line":73,"column":51}},"type":"binary-expr","locations":[{"start":{"line":73,"column":12},"end":{"line":73,"column":31}},{"start":{"line":73,"column":35},"end":{"line":73,"column":51}}],"line":73},"12":{"loc":{"start":{"line":74,"column":12},"end":{"line":74,"column":43}},"type":"binary-expr","locations":[{"start":{"line":74,"column":12},"end":{"line":74,"column":20}},{"start":{"line":74,"column":24},"end":{"line":74,"column":43}}],"line":74},"13":{"loc":{"start":{"line":79,"column":9},"end":{"line":79,"column":78}},"type":"cond-expr","locations":[{"start":{"line":79,"column":21},"end":{"line":79,"column":71}},{"start":{"line":79,"column":74},"end":{"line":79,"column":78}}],"line":79}},"s":{"0":1,"1":1,"2":3,"3":3,"4":1},"f":{"0":3,"1":3},"b":{"0":[3],"1":[3],"2":[3,3],"3":[3,0],"4":[3,0],"5":[3,0],"6":[3,0,0],"7":[3,0,0],"8":[3,0],"9":[3,1],"10":[3,0],"11":[3,0],"12":[3,1],"13":[0,3]},"_coverageSchema":"1a1c01bbd47fc00a2c39e90264f33305004495a9","hash":"250511dd488aa3dc86ecea2d8c74d95c00ed6df8"}
,"C:\\Users\\gokha\\MatchTalk\\src\\components\\common\\Card.tsx": {"path":"C:\\Users\\gokha\\MatchTalk\\src\\components\\common\\Card.tsx","statementMap":{"0":{"start":{"line":11,"column":37},"end":{"line":13,"column":1}},"1":{"start":{"line":12,"column":2},"end":{"line":12,"column":62}},"2":{"start":{"line":15,"column":15},"end":{"line":27,"column":2}}},"fnMap":{"0":{"name":"(anonymous_0)","decl":{"start":{"line":11,"column":37},"end":{"line":11,"column":38}},"loc":{"start":{"line":11,"column":60},"end":{"line":13,"column":1}},"line":11}},"branchMap":{},"s":{"0":0,"1":0,"2":0},"f":{"0":0},"b":{}}
,"C:\\Users\\gokha\\MatchTalk\\src\\components\\common\\ErrorBoundary.tsx": {"path":"C:\\Users\\gokha\\MatchTalk\\src\\components\\common\\ErrorBoundary.tsx","statementMap":{"0":{"start":{"line":26,"column":4},"end":{"line":26,"column":17}},"1":{"start":{"line":27,"column":4},"end":{"line":31,"column":6}},"2":{"start":{"line":35,"column":4},"end":{"line":39,"column":6}},"3":{"start":{"line":44,"column":4},"end":{"line":44,"column":70}},"4":{"start":{"line":47,"column":34},"end":{"line":50,"column":5}},"5":{"start":{"line":52,"column":4},"end":{"line":58,"column":7}},"6":{"start":{"line":61,"column":4},"end":{"line":61,"column":45}},"7":{"start":{"line":64,"column":4},"end":{"line":64,"column":43}},"8":{"start":{"line":67,"column":4},"end":{"line":70,"column":7}},"9":{"start":{"line":73,"column":16},"end":{"line":79,"column":3}},"10":{"start":{"line":74,"column":4},"end":{"line":78,"column":7}},"11":{"start":{"line":82,"column":4},"end":{"line":120,"column":5}},"12":{"start":{"line":83,"column":6},"end":{"line":85,"column":7}},"13":{"start":{"line":84,"column":8},"end":{"line":84,"column":35}},"14":{"start":{"line":87,"column":6},"end":{"line":119,"column":8}},"15":{"start":{"line":122,"column":4},"end":{"line":122,"column":31}},"16":{"start":{"line":126,"column":15},"end":{"line":192,"column":2}}},"fnMap":{"0":{"name":"(anonymous_0)","decl":{"start":{"line":25,"column":2},"end":{"line":25,"column":3}},"loc":{"start":{"line":25,"column":28},"end":{"line":32,"column":3}},"line":25},"1":{"name":"(anonymous_1)","decl":{"start":{"line":34,"column":2},"end":{"line":34,"column":3}},"loc":{"start":{"line":34,"column":55},"end":{"line":40,"column":3}},"line":34},"2":{"name":"(anonymous_2)","decl":{"start":{"line":42,"column":2},"end":{"line":42,"column":3}},"loc":{"start":{"line":42,"column":56},"end":{"line":71,"column":3}},"line":42},"3":{"name":"(anonymous_3)","decl":{"start":{"line":73,"column":16},"end":{"line":73,"column":17}},"loc":{"start":{"line":73,"column":22},"end":{"line":79,"column":3}},"line":73},"4":{"name":"(anonymous_4)","decl":{"start":{"line":81,"column":2},"end":{"line":81,"column":3}},"loc":{"start":{"line":81,"column":11},"end":{"line":123,"column":3}},"line":81}},"branchMap":{"0":{"loc":{"start":{"line":48,"column":17},"end":{"line":48,"column":78}},"type":"binary-expr","locations":[{"start":{"line":48,"column":17},"end":{"line":48,"column":65}},{"start":{"line":48,"column":69},"end":{"line":48,"column":78}}],"line":48},"1":{"loc":{"start":{"line":82,"column":4},"end":{"line":120,"column":5}},"type":"if","locations":[{"start":{"line":82,"column":4},"end":{"line":120,"column":5}},{"start":{},"end":{}}],"line":82},"2":{"loc":{"start":{"line":83,"column":6},"end":{"line":85,"column":7}},"type":"if","locations":[{"start":{"line":83,"column":6},"end":{"line":85,"column":7}},{"start":{},"end":{}}],"line":83},"3":{"loc":{"start":{"line":95,"column":15},"end":{"line":95,"column":73}},"type":"binary-expr","locations":[{"start":{"line":95,"column":15},"end":{"line":95,"column":40}},{"start":{"line":95,"column":44},"end":{"line":95,"column":73}}],"line":95},"4":{"loc":{"start":{"line":97,"column":13},"end":{"line":108,"column":13}},"type":"binary-expr","locations":[{"start":{"line":97,"column":14},"end":{"line":97,"column":94}},{"start":{"line":97,"column":99},"end":{"line":97,"column":115}},{"start":{"line":98,"column":14},"end":{"line":107,"column":21}}],"line":97},"5":{"loc":{"start":{"line":97,"column":14},"end":{"line":97,"column":94}},"type":"cond-expr","locations":[{"start":{"line":97,"column":47},"end":{"line":97,"column":54}},{"start":{"line":97,"column":57},"end":{"line":97,"column":94}}],"line":97},"6":{"loc":{"start":{"line":102,"column":17},"end":{"line":106,"column":17}},"type":"binary-expr","locations":[{"start":{"line":102,"column":17},"end":{"line":102,"column":37}},{"start":{"line":103,"column":18},"end":{"line":105,"column":25}}],"line":102}},"s":{"0":0,"1":0,"2":0,"3":0,"4":0,"5":0,"6":0,"7":0,"8":0,"9":0,"10":0,"11":0,"12":0,"13":0,"14":0,"15":0,"16":0},"f":{"0":0,"1":0,"2":0,"3":0,"4":0},"b":{"0":[0,0],"1":[0,0],"2":[0,0],"3":[0,0],"4":[0,0,0],"5":[0,0],"6":[0,0]}}
,"C:\\Users\\gokha\\MatchTalk\\src\\components\\common\\Icon.tsx": {"path":"C:\\Users\\gokha\\MatchTalk\\src\\components\\common\\Icon.tsx","statementMap":{"0":{"start":{"line":10,"column":37},"end":{"line":17,"column":1}},"1":{"start":{"line":11,"column":2},"end":{"line":16,"column":4}}},"fnMap":{"0":{"name":"(anonymous_0)","decl":{"start":{"line":10,"column":37},"end":{"line":10,"column":38}},"loc":{"start":{"line":10,"column":56},"end":{"line":17,"column":1}},"line":10}},"branchMap":{},"s":{"0":2,"1":4},"f":{"0":4},"b":{},"_coverageSchema":"1a1c01bbd47fc00a2c39e90264f33305004495a9","hash":"c71cd85d56fa2d33d8158df8d8622ec1688ec3f3"}
,"C:\\Users\\gokha\\MatchTalk\\src\\components\\room\\CreateRoomModal.tsx": {"path":"C:\\Users\\gokha\\MatchTalk\\src\\components\\room\\CreateRoomModal.tsx","statementMap":{"0":{"start":{"line":19,"column":19},"end":{"line":25,"column":10}},"1":{"start":{"line":27,"column":24},"end":{"line":27,"column":26}},"2":{"start":{"line":29,"column":56},"end":{"line":234,"column":1}},"3":{"start":{"line":35,"column":26},"end":{"line":35,"column":38}},"4":{"start":{"line":36,"column":34},"end":{"line":36,"column":46}},"5":{"start":{"line":37,"column":30},"end":{"line":37,"column":66}},"6":{"start":{"line":38,"column":32},"end":{"line":38,"column":69}},"7":{"start":{"line":40,"column":24},"end":{"line":65,"column":3}},"8":{"start":{"line":41,"column":4},"end":{"line":64,"column":5}},"9":{"start":{"line":42,"column":26},"end":{"line":42,"column":55}},"10":{"start":{"line":43,"column":6},"end":{"line":45,"column":7}},"11":{"start":{"line":44,"column":8},"end":{"line":44,"column":33}},"12":{"start":{"line":46,"column":6},"end":{"line":50,"column":9}},"13":{"start":{"line":47,"column":26},"end":{"line":47,"column":35}},"14":{"start":{"line":48,"column":8},"end":{"line":48,"column":32}},"15":{"start":{"line":49,"column":8},"end":{"line":49,"column":25}},"16":{"start":{"line":52,"column":6},"end":{"line":63,"column":7}},"17":{"start":{"line":53,"column":27},"end":{"line":53,"column":42}},"18":{"start":{"line":54,"column":8},"end":{"line":57,"column":12}},"19":{"start":{"line":54,"column":29},"end":{"line":57,"column":9}},"20":{"start":{"line":59,"column":8},"end":{"line":62,"column":12}},"21":{"start":{"line":59,"column":29},"end":{"line":62,"column":9}},"22":{"start":{"line":67,"column":27},"end":{"line":72,"column":3}},"23":{"start":{"line":68,"column":4},"end":{"line":68,"column":19}},"24":{"start":{"line":69,"column":4},"end":{"line":71,"column":5}},"25":{"start":{"line":70,"column":6},"end":{"line":70,"column":35}},"26":{"start":{"line":74,"column":31},"end":{"line":79,"column":3}},"27":{"start":{"line":75,"column":4},"end":{"line":75,"column":28}},"28":{"start":{"line":76,"column":4},"end":{"line":78,"column":5}},"29":{"start":{"line":77,"column":6},"end":{"line":77,"column":44}},"30":{"start":{"line":81,"column":21},"end":{"line":88,"column":3}},"31":{"start":{"line":82,"column":4},"end":{"line":82,"column":53}},"32":{"start":{"line":82,"column":26},"end":{"line":82,"column":50}},"33":{"start":{"line":83,"column":4},"end":{"line":87,"column":5}},"34":{"start":{"line":84,"column":6},"end":{"line":84,"column":34}},"35":{"start":{"line":85,"column":11},"end":{"line":87,"column":5}},"36":{"start":{"line":86,"column":6},"end":{"line":86,"column":42}},"37":{"start":{"line":90,"column":23},"end":{"line":125,"column":3}},"38":{"start":{"line":92,"column":4},"end":{"line":92,"column":45}},"39":{"start":{"line":94,"column":35},"end":{"line":99,"column":5}},"40":{"start":{"line":101,"column":4},"end":{"line":124,"column":5}},"41":{"start":{"line":103,"column":6},"end":{"line":103,"column":36}},"42":{"start":{"line":104,"column":6},"end":{"line":104,"column":28}},"43":{"start":{"line":106,"column":6},"end":{"line":106,"column":18}},"44":{"start":{"line":107,"column":6},"end":{"line":107,"column":22}},"45":{"start":{"line":108,"column":6},"end":{"line":108,"column":20}},"46":{"start":{"line":109,"column":6},"end":{"line":109,"column":21}},"47":{"start":{"line":111,"column":6},"end":{"line":123,"column":7}},"48":{"start":{"line":112,"column":50},"end":{"line":112,"column":52}},"49":{"start":{"line":113,"column":8},"end":{"line":118,"column":11}},"50":{"start":{"line":114,"column":10},"end":{"line":117,"column":11}},"51":{"start":{"line":115,"column":26},"end":{"line":115,"column":47}},"52":{"start":{"line":116,"column":12},"end":{"line":116,"column":43}},"53":{"start":{"line":119,"column":8},"end":{"line":119,"column":29}},"54":{"start":{"line":122,"column":8},"end":{"line":122,"column":20}},"55":{"start":{"line":127,"column":2},"end":{"line":233,"column":4}},"56":{"start":{"line":155,"column":30},"end":{"line":155,"column":48}},"57":{"start":{"line":176,"column":35},"end":{"line":176,"column":54}},"58":{"start":{"line":177,"column":16},"end":{"line":199,"column":18}},"59":{"start":{"line":180,"column":42},"end":{"line":184,"column":21}},"60":{"start":{"line":185,"column":35},"end":{"line":185,"column":63}},"61":{"start":{"line":210,"column":36},"end":{"line":213,"column":15}},"62":{"start":{"line":219,"column":36},"end":{"line":223,"column":15}},"63":{"start":{"line":236,"column":25},"end":{"line":243,"column":1}},"64":{"start":{"line":245,"column":24},"end":{"line":255,"column":2}},"65":{"start":{"line":257,"column":15},"end":{"line":481,"column":2}}},"fnMap":{"0":{"name":"(anonymous_0)","decl":{"start":{"line":29,"column":56},"end":{"line":29,"column":57}},"loc":{"start":{"line":34,"column":6},"end":{"line":234,"column":1}},"line":34},"1":{"name":"(anonymous_1)","decl":{"start":{"line":40,"column":24},"end":{"line":40,"column":25}},"loc":{"start":{"line":40,"column":70},"end":{"line":65,"column":3}},"line":40},"2":{"name":"(anonymous_2)","decl":{"start":{"line":46,"column":16},"end":{"line":46,"column":17}},"loc":{"start":{"line":46,"column":26},"end":{"line":50,"column":7}},"line":46},"3":{"name":"(anonymous_3)","decl":{"start":{"line":54,"column":18},"end":{"line":54,"column":19}},"loc":{"start":{"line":54,"column":29},"end":{"line":57,"column":9}},"line":54},"4":{"name":"(anonymous_4)","decl":{"start":{"line":59,"column":18},"end":{"line":59,"column":19}},"loc":{"start":{"line":59,"column":29},"end":{"line":62,"column":9}},"line":59},"5":{"name":"(anonymous_5)","decl":{"start":{"line":67,"column":27},"end":{"line":67,"column":28}},"loc":{"start":{"line":67,"column":46},"end":{"line":72,"column":3}},"line":67},"6":{"name":"(anonymous_6)","decl":{"start":{"line":74,"column":31},"end":{"line":74,"column":32}},"loc":{"start":{"line":74,"column":55},"end":{"line":79,"column":3}},"line":74},"7":{"name":"(anonymous_7)","decl":{"start":{"line":81,"column":21},"end":{"line":81,"column":22}},"loc":{"start":{"line":81,"column":55},"end":{"line":88,"column":3}},"line":81},"8":{"name":"(anonymous_8)","decl":{"start":{"line":82,"column":15},"end":{"line":82,"column":16}},"loc":{"start":{"line":82,"column":26},"end":{"line":82,"column":50}},"line":82},"9":{"name":"(anonymous_9)","decl":{"start":{"line":90,"column":23},"end":{"line":90,"column":24}},"loc":{"start":{"line":90,"column":35},"end":{"line":125,"column":3}},"line":90},"10":{"name":"(anonymous_10)","decl":{"start":{"line":113,"column":29},"end":{"line":113,"column":30}},"loc":{"start":{"line":113,"column":38},"end":{"line":118,"column":9}},"line":113},"11":{"name":"(anonymous_11)","decl":{"start":{"line":155,"column":24},"end":{"line":155,"column":25}},"loc":{"start":{"line":155,"column":30},"end":{"line":155,"column":48}},"line":155},"12":{"name":"(anonymous_12)","decl":{"start":{"line":175,"column":30},"end":{"line":175,"column":31}},"loc":{"start":{"line":175,"column":39},"end":{"line":200,"column":15}},"line":175},"13":{"name":"(anonymous_13)","decl":{"start":{"line":180,"column":27},"end":{"line":180,"column":28}},"loc":{"start":{"line":180,"column":42},"end":{"line":184,"column":21}},"line":180},"14":{"name":"(anonymous_14)","decl":{"start":{"line":185,"column":29},"end":{"line":185,"column":30}},"loc":{"start":{"line":185,"column":35},"end":{"line":185,"column":63}},"line":185},"15":{"name":"(anonymous_15)","decl":{"start":{"line":210,"column":21},"end":{"line":210,"column":22}},"loc":{"start":{"line":210,"column":36},"end":{"line":213,"column":15}},"line":210},"16":{"name":"(anonymous_16)","decl":{"start":{"line":219,"column":21},"end":{"line":219,"column":22}},"loc":{"start":{"line":219,"column":36},"end":{"line":223,"column":15}},"line":219}},"branchMap":{"0":{"loc":{"start":{"line":33,"column":2},"end":{"line":33,"column":17}},"type":"default-arg","locations":[{"start":{"line":33,"column":12},"end":{"line":33,"column":17}}],"line":33},"1":{"loc":{"start":{"line":43,"column":6},"end":{"line":45,"column":7}},"type":"if","locations":[{"start":{"line":43,"column":6},"end":{"line":45,"column":7}},{"start":{},"end":{}}],"line":43},"2":{"loc":{"start":{"line":52,"column":6},"end":{"line":63,"column":7}},"type":"if","locations":[{"start":{"line":52,"column":6},"end":{"line":63,"column":7}},{"start":{"line":58,"column":13},"end":{"line":63,"column":7}}],"line":52},"3":{"loc":{"start":{"line":52,"column":10},"end":{"line":52,"column":111}},"type":"binary-expr","locations":[{"start":{"line":52,"column":10},"end":{"line":52,"column":37}},{"start":{"line":52,"column":41},"end":{"line":52,"column":53}},{"start":{"line":52,"column":57},"end":{"line":52,"column":84}},{"start":{"line":52,"column":88},"end":{"line":52,"column":111}}],"line":52},"4":{"loc":{"start":{"line":56,"column":19},"end":{"line":56,"column":73}},"type":"binary-expr","locations":[{"start":{"line":56,"column":20},"end":{"line":56,"column":30}},{"start":{"line":56,"column":34},"end":{"line":56,"column":52}},{"start":{"line":56,"column":57},"end":{"line":56,"column":73}}],"line":56},"5":{"loc":{"start":{"line":69,"column":4},"end":{"line":71,"column":5}},"type":"if","locations":[{"start":{"line":69,"column":4},"end":{"line":71,"column":5}},{"start":{},"end":{}}],"line":69},"6":{"loc":{"start":{"line":76,"column":4},"end":{"line":78,"column":5}},"type":"if","locations":[{"start":{"line":76,"column":4},"end":{"line":78,"column":5}},{"start":{},"end":{}}],"line":76},"7":{"loc":{"start":{"line":83,"column":4},"end":{"line":87,"column":5}},"type":"if","locations":[{"start":{"line":83,"column":4},"end":{"line":87,"column":5}},{"start":{"line":85,"column":11},"end":{"line":87,"column":5}}],"line":83},"8":{"loc":{"start":{"line":85,"column":11},"end":{"line":87,"column":5}},"type":"if","locations":[{"start":{"line":85,"column":11},"end":{"line":87,"column":5}},{"start":{},"end":{}}],"line":85},"9":{"loc":{"start":{"line":111,"column":6},"end":{"line":123,"column":7}},"type":"if","locations":[{"start":{"line":111,"column":6},"end":{"line":123,"column":7}},{"start":{"line":120,"column":13},"end":{"line":123,"column":7}}],"line":111},"10":{"loc":{"start":{"line":114,"column":10},"end":{"line":117,"column":11}},"type":"if","locations":[{"start":{"line":114,"column":10},"end":{"line":117,"column":11}},{"start":{},"end":{}}],"line":114},"11":{"loc":{"start":{"line":114,"column":14},"end":{"line":114,"column":45}},"type":"binary-expr","locations":[{"start":{"line":114,"column":14},"end":{"line":114,"column":22}},{"start":{"line":114,"column":26},"end":{"line":114,"column":45}}],"line":114},"12":{"loc":{"start":{"line":149,"column":18},"end":{"line":149,"column":66}},"type":"binary-expr","locations":[{"start":{"line":149,"column":18},"end":{"line":149,"column":29}},{"start":{"line":149,"column":33},"end":{"line":149,"column":45}},{"start":{"line":149,"column":49},"end":{"line":149,"column":66}}],"line":149},"13":{"loc":{"start":{"line":182,"column":22},"end":{"line":182,"column":65}},"type":"binary-expr","locations":[{"start":{"line":182,"column":22},"end":{"line":182,"column":32}},{"start":{"line":182,"column":36},"end":{"line":182,"column":65}}],"line":182},"14":{"loc":{"start":{"line":183,"column":22},"end":{"line":183,"column":61}},"type":"binary-expr","locations":[{"start":{"line":183,"column":22},"end":{"line":183,"column":29}},{"start":{"line":183,"column":33},"end":{"line":183,"column":61}}],"line":183},"15":{"loc":{"start":{"line":189,"column":29},"end":{"line":189,"column":91}},"type":"cond-expr","locations":[{"start":{"line":189,"column":42},"end":{"line":189,"column":69}},{"start":{"line":189,"column":72},"end":{"line":189,"column":91}}],"line":189},"16":{"loc":{"start":{"line":194,"column":24},"end":{"line":194,"column":65}},"type":"binary-expr","locations":[{"start":{"line":194,"column":24},"end":{"line":194,"column":34}},{"start":{"line":194,"column":38},"end":{"line":194,"column":65}}],"line":194},"17":{"loc":{"start":{"line":202,"column":13},"end":{"line":204,"column":13}},"type":"binary-expr","locations":[{"start":{"line":202,"column":13},"end":{"line":202,"column":28}},{"start":{"line":202,"column":32},"end":{"line":202,"column":48}},{"start":{"line":203,"column":14},"end":{"line":203,"column":69}}],"line":202},"18":{"loc":{"start":{"line":212,"column":16},"end":{"line":212,"column":47}},"type":"binary-expr","locations":[{"start":{"line":212,"column":16},"end":{"line":212,"column":23}},{"start":{"line":212,"column":27},"end":{"line":212,"column":47}}],"line":212},"19":{"loc":{"start":{"line":221,"column":16},"end":{"line":221,"column":47}},"type":"binary-expr","locations":[{"start":{"line":221,"column":16},"end":{"line":221,"column":23}},{"start":{"line":221,"column":27},"end":{"line":221,"column":47}}],"line":221},"20":{"loc":{"start":{"line":222,"column":16},"end":{"line":222,"column":54}},"type":"binary-expr","locations":[{"start":{"line":222,"column":16},"end":{"line":222,"column":23}},{"start":{"line":222,"column":27},"end":{"line":222,"column":54}}],"line":222},"21":{"loc":{"start":{"line":225,"column":24},"end":{"line":225,"column":60}},"type":"binary-expr","locations":[{"start":{"line":225,"column":24},"end":{"line":225,"column":31}},{"start":{"line":225,"column":35},"end":{"line":225,"column":47}},{"start":{"line":225,"column":51},"end":{"line":225,"column":60}}],"line":225}},"s":{"0":0,"1":0,"2":0,"3":0,"4":0,"5":0,"6":0,"7":0,"8":0,"9":0,"10":0,"11":0,"12":0,"13":0,"14":0,"15":0,"16":0,"17":0,"18":0,"19":0,"20":0,"21":0,"22":0,"23":0,"24":0,"25":0,"26":0,"27":0,"28":0,"29":0,"30":0,"31":0,"32":0,"33":0,"34":0,"35":0,"36":0,"37":0,"38":0,"39":0,"40":0,"41":0,"42":0,"43":0,"44":0,"45":0,"46":0,"47":0,"48":0,"49":0,"50":0,"51":0,"52":0,"53":0,"54":0,"55":0,"56":0,"57":0,"58":0,"59":0,"60":0,"61":0,"62":0,"63":0,"64":0,"65":0},"f":{"0":0,"1":0,"2":0,"3":0,"4":0,"5":0,"6":0,"7":0,"8":0,"9":0,"10":0,"11":0,"12":0,"13":0,"14":0,"15":0,"16":0},"b":{"0":[0],"1":[0,0],"2":[0,0],"3":[0,0,0,0],"4":[0,0,0],"5":[0,0],"6":[0,0],"7":[0,0],"8":[0,0],"9":[0,0],"10":[0,0],"11":[0,0],"12":[0,0,0],"13":[0,0],"14":[0,0],"15":[0,0],"16":[0,0],"17":[0,0,0],"18":[0,0],"19":[0,0],"20":[0,0],"21":[0,0,0]}}
,"C:\\Users\\gokha\\MatchTalk\\src\\components\\room\\ParticipantAvatar.tsx": {"path":"C:\\Users\\gokha\\MatchTalk\\src\\components\\room\\ParticipantAvatar.tsx","statementMap":{"0":{"start":{"line":19,"column":50},"end":{"line":59,"column":1}},"1":{"start":{"line":27,"column":17},"end":{"line":27,"column":46}},"2":{"start":{"line":28,"column":2},"end":{"line":58,"column":4}},"3":{"start":{"line":38,"column":28},"end":{"line":38,"column":32}},"4":{"start":{"line":61,"column":15},"end":{"line":130,"column":2}}},"fnMap":{"0":{"name":"(anonymous_0)","decl":{"start":{"line":19,"column":50},"end":{"line":19,"column":51}},"loc":{"start":{"line":26,"column":6},"end":{"line":59,"column":1}},"line":26},"1":{"name":"(anonymous_1)","decl":{"start":{"line":38,"column":21},"end":{"line":38,"column":22}},"loc":{"start":{"line":38,"column":28},"end":{"line":38,"column":32}},"line":38}},"branchMap":{"0":{"loc":{"start":{"line":22,"column":2},"end":{"line":22,"column":11}},"type":"default-arg","locations":[{"start":{"line":22,"column":9},"end":{"line":22,"column":11}}],"line":22},"1":{"loc":{"start":{"line":27,"column":17},"end":{"line":27,"column":46}},"type":"binary-expr","locations":[{"start":{"line":27,"column":17},"end":{"line":27,"column":32}},{"start":{"line":27,"column":36},"end":{"line":27,"column":46}}],"line":27},"2":{"loc":{"start":{"line":30,"column":42},"end":{"line":30,"column":72}},"type":"binary-expr","locations":[{"start":{"line":30,"column":42},"end":{"line":30,"column":48}},{"start":{"line":30,"column":52},"end":{"line":30,"column":72}}],"line":30},"3":{"loc":{"start":{"line":31,"column":9},"end":{"line":44,"column":9}},"type":"cond-expr","locations":[{"start":{"line":32,"column":10},"end":{"line":32,"column":57}},{"start":{"line":34,"column":10},"end":{"line":43,"column":17}}],"line":31},"4":{"loc":{"start":{"line":45,"column":9},"end":{"line":49,"column":9}},"type":"binary-expr","locations":[{"start":{"line":45,"column":9},"end":{"line":45,"column":16}},{"start":{"line":46,"column":10},"end":{"line":48,"column":17}}],"line":45},"5":{"loc":{"start":{"line":50,"column":9},"end":{"line":54,"column":9}},"type":"binary-expr","locations":[{"start":{"line":50,"column":9},"end":{"line":50,"column":15}},{"start":{"line":51,"column":10},"end":{"line":53,"column":17}}],"line":50}},"s":{"0":0,"1":0,"2":0,"3":0,"4":0},"f":{"0":0,"1":0},"b":{"0":[0],"1":[0,0],"2":[0,0],"3":[0,0],"4":[0,0],"5":[0,0]}}
,"C:\\Users\\gokha\\MatchTalk\\src\\components\\room\\RoomCard.tsx": {"path":"C:\\Users\\gokha\\MatchTalk\\src\\components\\room\\RoomCard.tsx","statementMap":{"0":{"start":{"line":28,"column":51},"end":{"line":106,"column":1}},"1":{"start":{"line":38,"column":21},"end":{"line":42,"column":16}},"2":{"start":{"line":39,"column":17},"end":{"line":39,"column":42}},"3":{"start":{"line":40,"column":17},"end":{"line":40,"column":30}},"4":{"start":{"line":41,"column":4},"end":{"line":41,"column":85}},"5":{"start":{"line":44,"column":25},"end":{"line":47,"column":38}},"6":{"start":{"line":45,"column":4},"end":{"line":45,"column":44}},"7":{"start":{"line":45,"column":35},"end":{"line":45,"column":44}},"8":{"start":{"line":46,"column":4},"end":{"line":46,"column":51}},"9":{"start":{"line":49,"column":21},"end":{"line":55,"column":20}},"10":{"start":{"line":50,"column":4},"end":{"line":54,"column":8}},"11":{"start":{"line":50,"column":36},"end":{"line":54,"column":5}},"12":{"start":{"line":57,"column":2},"end":{"line":105,"column":4}},"13":{"start":{"line":108,"column":15},"end":{"line":177,"column":2}},"14":{"start":{"line":180,"column":17},"end":{"line":196,"column":2}},"15":{"start":{"line":182,"column":2},"end":{"line":195,"column":4}},"16":{"start":{"line":192,"column":6},"end":{"line":193,"column":48}},"17":{"start":{"line":198,"column":0},"end":{"line":198,"column":34}}},"fnMap":{"0":{"name":"(anonymous_0)","decl":{"start":{"line":28,"column":51},"end":{"line":28,"column":52}},"loc":{"start":{"line":37,"column":6},"end":{"line":106,"column":1}},"line":37},"1":{"name":"(anonymous_1)","decl":{"start":{"line":38,"column":29},"end":{"line":38,"column":30}},"loc":{"start":{"line":38,"column":35},"end":{"line":42,"column":3}},"line":38},"2":{"name":"(anonymous_2)","decl":{"start":{"line":44,"column":33},"end":{"line":44,"column":34}},"loc":{"start":{"line":44,"column":39},"end":{"line":47,"column":3}},"line":44},"3":{"name":"(anonymous_3)","decl":{"start":{"line":49,"column":29},"end":{"line":49,"column":30}},"loc":{"start":{"line":49,"column":35},"end":{"line":55,"column":3}},"line":49},"4":{"name":"(anonymous_4)","decl":{"start":{"line":50,"column":28},"end":{"line":50,"column":29}},"loc":{"start":{"line":50,"column":36},"end":{"line":54,"column":5}},"line":50},"5":{"name":"(anonymous_5)","decl":{"start":{"line":180,"column":47},"end":{"line":180,"column":48}},"loc":{"start":{"line":180,"column":73},"end":{"line":196,"column":1}},"line":180},"6":{"name":"(anonymous_6)","decl":{"start":{"line":191,"column":33},"end":{"line":191,"column":34}},"loc":{"start":{"line":192,"column":6},"end":{"line":193,"column":48}},"line":192}},"branchMap":{"0":{"loc":{"start":{"line":45,"column":4},"end":{"line":45,"column":44}},"type":"if","locations":[{"start":{"line":45,"column":4},"end":{"line":45,"column":44}},{"start":{},"end":{}}],"line":45},"1":{"loc":{"start":{"line":183,"column":4},"end":{"line":194,"column":5}},"type":"binary-expr","locations":[{"start":{"line":183,"column":4},"end":{"line":183,"column":33}},{"start":{"line":184,"column":4},"end":{"line":184,"column":37}},{"start":{"line":185,"column":4},"end":{"line":185,"column":45}},{"start":{"line":186,"column":4},"end":{"line":186,"column":45}},{"start":{"line":187,"column":4},"end":{"line":187,"column":59}},{"start":{"line":188,"column":4},"end":{"line":188,"column":47}},{"start":{"line":189,"column":4},"end":{"line":189,"column":51}},{"start":{"line":190,"column":4},"end":{"line":190,"column":67}},{"start":{"line":191,"column":4},"end":{"line":194,"column":5}}],"line":183},"2":{"loc":{"start":{"line":192,"column":6},"end":{"line":193,"column":48}},"type":"binary-expr","locations":[{"start":{"line":192,"column":6},"end":{"line":192,"column":44}},{"start":{"line":193,"column":6},"end":{"line":193,"column":48}}],"line":192}},"s":{"0":1,"1":2,"2":2,"3":2,"4":2,"5":2,"6":2,"7":1,"8":1,"9":2,"10":2,"11":2,"12":2,"13":1,"14":1,"15":0,"16":0,"17":1},"f":{"0":2,"1":2,"2":2,"3":2,"4":2,"5":0,"6":0},"b":{"0":[1,1],"1":[0,0,0,0,0,0,0,0,0],"2":[0,0]},"_coverageSchema":"1a1c01bbd47fc00a2c39e90264f33305004495a9","hash":"206805d1fc45849caeb4f118ba7d23b9dc17fdef"}
,"C:\\Users\\gokha\\MatchTalk\\src\\components\\room\\VoteModal.tsx": {"path":"C:\\Users\\gokha\\MatchTalk\\src\\components\\room\\VoteModal.tsx","statementMap":{"0":{"start":{"line":16,"column":42},"end":{"line":38,"column":1}},"1":{"start":{"line":17,"column":2},"end":{"line":19,"column":3}},"2":{"start":{"line":18,"column":4},"end":{"line":18,"column":16}},"3":{"start":{"line":20,"column":2},"end":{"line":37,"column":4}},"4":{"start":{"line":29,"column":27},"end":{"line":29,"column":39}},"5":{"start":{"line":32,"column":52},"end":{"line":32,"column":65}},"6":{"start":{"line":40,"column":15},"end":{"line":74,"column":2}}},"fnMap":{"0":{"name":"(anonymous_0)","decl":{"start":{"line":16,"column":42},"end":{"line":16,"column":43}},"loc":{"start":{"line":16,"column":89},"end":{"line":38,"column":1}},"line":16},"1":{"name":"(anonymous_1)","decl":{"start":{"line":29,"column":21},"end":{"line":29,"column":22}},"loc":{"start":{"line":29,"column":27},"end":{"line":29,"column":39}},"line":29},"2":{"name":"(anonymous_2)","decl":{"start":{"line":32,"column":46},"end":{"line":32,"column":47}},"loc":{"start":{"line":32,"column":52},"end":{"line":32,"column":65}},"line":32}},"branchMap":{"0":{"loc":{"start":{"line":16,"column":70},"end":{"line":16,"column":83}},"type":"default-arg","locations":[{"start":{"line":16,"column":81},"end":{"line":16,"column":83}}],"line":16},"1":{"loc":{"start":{"line":17,"column":2},"end":{"line":19,"column":3}},"type":"if","locations":[{"start":{"line":17,"column":2},"end":{"line":19,"column":3}},{"start":{},"end":{}}],"line":17}},"s":{"0":0,"1":0,"2":0,"3":0,"4":0,"5":0,"6":0},"f":{"0":0,"1":0,"2":0},"b":{"0":[0],"1":[0,0]}}
,"C:\\Users\\gokha\\MatchTalk\\src\\components\\ui\\Badge.tsx": {"path":"C:\\Users\\gokha\\MatchTalk\\src\\components\\ui\\Badge.tsx","statementMap":{"0":{"start":{"line":13,"column":38},"end":{"line":19,"column":1}},"1":{"start":{"line":14,"column":2},"end":{"line":18,"column":4}},"2":{"start":{"line":21,"column":15},"end":{"line":33,"column":2}}},"fnMap":{"0":{"name":"(anonymous_0)","decl":{"start":{"line":13,"column":38},"end":{"line":13,"column":39}},"loc":{"start":{"line":13,"column":58},"end":{"line":19,"column":1}},"line":13}},"branchMap":{},"s":{"0":0,"1":0,"2":0},"f":{"0":0},"b":{}}
,"C:\\Users\\gokha\\MatchTalk\\src\\components\\ui\\BottomNav.tsx": {"path":"C:\\Users\\gokha\\MatchTalk\\src\\components\\ui\\BottomNav.tsx","statementMap":{"0":{"start":{"line":13,"column":44},"end":{"line":51,"column":1}},"1":{"start":{"line":14,"column":15},"end":{"line":19,"column":3}},"2":{"start":{"line":21,"column":2},"end":{"line":50,"column":4}},"3":{"start":{"line":25,"column":27},"end":{"line":25,"column":47}},"4":{"start":{"line":26,"column":10},"end":{"line":46,"column":12}},"5":{"start":{"line":30,"column":29},"end":{"line":30,"column":48}},"6":{"start":{"line":53,"column":15},"end":{"line":103,"column":2}}},"fnMap":{"0":{"name":"(anonymous_0)","decl":{"start":{"line":13,"column":44},"end":{"line":13,"column":45}},"loc":{"start":{"line":13,"column":74},"end":{"line":51,"column":1}},"line":13},"1":{"name":"(anonymous_1)","decl":{"start":{"line":24,"column":18},"end":{"line":24,"column":19}},"loc":{"start":{"line":24,"column":27},"end":{"line":47,"column":9}},"line":24},"2":{"name":"(anonymous_2)","decl":{"start":{"line":30,"column":23},"end":{"line":30,"column":24}},"loc":{"start":{"line":30,"column":29},"end":{"line":30,"column":48}},"line":30}},"branchMap":{"0":{"loc":{"start":{"line":40,"column":20},"end":{"line":40,"column":49}},"type":"binary-expr","locations":[{"start":{"line":40,"column":20},"end":{"line":40,"column":28}},{"start":{"line":40,"column":32},"end":{"line":40,"column":49}}],"line":40},"1":{"loc":{"start":{"line":43,"column":17},"end":{"line":43,"column":62}},"type":"binary-expr","locations":[{"start":{"line":43,"column":17},"end":{"line":43,"column":25}},{"start":{"line":43,"column":29},"end":{"line":43,"column":62}}],"line":43}},"s":{"0":0,"1":0,"2":0,"3":0,"4":0,"5":0,"6":0},"f":{"0":0,"1":0,"2":0},"b":{"0":[0,0],"1":[0,0]}}
,"C:\\Users\\gokha\\MatchTalk\\src\\components\\ui\\FAB.tsx": {"path":"C:\\Users\\gokha\\MatchTalk\\src\\components\\ui\\FAB.tsx","statementMap":{"0":{"start":{"line":13,"column":32},"end":{"line":33,"column":1}},"1":{"start":{"line":14,"column":22},"end":{"line":17,"column":3}},"2":{"start":{"line":15,"column":4},"end":{"line":15,"column":27}},"3":{"start":{"line":16,"column":4},"end":{"line":16,"column":14}},"4":{"start":{"line":19,"column":2},"end":{"line":32,"column":4}},"5":{"start":{"line":35,"column":15},"end":{"line":86,"column":2}}},"fnMap":{"0":{"name":"(anonymous_0)","decl":{"start":{"line":13,"column":32},"end":{"line":13,"column":33}},"loc":{"start":{"line":13,"column":75},"end":{"line":33,"column":1}},"line":13},"1":{"name":"(anonymous_1)","decl":{"start":{"line":14,"column":22},"end":{"line":14,"column":23}},"loc":{"start":{"line":14,"column":35},"end":{"line":17,"column":3}},"line":14}},"branchMap":{"0":{"loc":{"start":{"line":13,"column":43},"end":{"line":13,"column":69}},"type":"default-arg","locations":[{"start":{"line":13,"column":51},"end":{"line":13,"column":69}}],"line":13}},"s":{"0":0,"1":0,"2":0,"3":0,"4":0,"5":0},"f":{"0":0,"1":0},"b":{"0":[0]}}
,"C:\\Users\\gokha\\MatchTalk\\src\\components\\ui\\GenderBar.tsx": {"path":"C:\\Users\\gokha\\MatchTalk\\src\\components\\ui\\GenderBar.tsx","statementMap":{"0":{"start":{"line":13,"column":44},"end":{"line":32,"column":1}},"1":{"start":{"line":18,"column":2},"end":{"line":31,"column":4}},"2":{"start":{"line":34,"column":15},"end":{"line":50,"column":2}}},"fnMap":{"0":{"name":"(anonymous_0)","decl":{"start":{"line":13,"column":44},"end":{"line":13,"column":45}},"loc":{"start":{"line":17,"column":6},"end":{"line":32,"column":1}},"line":17}},"branchMap":{"0":{"loc":{"start":{"line":16,"column":2},"end":{"line":16,"column":12}},"type":"default-arg","locations":[{"start":{"line":16,"column":10},"end":{"line":16,"column":12}}],"line":16}},"s":{"0":1,"1":2,"2":1},"f":{"0":2},"b":{"0":[0]},"_coverageSchema":"1a1c01bbd47fc00a2c39e90264f33305004495a9","hash":"04c9df6ab801c029c439beb867b7d50454fd75af"}
,"C:\\Users\\gokha\\MatchTalk\\src\\components\\ui\\Loading.tsx": {"path":"C:\\Users\\gokha\\MatchTalk\\src\\components\\ui\\Loading.tsx","statementMap":{"0":{"start":{"line":15,"column":47},"end":{"line":46,"column":1}},"1":{"start":{"line":22,"column":2},"end":{"line":29,"column":3}},"2":{"start":{"line":23,"column":4},"end":{"line":28,"column":6}},"3":{"start":{"line":31,"column":2},"end":{"line":38,"column":3}},"4":{"start":{"line":32,"column":4},"end":{"line":37,"column":6}},"5":{"start":{"line":40,"column":2},"end":{"line":45,"column":4}},"6":{"start":{"line":48,"column":56},"end":{"line":50,"column":1}},"7":{"start":{"line":49,"column":2},"end":{"line":49,"column":93}},"8":{"start":{"line":52,"column":15},"end":{"line":82,"column":2}}},"fnMap":{"0":{"name":"(anonymous_0)","decl":{"start":{"line":15,"column":47},"end":{"line":15,"column":48}},"loc":{"start":{"line":21,"column":6},"end":{"line":46,"column":1}},"line":21},"1":{"name":"(anonymous_1)","decl":{"start":{"line":48,"column":56},"end":{"line":48,"column":57}},"loc":{"start":{"line":48,"column":73},"end":{"line":50,"column":1}},"line":48}},"branchMap":{"0":{"loc":{"start":{"line":16,"column":2},"end":{"line":16,"column":20}},"type":"default-arg","locations":[{"start":{"line":16,"column":15},"end":{"line":16,"column":20}}],"line":16},"1":{"loc":{"start":{"line":17,"column":2},"end":{"line":17,"column":16}},"type":"default-arg","locations":[{"start":{"line":17,"column":11},"end":{"line":17,"column":16}}],"line":17},"2":{"loc":{"start":{"line":19,"column":2},"end":{"line":19,"column":16}},"type":"default-arg","locations":[{"start":{"line":19,"column":9},"end":{"line":19,"column":16}}],"line":19},"3":{"loc":{"start":{"line":22,"column":2},"end":{"line":29,"column":3}},"type":"if","locations":[{"start":{"line":22,"column":2},"end":{"line":29,"column":3}},{"start":{},"end":{}}],"line":22},"4":{"loc":{"start":{"line":26,"column":9},"end":{"line":26,"column":65}},"type":"binary-expr","locations":[{"start":{"line":26,"column":9},"end":{"line":26,"column":16}},{"start":{"line":26,"column":20},"end":{"line":26,"column":65}}],"line":26},"5":{"loc":{"start":{"line":31,"column":2},"end":{"line":38,"column":3}},"type":"if","locations":[{"start":{"line":31,"column":2},"end":{"line":38,"column":3}},{"start":{},"end":{}}],"line":31},"6":{"loc":{"start":{"line":35,"column":9},"end":{"line":35,"column":65}},"type":"binary-expr","locations":[{"start":{"line":35,"column":9},"end":{"line":35,"column":16}},{"start":{"line":35,"column":20},"end":{"line":35,"column":65}}],"line":35},"7":{"loc":{"start":{"line":43,"column":7},"end":{"line":43,"column":63}},"type":"binary-expr","locations":[{"start":{"line":43,"column":7},"end":{"line":43,"column":14}},{"start":{"line":43,"column":18},"end":{"line":43,"column":63}}],"line":43},"8":{"loc":{"start":{"line":48,"column":58},"end":{"line":48,"column":67}},"type":"default-arg","locations":[{"start":{"line":48,"column":65},"end":{"line":48,"column":67}}],"line":48}},"s":{"0":0,"1":0,"2":0,"3":0,"4":0,"5":0,"6":0,"7":0,"8":0},"f":{"0":0,"1":0},"b":{"0":[0],"1":[0],"2":[0],"3":[0,0],"4":[0,0],"5":[0,0],"6":[0,0],"7":[0,0],"8":[0]}}
,"C:\\Users\\gokha\\MatchTalk\\src\\components\\ui\\Skeleton.tsx": {"path":"C:\\Users\\gokha\\MatchTalk\\src\\components\\ui\\Skeleton.tsx","statementMap":{"0":{"start":{"line":13,"column":42},"end":{"line":59,"column":1}},"1":{"start":{"line":19,"column":24},"end":{"line":19,"column":61}},"2":{"start":{"line":21,"column":2},"end":{"line":38,"column":22}},"3":{"start":{"line":22,"column":22},"end":{"line":35,"column":5}},"4":{"start":{"line":36,"column":4},"end":{"line":36,"column":22}},"5":{"start":{"line":37,"column":4},"end":{"line":37,"column":34}},"6":{"start":{"line":37,"column":17},"end":{"line":37,"column":33}},"7":{"start":{"line":40,"column":18},"end":{"line":43,"column":4}},"8":{"start":{"line":45,"column":2},"end":{"line":58,"column":4}},"9":{"start":{"line":61,"column":42},"end":{"line":84,"column":1}},"10":{"start":{"line":62,"column":2},"end":{"line":83,"column":4}},"11":{"start":{"line":86,"column":57},"end":{"line":88,"column":1}},"12":{"start":{"line":87,"column":2},"end":{"line":87,"column":76}},"13":{"start":{"line":90,"column":15},"end":{"line":125,"column":2}}},"fnMap":{"0":{"name":"(anonymous_0)","decl":{"start":{"line":13,"column":42},"end":{"line":13,"column":43}},"loc":{"start":{"line":18,"column":6},"end":{"line":59,"column":1}},"line":18},"1":{"name":"(anonymous_1)","decl":{"start":{"line":21,"column":12},"end":{"line":21,"column":13}},"loc":{"start":{"line":21,"column":18},"end":{"line":38,"column":3}},"line":21},"2":{"name":"(anonymous_2)","decl":{"start":{"line":37,"column":11},"end":{"line":37,"column":12}},"loc":{"start":{"line":37,"column":17},"end":{"line":37,"column":33}},"line":37},"3":{"name":"(anonymous_3)","decl":{"start":{"line":61,"column":42},"end":{"line":61,"column":43}},"loc":{"start":{"line":61,"column":48},"end":{"line":84,"column":1}},"line":61},"4":{"name":"(anonymous_4)","decl":{"start":{"line":86,"column":57},"end":{"line":86,"column":58}},"loc":{"start":{"line":86,"column":74},"end":{"line":88,"column":1}},"line":86}},"branchMap":{"0":{"loc":{"start":{"line":14,"column":2},"end":{"line":14,"column":16}},"type":"default-arg","locations":[{"start":{"line":14,"column":10},"end":{"line":14,"column":16}}],"line":14},"1":{"loc":{"start":{"line":15,"column":2},"end":{"line":15,"column":13}},"type":"default-arg","locations":[{"start":{"line":15,"column":11},"end":{"line":15,"column":13}}],"line":15},"2":{"loc":{"start":{"line":16,"column":2},"end":{"line":16,"column":26}},"type":"default-arg","locations":[{"start":{"line":16,"column":17},"end":{"line":16,"column":26}}],"line":16},"3":{"loc":{"start":{"line":86,"column":59},"end":{"line":86,"column":68}},"type":"default-arg","locations":[{"start":{"line":86,"column":66},"end":{"line":86,"column":68}}],"line":86}},"s":{"0":0,"1":0,"2":0,"3":0,"4":0,"5":0,"6":0,"7":0,"8":0,"9":0,"10":0,"11":0,"12":0,"13":0},"f":{"0":0,"1":0,"2":0,"3":0,"4":0},"b":{"0":[0],"1":[0],"2":[0],"3":[0]}}
,"C:\\Users\\gokha\\MatchTalk\\src\\components\\ui\\TimerChip.tsx": {"path":"C:\\Users\\gokha\\MatchTalk\\src\\components\\ui\\TimerChip.tsx","statementMap":{"0":{"start":{"line":12,"column":44},"end":{"line":19,"column":1}},"1":{"start":{"line":13,"column":2},"end":{"line":18,"column":4}},"2":{"start":{"line":21,"column":15},"end":{"line":41,"column":2}}},"fnMap":{"0":{"name":"(anonymous_0)","decl":{"start":{"line":12,"column":44},"end":{"line":12,"column":45}},"loc":{"start":{"line":12,"column":56},"end":{"line":19,"column":1}},"line":12}},"branchMap":{},"s":{"0":1,"1":2,"2":1},"f":{"0":2},"b":{},"_coverageSchema":"1a1c01bbd47fc00a2c39e90264f33305004495a9","hash":"9565ee5792812174d603e0a8a7a5b02bdb78779b"}
,"C:\\Users\\gokha\\MatchTalk\\src\\components\\ui\\Toast.tsx": {"path":"C:\\Users\\gokha\\MatchTalk\\src\\components\\ui\\Toast.tsx","statementMap":{"0":{"start":{"line":15,"column":38},"end":{"line":167,"column":1}},"1":{"start":{"line":17,"column":25},"end":{"line":52,"column":3}},"2":{"start":{"line":18,"column":4},"end":{"line":51,"column":5}},"3":{"start":{"line":20,"column":8},"end":{"line":26,"column":10}},"4":{"start":{"line":28,"column":8},"end":{"line":34,"column":10}},"5":{"start":{"line":36,"column":8},"end":{"line":42,"column":10}},"6":{"start":{"line":44,"column":8},"end":{"line":50,"column":10}},"7":{"start":{"line":54,"column":17},"end":{"line":54,"column":33}},"8":{"start":{"line":57,"column":23},"end":{"line":134,"column":3}},"9":{"start":{"line":58,"column":4},"end":{"line":60,"column":5}},"10":{"start":{"line":59,"column":6},"end":{"line":59,"column":31}},"11":{"start":{"line":62,"column":20},"end":{"line":62,"column":30}},"12":{"start":{"line":65,"column":4},"end":{"line":125,"column":5}},"13":{"start":{"line":66,"column":6},"end":{"line":124,"column":7}},"14":{"start":{"line":67,"column":23},"end":{"line":67,"column":42}},"15":{"start":{"line":70,"column":8},"end":{"line":72,"column":9}},"16":{"start":{"line":71,"column":10},"end":{"line":71,"column":32}},"17":{"start":{"line":75,"column":8},"end":{"line":77,"column":9}},"18":{"start":{"line":76,"column":10},"end":{"line":76,"column":30}},"19":{"start":{"line":80,"column":8},"end":{"line":88,"column":9}},"20":{"start":{"line":81,"column":29},"end":{"line":81,"column":45}},"21":{"start":{"line":82,"column":10},"end":{"line":84,"column":11}},"22":{"start":{"line":83,"column":12},"end":{"line":83,"column":30}},"23":{"start":{"line":85,"column":10},"end":{"line":87,"column":11}},"24":{"start":{"line":86,"column":12},"end":{"line":86,"column":38}},"25":{"start":{"line":91,"column":8},"end":{"line":106,"column":9}},"26":{"start":{"line":92,"column":28},"end":{"line":92,"column":37}},"27":{"start":{"line":94,"column":10},"end":{"line":105,"column":11}},"28":{"start":{"line":95,"column":12},"end":{"line":97,"column":13}},"29":{"start":{"line":96,"column":14},"end":{"line":96,"column":39}},"30":{"start":{"line":99,"column":12},"end":{"line":104,"column":13}},"31":{"start":{"line":100,"column":32},"end":{"line":100,"column":49}},"32":{"start":{"line":101,"column":14},"end":{"line":103,"column":15}},"33":{"start":{"line":102,"column":16},"end":{"line":102,"column":60}},"34":{"start":{"line":109,"column":8},"end":{"line":116,"column":9}},"35":{"start":{"line":111,"column":10},"end":{"line":115,"column":11}},"36":{"start":{"line":112,"column":12},"end":{"line":114,"column":13}},"37":{"start":{"line":113,"column":14},"end":{"line":113,"column":33}},"38":{"start":{"line":120,"column":8},"end":{"line":123,"column":9}},"39":{"start":{"line":122,"column":10},"end":{"line":122,"column":59}},"40":{"start":{"line":128,"column":4},"end":{"line":130,"column":5}},"41":{"start":{"line":129,"column":6},"end":{"line":129,"column":50}},"42":{"start":{"line":133,"column":4},"end":{"line":133,"column":15}},"43":{"start":{"line":136,"column":25},"end":{"line":136,"column":46}},"44":{"start":{"line":138,"column":2},"end":{"line":166,"column":4}},"45":{"start":{"line":169,"column":15},"end":{"line":197,"column":2}}},"fnMap":{"0":{"name":"(anonymous_0)","decl":{"start":{"line":15,"column":38},"end":{"line":15,"column":39}},"loc":{"start":{"line":15,"column":75},"end":{"line":167,"column":1}},"line":15},"1":{"name":"(anonymous_1)","decl":{"start":{"line":17,"column":25},"end":{"line":17,"column":26}},"loc":{"start":{"line":17,"column":31},"end":{"line":52,"column":3}},"line":17},"2":{"name":"(anonymous_2)","decl":{"start":{"line":57,"column":23},"end":{"line":57,"column":24}},"loc":{"start":{"line":57,"column":48},"end":{"line":134,"column":3}},"line":57}},"branchMap":{"0":{"loc":{"start":{"line":15,"column":49},"end":{"line":15,"column":62}},"type":"default-arg","locations":[{"start":{"line":15,"column":56},"end":{"line":15,"column":62}}],"line":15},"1":{"loc":{"start":{"line":18,"column":4},"end":{"line":51,"column":5}},"type":"switch","locations":[{"start":{"line":19,"column":6},"end":{"line":26,"column":10}},{"start":{"line":27,"column":6},"end":{"line":34,"column":10}},{"start":{"line":35,"column":6},"end":{"line":42,"column":10}},{"start":{"line":43,"column":6},"end":{"line":50,"column":10}}],"line":18},"2":{"loc":{"start":{"line":58,"column":4},"end":{"line":60,"column":5}},"type":"if","locations":[{"start":{"line":58,"column":4},"end":{"line":60,"column":5}},{"start":{},"end":{}}],"line":58},"3":{"loc":{"start":{"line":58,"column":8},"end":{"line":58,"column":39}},"type":"binary-expr","locations":[{"start":{"line":58,"column":8},"end":{"line":58,"column":12}},{"start":{"line":58,"column":16},"end":{"line":58,"column":39}}],"line":58},"4":{"loc":{"start":{"line":65,"column":4},"end":{"line":125,"column":5}},"type":"if","locations":[{"start":{"line":65,"column":4},"end":{"line":125,"column":5}},{"start":{},"end":{}}],"line":65},"5":{"loc":{"start":{"line":65,"column":8},"end":{"line":65,"column":58}},"type":"binary-expr","locations":[{"start":{"line":65,"column":8},"end":{"line":65,"column":31}},{"start":{"line":65,"column":35},"end":{"line":65,"column":58}}],"line":65},"6":{"loc":{"start":{"line":70,"column":8},"end":{"line":72,"column":9}},"type":"if","locations":[{"start":{"line":70,"column":8},"end":{"line":72,"column":9}},{"start":{},"end":{}}],"line":70},"7":{"loc":{"start":{"line":70,"column":12},"end":{"line":70,"column":64}},"type":"binary-expr","locations":[{"start":{"line":70,"column":12},"end":{"line":70,"column":26}},{"start":{"line":70,"column":30},"end":{"line":70,"column":64}}],"line":70},"8":{"loc":{"start":{"line":75,"column":8},"end":{"line":77,"column":9}},"type":"if","locations":[{"start":{"line":75,"column":8},"end":{"line":77,"column":9}},{"start":{},"end":{}}],"line":75},"9":{"loc":{"start":{"line":75,"column":12},"end":{"line":75,"column":60}},"type":"binary-expr","locations":[{"start":{"line":75,"column":12},"end":{"line":75,"column":24}},{"start":{"line":75,"column":28},"end":{"line":75,"column":60}}],"line":75},"10":{"loc":{"start":{"line":80,"column":8},"end":{"line":88,"column":9}},"type":"if","locations":[{"start":{"line":80,"column":8},"end":{"line":88,"column":9}},{"start":{},"end":{}}],"line":80},"11":{"loc":{"start":{"line":80,"column":12},"end":{"line":80,"column":68}},"type":"binary-expr","locations":[{"start":{"line":80,"column":12},"end":{"line":80,"column":40}},{"start":{"line":80,"column":44},"end":{"line":80,"column":68}}],"line":80},"12":{"loc":{"start":{"line":82,"column":10},"end":{"line":84,"column":11}},"type":"if","locations":[{"start":{"line":82,"column":10},"end":{"line":84,"column":11}},{"start":{},"end":{}}],"line":82},"13":{"loc":{"start":{"line":85,"column":10},"end":{"line":87,"column":11}},"type":"if","locations":[{"start":{"line":85,"column":10},"end":{"line":87,"column":11}},{"start":{},"end":{}}],"line":85},"14":{"loc":{"start":{"line":85,"column":14},"end":{"line":85,"column":46}},"type":"binary-expr","locations":[{"start":{"line":85,"column":14},"end":{"line":85,"column":24}},{"start":{"line":85,"column":28},"end":{"line":85,"column":46}}],"line":85},"15":{"loc":{"start":{"line":91,"column":8},"end":{"line":106,"column":9}},"type":"if","locations":[{"start":{"line":91,"column":8},"end":{"line":106,"column":9}},{"start":{},"end":{}}],"line":91},"16":{"loc":{"start":{"line":91,"column":12},"end":{"line":91,"column":54}},"type":"binary-expr","locations":[{"start":{"line":91,"column":12},"end":{"line":91,"column":33}},{"start":{"line":91,"column":37},"end":{"line":91,"column":54}}],"line":91},"17":{"loc":{"start":{"line":94,"column":10},"end":{"line":105,"column":11}},"type":"if","locations":[{"start":{"line":94,"column":10},"end":{"line":105,"column":11}},{"start":{},"end":{}}],"line":94},"18":{"loc":{"start":{"line":94,"column":14},"end":{"line":94,"column":56}},"type":"binary-expr","locations":[{"start":{"line":94,"column":14},"end":{"line":94,"column":23}},{"start":{"line":94,"column":27},"end":{"line":94,"column":56}}],"line":94},"19":{"loc":{"start":{"line":95,"column":12},"end":{"line":97,"column":13}},"type":"if","locations":[{"start":{"line":95,"column":12},"end":{"line":97,"column":13}},{"start":{},"end":{}}],"line":95},"20":{"loc":{"start":{"line":95,"column":16},"end":{"line":95,"column":74}},"type":"binary-expr","locations":[{"start":{"line":95,"column":16},"end":{"line":95,"column":33}},{"start":{"line":95,"column":37},"end":{"line":95,"column":74}}],"line":95},"21":{"loc":{"start":{"line":99,"column":12},"end":{"line":104,"column":13}},"type":"if","locations":[{"start":{"line":99,"column":12},"end":{"line":104,"column":13}},{"start":{},"end":{}}],"line":99},"22":{"loc":{"start":{"line":99,"column":16},"end":{"line":99,"column":92}},"type":"binary-expr","locations":[{"start":{"line":99,"column":16},"end":{"line":99,"column":30}},{"start":{"line":99,"column":34},"end":{"line":99,"column":63}},{"start":{"line":99,"column":67},"end":{"line":99,"column":92}}],"line":99},"23":{"loc":{"start":{"line":101,"column":14},"end":{"line":103,"column":15}},"type":"if","locations":[{"start":{"line":101,"column":14},"end":{"line":103,"column":15}},{"start":{},"end":{}}],"line":101},"24":{"loc":{"start":{"line":109,"column":8},"end":{"line":116,"column":9}},"type":"if","locations":[{"start":{"line":109,"column":8},"end":{"line":116,"column":9}},{"start":{},"end":{}}],"line":109},"25":{"loc":{"start":{"line":109,"column":12},"end":{"line":109,"column":57}},"type":"binary-expr","locations":[{"start":{"line":109,"column":12},"end":{"line":109,"column":38}},{"start":{"line":109,"column":42},"end":{"line":109,"column":57}}],"line":109},"26":{"loc":{"start":{"line":112,"column":12},"end":{"line":114,"column":13}},"type":"if","locations":[{"start":{"line":112,"column":12},"end":{"line":114,"column":13}},{"start":{},"end":{}}],"line":112},"27":{"loc":{"start":{"line":112,"column":16},"end":{"line":112,"column":62}},"type":"binary-expr","locations":[{"start":{"line":112,"column":16},"end":{"line":112,"column":27}},{"start":{"line":112,"column":31},"end":{"line":112,"column":62}}],"line":112},"28":{"loc":{"start":{"line":120,"column":8},"end":{"line":123,"column":9}},"type":"if","locations":[{"start":{"line":120,"column":8},"end":{"line":123,"column":9}},{"start":{},"end":{}}],"line":120},"29":{"loc":{"start":{"line":128,"column":4},"end":{"line":130,"column":5}},"type":"if","locations":[{"start":{"line":128,"column":4},"end":{"line":130,"column":5}},{"start":{},"end":{}}],"line":128},"30":{"loc":{"start":{"line":128,"column":8},"end":{"line":128,"column":106}},"type":"binary-expr","locations":[{"start":{"line":128,"column":8},"end":{"line":128,"column":24}},{"start":{"line":128,"column":29},"end":{"line":128,"column":53}},{"start":{"line":128,"column":57},"end":{"line":128,"column":79}},{"start":{"line":128,"column":83},"end":{"line":128,"column":105}}],"line":128}},"s":{"0":0,"1":0,"2":0,"3":0,"4":0,"5":0,"6":0,"7":0,"8":0,"9":0,"10":0,"11":0,"12":0,"13":0,"14":0,"15":0,"16":0,"17":0,"18":0,"19":0,"20":0,"21":0,"22":0,"23":0,"24":0,"25":0,"26":0,"27":0,"28":0,"29":0,"30":0,"31":0,"32":0,"33":0,"34":0,"35":0,"36":0,"37":0,"38":0,"39":0,"40":0,"41":0,"42":0,"43":0,"44":0,"45":0},"f":{"0":0,"1":0,"2":0},"b":{"0":[0],"1":[0,0,0,0],"2":[0,0],"3":[0,0],"4":[0,0],"5":[0,0],"6":[0,0],"7":[0,0],"8":[0,0],"9":[0,0],"10":[0,0],"11":[0,0],"12":[0,0],"13":[0,0],"14":[0,0],"15":[0,0],"16":[0,0],"17":[0,0],"18":[0,0],"19":[0,0],"20":[0,0],"21":[0,0],"22":[0,0,0],"23":[0,0],"24":[0,0],"25":[0,0],"26":[0,0],"27":[0,0],"28":[0,0],"29":[0,0],"30":[0,0,0,0]}}
,"C:\\Users\\gokha\\MatchTalk\\src\\components\\ui\\ToastContainer.tsx": {"path":"C:\\Users\\gokha\\MatchTalk\\src\\components\\ui\\ToastContainer.tsx","statementMap":{"0":{"start":{"line":18,"column":44},"end":{"line":72,"column":1}},"1":{"start":{"line":19,"column":20},"end":{"line":19,"column":60}},"2":{"start":{"line":20,"column":22},"end":{"line":20,"column":59}},"3":{"start":{"line":22,"column":2},"end":{"line":37,"column":9}},"4":{"start":{"line":24,"column":4},"end":{"line":36,"column":15}},"5":{"start":{"line":39,"column":23},"end":{"line":54,"column":3}},"6":{"start":{"line":40,"column":4},"end":{"line":53,"column":7}},"7":{"start":{"line":52,"column":6},"end":{"line":52,"column":25}},"8":{"start":{"line":56,"column":2},"end":{"line":71,"column":4}},"9":{"start":{"line":74,"column":33},"end":{"line":89,"column":1}},"10":{"start":{"line":75,"column":17},"end":{"line":75,"column":55}},"11":{"start":{"line":75,"column":42},"end":{"line":75,"column":54}},"12":{"start":{"line":76,"column":22},"end":{"line":76,"column":65}},"13":{"start":{"line":76,"column":47},"end":{"line":76,"column":64}},"14":{"start":{"line":78,"column":2},"end":{"line":80,"column":3}},"15":{"start":{"line":79,"column":4},"end":{"line":79,"column":16}},"16":{"start":{"line":82,"column":2},"end":{"line":88,"column":4}},"17":{"start":{"line":85,"column":8},"end":{"line":85,"column":73}},"18":{"start":{"line":91,"column":15},"end":{"line":138,"column":2}}},"fnMap":{"0":{"name":"(anonymous_0)","decl":{"start":{"line":18,"column":44},"end":{"line":18,"column":45}},"loc":{"start":{"line":18,"column":67},"end":{"line":72,"column":1}},"line":18},"1":{"name":"(anonymous_1)","decl":{"start":{"line":22,"column":12},"end":{"line":22,"column":13}},"loc":{"start":{"line":22,"column":18},"end":{"line":37,"column":3}},"line":22},"2":{"name":"(anonymous_2)","decl":{"start":{"line":39,"column":23},"end":{"line":39,"column":24}},"loc":{"start":{"line":39,"column":29},"end":{"line":54,"column":3}},"line":39},"3":{"name":"(anonymous_3)","decl":{"start":{"line":51,"column":13},"end":{"line":51,"column":14}},"loc":{"start":{"line":51,"column":19},"end":{"line":53,"column":5}},"line":51},"4":{"name":"(anonymous_4)","decl":{"start":{"line":74,"column":33},"end":{"line":74,"column":34}},"loc":{"start":{"line":74,"column":39},"end":{"line":89,"column":1}},"line":74},"5":{"name":"(anonymous_5)","decl":{"start":{"line":75,"column":31},"end":{"line":75,"column":32}},"loc":{"start":{"line":75,"column":42},"end":{"line":75,"column":54}},"line":75},"6":{"name":"(anonymous_6)","decl":{"start":{"line":76,"column":36},"end":{"line":76,"column":37}},"loc":{"start":{"line":76,"column":47},"end":{"line":76,"column":64}},"line":76},"7":{"name":"(anonymous_7)","decl":{"start":{"line":84,"column":18},"end":{"line":84,"column":19}},"loc":{"start":{"line":85,"column":8},"end":{"line":85,"column":73}},"line":85}},"branchMap":{"0":{"loc":{"start":{"line":78,"column":2},"end":{"line":80,"column":3}},"type":"if","locations":[{"start":{"line":78,"column":2},"end":{"line":80,"column":3}},{"start":{},"end":{}}],"line":78}},"s":{"0":0,"1":0,"2":0,"3":0,"4":0,"5":0,"6":0,"7":0,"8":0,"9":0,"10":0,"11":0,"12":0,"13":0,"14":0,"15":0,"16":0,"17":0,"18":0},"f":{"0":0,"1":0,"2":0,"3":0,"4":0,"5":0,"6":0,"7":0},"b":{"0":[0,0]}}
,"C:\\Users\\gokha\\MatchTalk\\src\\constants\\app.ts": {"path":"C:\\Users\\gokha\\MatchTalk\\src\\constants\\app.ts","statementMap":{"0":{"start":{"line":6,"column":26},"end":{"line":10,"column":10}},"1":{"start":{"line":13,"column":32},"end":{"line":20,"column":10}},"2":{"start":{"line":23,"column":28},"end":{"line":26,"column":10}},"3":{"start":{"line":29,"column":26},"end":{"line":32,"column":10}}},"fnMap":{},"branchMap":{},"s":{"0":3,"1":3,"2":3,"3":3},"f":{},"b":{},"_coverageSchema":"1a1c01bbd47fc00a2c39e90264f33305004495a9","hash":"4dc8c7d340971e511c3a21b7a012748ff6debb90"}
,"C:\\Users\\gokha\\MatchTalk\\src\\constants\\room.ts": {"path":"C:\\Users\\gokha\\MatchTalk\\src\\constants\\room.ts","statementMap":{"0":{"start":{"line":6,"column":26},"end":{"line":10,"column":10}},"1":{"start":{"line":13,"column":33},"end":{"line":17,"column":10}},"2":{"start":{"line":20,"column":32},"end":{"line":29,"column":10}}},"fnMap":{},"branchMap":{},"s":{"0":0,"1":0,"2":0},"f":{},"b":{}}
,"C:\\Users\\gokha\\MatchTalk\\src\\hooks\\useNavigation.ts": {"path":"C:\\Users\\gokha\\MatchTalk\\src\\hooks\\useNavigation.ts","statementMap":{"0":{"start":{"line":8,"column":29},"end":{"line":71,"column":1}},"1":{"start":{"line":9,"column":19},"end":{"line":9,"column":64}},"2":{"start":{"line":9,"column":49},"end":{"line":9,"column":63}},"3":{"start":{"line":10,"column":17},"end":{"line":10,"column":60}},"4":{"start":{"line":10,"column":47},"end":{"line":10,"column":59}},"5":{"start":{"line":11,"column":18},"end":{"line":11,"column":62}},"6":{"start":{"line":11,"column":48},"end":{"line":11,"column":61}},"7":{"start":{"line":12,"column":16},"end":{"line":12,"column":58}},"8":{"start":{"line":12,"column":46},"end":{"line":12,"column":57}},"9":{"start":{"line":13,"column":20},"end":{"line":13,"column":66}},"10":{"start":{"line":13,"column":50},"end":{"line":13,"column":65}},"11":{"start":{"line":14,"column":21},"end":{"line":14,"column":68}},"12":{"start":{"line":14,"column":51},"end":{"line":14,"column":67}},"13":{"start":{"line":15,"column":27},"end":{"line":15,"column":80}},"14":{"start":{"line":15,"column":57},"end":{"line":15,"column":79}},"15":{"start":{"line":16,"column":27},"end":{"line":16,"column":80}},"16":{"start":{"line":16,"column":57},"end":{"line":16,"column":79}},"17":{"start":{"line":17,"column":24},"end":{"line":20,"column":4}},"18":{"start":{"line":18,"column":18},"end":{"line":18,"column":29}},"19":{"start":{"line":19,"column":4},"end":{"line":19,"column":53}},"20":{"start":{"line":21,"column":24},"end":{"line":24,"column":4}},"21":{"start":{"line":22,"column":18},"end":{"line":22,"column":29}},"22":{"start":{"line":23,"column":4},"end":{"line":23,"column":43}},"23":{"start":{"line":26,"column":21},"end":{"line":31,"column":3}},"24":{"start":{"line":28,"column":6},"end":{"line":28,"column":31}},"25":{"start":{"line":33,"column":23},"end":{"line":35,"column":14}},"26":{"start":{"line":34,"column":4},"end":{"line":34,"column":13}},"27":{"start":{"line":37,"column":26},"end":{"line":42,"column":3}},"28":{"start":{"line":39,"column":6},"end":{"line":39,"column":30}},"29":{"start":{"line":44,"column":24},"end":{"line":46,"column":13}},"30":{"start":{"line":45,"column":4},"end":{"line":45,"column":12}},"31":{"start":{"line":48,"column":20},"end":{"line":53,"column":3}},"32":{"start":{"line":50,"column":6},"end":{"line":50,"column":32}},"33":{"start":{"line":55,"column":20},"end":{"line":57,"column":18}},"34":{"start":{"line":56,"column":4},"end":{"line":56,"column":17}},"35":{"start":{"line":59,"column":2},"end":{"line":70,"column":4}}},"fnMap":{"0":{"name":"(anonymous_0)","decl":{"start":{"line":8,"column":29},"end":{"line":8,"column":30}},"loc":{"start":{"line":8,"column":35},"end":{"line":71,"column":1}},"line":8},"1":{"name":"(anonymous_1)","decl":{"start":{"line":9,"column":38},"end":{"line":9,"column":39}},"loc":{"start":{"line":9,"column":49},"end":{"line":9,"column":63}},"line":9},"2":{"name":"(anonymous_2)","decl":{"start":{"line":10,"column":36},"end":{"line":10,"column":37}},"loc":{"start":{"line":10,"column":47},"end":{"line":10,"column":59}},"line":10},"3":{"name":"(anonymous_3)","decl":{"start":{"line":11,"column":37},"end":{"line":11,"column":38}},"loc":{"start":{"line":11,"column":48},"end":{"line":11,"column":61}},"line":11},"4":{"name":"(anonymous_4)","decl":{"start":{"line":12,"column":35},"end":{"line":12,"column":36}},"loc":{"start":{"line":12,"column":46},"end":{"line":12,"column":57}},"line":12},"5":{"name":"(anonymous_5)","decl":{"start":{"line":13,"column":39},"end":{"line":13,"column":40}},"loc":{"start":{"line":13,"column":50},"end":{"line":13,"column":65}},"line":13},"6":{"name":"(anonymous_6)","decl":{"start":{"line":14,"column":40},"end":{"line":14,"column":41}},"loc":{"start":{"line":14,"column":51},"end":{"line":14,"column":67}},"line":14},"7":{"name":"(anonymous_7)","decl":{"start":{"line":15,"column":46},"end":{"line":15,"column":47}},"loc":{"start":{"line":15,"column":57},"end":{"line":15,"column":79}},"line":15},"8":{"name":"(anonymous_8)","decl":{"start":{"line":16,"column":46},"end":{"line":16,"column":47}},"loc":{"start":{"line":16,"column":57},"end":{"line":16,"column":79}},"line":16},"9":{"name":"(anonymous_9)","decl":{"start":{"line":17,"column":43},"end":{"line":17,"column":44}},"loc":{"start":{"line":17,"column":54},"end":{"line":20,"column":3}},"line":17},"10":{"name":"(anonymous_10)","decl":{"start":{"line":21,"column":43},"end":{"line":21,"column":44}},"loc":{"start":{"line":21,"column":54},"end":{"line":24,"column":3}},"line":21},"11":{"name":"(anonymous_11)","decl":{"start":{"line":27,"column":4},"end":{"line":27,"column":5}},"loc":{"start":{"line":27,"column":55},"end":{"line":29,"column":5}},"line":27},"12":{"name":"(anonymous_12)","decl":{"start":{"line":33,"column":35},"end":{"line":33,"column":36}},"loc":{"start":{"line":33,"column":41},"end":{"line":35,"column":3}},"line":33},"13":{"name":"(anonymous_13)","decl":{"start":{"line":38,"column":4},"end":{"line":38,"column":5}},"loc":{"start":{"line":38,"column":55},"end":{"line":40,"column":5}},"line":38},"14":{"name":"(anonymous_14)","decl":{"start":{"line":44,"column":36},"end":{"line":44,"column":37}},"loc":{"start":{"line":44,"column":42},"end":{"line":46,"column":3}},"line":44},"15":{"name":"(anonymous_15)","decl":{"start":{"line":49,"column":4},"end":{"line":49,"column":5}},"loc":{"start":{"line":49,"column":55},"end":{"line":51,"column":5}},"line":49},"16":{"name":"(anonymous_16)","decl":{"start":{"line":55,"column":32},"end":{"line":55,"column":33}},"loc":{"start":{"line":55,"column":38},"end":{"line":57,"column":3}},"line":55}},"branchMap":{"0":{"loc":{"start":{"line":19,"column":11},"end":{"line":19,"column":52}},"type":"binary-expr","locations":[{"start":{"line":19,"column":11},"end":{"line":19,"column":42}},{"start":{"line":19,"column":46},"end":{"line":19,"column":52}}],"line":19}},"s":{"0":0,"1":0,"2":0,"3":0,"4":0,"5":0,"6":0,"7":0,"8":0,"9":0,"10":0,"11":0,"12":0,"13":0,"14":0,"15":0,"16":0,"17":0,"18":0,"19":0,"20":0,"21":0,"22":0,"23":0,"24":0,"25":0,"26":0,"27":0,"28":0,"29":0,"30":0,"31":0,"32":0,"33":0,"34":0,"35":0},"f":{"0":0,"1":0,"2":0,"3":0,"4":0,"5":0,"6":0,"7":0,"8":0,"9":0,"10":0,"11":0,"12":0,"13":0,"14":0,"15":0,"16":0},"b":{"0":[0,0]}}
,"C:\\Users\\gokha\\MatchTalk\\src\\hooks\\useResponsive.ts": {"path":"C:\\Users\\gokha\\MatchTalk\\src\\hooks\\useResponsive.ts","statementMap":{"0":{"start":{"line":31,"column":38},"end":{"line":36,"column":4}},"1":{"start":{"line":32,"column":4},"end":{"line":34,"column":5}},"2":{"start":{"line":33,"column":6},"end":{"line":33,"column":36}},"3":{"start":{"line":35,"column":4},"end":{"line":35,"column":16}},"4":{"start":{"line":38,"column":38},"end":{"line":46,"column":4}},"5":{"start":{"line":39,"column":4},"end":{"line":44,"column":5}},"6":{"start":{"line":40,"column":6},"end":{"line":43,"column":8}},"7":{"start":{"line":45,"column":4},"end":{"line":45,"column":38}},"8":{"start":{"line":48,"column":2},"end":{"line":72,"column":9}},"9":{"start":{"line":49,"column":4},"end":{"line":51,"column":5}},"10":{"start":{"line":50,"column":6},"end":{"line":50,"column":13}},"11":{"start":{"line":53,"column":25},"end":{"line":60,"column":5}},"12":{"start":{"line":54,"column":28},"end":{"line":54,"column":50}},"13":{"start":{"line":55,"column":6},"end":{"line":55,"column":35}},"14":{"start":{"line":56,"column":6},"end":{"line":59,"column":9}},"15":{"start":{"line":63,"column":4},"end":{"line":63,"column":19}},"16":{"start":{"line":66,"column":4},"end":{"line":66,"column":52}},"17":{"start":{"line":69,"column":4},"end":{"line":71,"column":6}},"18":{"start":{"line":70,"column":6},"end":{"line":70,"column":57}},"19":{"start":{"line":74,"column":2},"end":{"line":82,"column":4}},"20":{"start":{"line":89,"column":20},"end":{"line":89,"column":35}},"21":{"start":{"line":90,"column":2},"end":{"line":90,"column":35}},"22":{"start":{"line":97,"column":21},"end":{"line":97,"column":36}},"23":{"start":{"line":98,"column":2},"end":{"line":98,"column":18}},"24":{"start":{"line":105,"column":21},"end":{"line":105,"column":36}},"25":{"start":{"line":106,"column":2},"end":{"line":106,"column":18}},"26":{"start":{"line":113,"column":22},"end":{"line":113,"column":37}},"27":{"start":{"line":114,"column":2},"end":{"line":114,"column":19}}},"fnMap":{"0":{"name":"useResponsive","decl":{"start":{"line":30,"column":16},"end":{"line":30,"column":29}},"loc":{"start":{"line":30,"column":53},"end":{"line":83,"column":1}},"line":30},"1":{"name":"(anonymous_1)","decl":{"start":{"line":31,"column":59},"end":{"line":31,"column":60}},"loc":{"start":{"line":31,"column":65},"end":{"line":36,"column":3}},"line":31},"2":{"name":"(anonymous_2)","decl":{"start":{"line":38,"column":47},"end":{"line":38,"column":48}},"loc":{"start":{"line":38,"column":53},"end":{"line":46,"column":3}},"line":38},"3":{"name":"(anonymous_3)","decl":{"start":{"line":48,"column":12},"end":{"line":48,"column":13}},"loc":{"start":{"line":48,"column":18},"end":{"line":72,"column":3}},"line":48},"4":{"name":"(anonymous_4)","decl":{"start":{"line":53,"column":25},"end":{"line":53,"column":26}},"loc":{"start":{"line":53,"column":31},"end":{"line":60,"column":5}},"line":53},"5":{"name":"(anonymous_5)","decl":{"start":{"line":69,"column":11},"end":{"line":69,"column":12}},"loc":{"start":{"line":69,"column":17},"end":{"line":71,"column":5}},"line":69},"6":{"name":"useBreakpoint","decl":{"start":{"line":88,"column":16},"end":{"line":88,"column":29}},"loc":{"start":{"line":88,"column":69},"end":{"line":91,"column":1}},"line":88},"7":{"name":"useIsMobile","decl":{"start":{"line":96,"column":16},"end":{"line":96,"column":27}},"loc":{"start":{"line":96,"column":39},"end":{"line":99,"column":1}},"line":96},"8":{"name":"useIsTablet","decl":{"start":{"line":104,"column":16},"end":{"line":104,"column":27}},"loc":{"start":{"line":104,"column":39},"end":{"line":107,"column":1}},"line":104},"9":{"name":"useIsDesktop","decl":{"start":{"line":112,"column":16},"end":{"line":112,"column":28}},"loc":{"start":{"line":112,"column":40},"end":{"line":115,"column":1}},"line":112}},"branchMap":{"0":{"loc":{"start":{"line":32,"column":4},"end":{"line":34,"column":5}},"type":"if","locations":[{"start":{"line":32,"column":4},"end":{"line":34,"column":5}},{"start":{},"end":{}}],"line":32},"1":{"loc":{"start":{"line":39,"column":4},"end":{"line":44,"column":5}},"type":"if","locations":[{"start":{"line":39,"column":4},"end":{"line":44,"column":5}},{"start":{},"end":{}}],"line":39},"2":{"loc":{"start":{"line":49,"column":4},"end":{"line":51,"column":5}},"type":"if","locations":[{"start":{"line":49,"column":4},"end":{"line":51,"column":5}},{"start":{},"end":{}}],"line":49}},"s":{"0":0,"1":0,"2":0,"3":0,"4":0,"5":0,"6":0,"7":0,"8":0,"9":0,"10":0,"11":0,"12":0,"13":0,"14":0,"15":0,"16":0,"17":0,"18":0,"19":0,"20":0,"21":0,"22":0,"23":0,"24":0,"25":0,"26":0,"27":0},"f":{"0":0,"1":0,"2":0,"3":0,"4":0,"5":0,"6":0,"7":0,"8":0,"9":0},"b":{"0":[0,0],"1":[0,0],"2":[0,0]}}
,"C:\\Users\\gokha\\MatchTalk\\src\\hooks\\useWebSocket.ts": {"path":"C:\\Users\\gokha\\MatchTalk\\src\\hooks\\useWebSocket.ts","statementMap":{"0":{"start":{"line":12,"column":28},"end":{"line":121,"column":1}},"1":{"start":{"line":13,"column":28},"end":{"line":13,"column":42}},"2":{"start":{"line":14,"column":45},"end":{"line":14,"column":52}},"3":{"start":{"line":15,"column":23},"end":{"line":15,"column":38}},"4":{"start":{"line":16,"column":25},"end":{"line":16,"column":80}},"5":{"start":{"line":16,"column":59},"end":{"line":16,"column":79}},"6":{"start":{"line":19,"column":2},"end":{"line":21,"column":16}},"7":{"start":{"line":20,"column":4},"end":{"line":20,"column":35}},"8":{"start":{"line":23,"column":2},"end":{"line":65,"column":24}},"9":{"start":{"line":24,"column":4},"end":{"line":27,"column":5}},"10":{"start":{"line":25,"column":6},"end":{"line":25,"column":35}},"11":{"start":{"line":26,"column":6},"end":{"line":26,"column":13}},"12":{"start":{"line":29,"column":18},"end":{"line":29,"column":22}},"13":{"start":{"line":31,"column":20},"end":{"line":57,"column":5}},"14":{"start":{"line":32,"column":6},"end":{"line":56,"column":7}},"15":{"start":{"line":33,"column":23},"end":{"line":33,"column":54}},"16":{"start":{"line":35,"column":8},"end":{"line":37,"column":9}},"17":{"start":{"line":36,"column":10},"end":{"line":36,"column":17}},"18":{"start":{"line":39,"column":8},"end":{"line":43,"column":11}},"19":{"start":{"line":40,"column":10},"end":{"line":40,"column":45}},"20":{"start":{"line":42,"column":10},"end":{"line":42,"column":27}},"21":{"start":{"line":45,"column":8},"end":{"line":47,"column":11}},"22":{"start":{"line":46,"column":10},"end":{"line":46,"column":48}},"23":{"start":{"line":49,"column":8},"end":{"line":51,"column":11}},"24":{"start":{"line":50,"column":10},"end":{"line":50,"column":57}},"25":{"start":{"line":53,"column":8},"end":{"line":55,"column":9}},"26":{"start":{"line":54,"column":10},"end":{"line":54,"column":57}},"27":{"start":{"line":59,"column":4},"end":{"line":59,"column":14}},"28":{"start":{"line":61,"column":4},"end":{"line":64,"column":6}},"29":{"start":{"line":62,"column":6},"end":{"line":62,"column":22}},"30":{"start":{"line":63,"column":6},"end":{"line":63,"column":35}},"31":{"start":{"line":67,"column":2},"end":{"line":120,"column":4}},"32":{"start":{"line":71,"column":6},"end":{"line":77,"column":7}},"33":{"start":{"line":72,"column":8},"end":{"line":72,"column":47}},"34":{"start":{"line":74,"column":29},"end":{"line":74,"column":83}},"35":{"start":{"line":75,"column":8},"end":{"line":75,"column":72}},"36":{"start":{"line":76,"column":8},"end":{"line":76,"column":64}},"37":{"start":{"line":80,"column":6},"end":{"line":85,"column":7}},"38":{"start":{"line":81,"column":8},"end":{"line":81,"column":48}},"39":{"start":{"line":83,"column":8},"end":{"line":83,"column":58}},"40":{"start":{"line":88,"column":6},"end":{"line":93,"column":7}},"41":{"start":{"line":89,"column":8},"end":{"line":89,"column":58}},"42":{"start":{"line":91,"column":8},"end":{"line":91,"column":63}},"43":{"start":{"line":92,"column":8},"end":{"line":92,"column":20}},"44":{"start":{"line":96,"column":6},"end":{"line":101,"column":7}},"45":{"start":{"line":97,"column":8},"end":{"line":97,"column":45}},"46":{"start":{"line":99,"column":8},"end":{"line":99,"column":62}},"47":{"start":{"line":100,"column":8},"end":{"line":100,"column":20}},"48":{"start":{"line":104,"column":6},"end":{"line":108,"column":7}},"49":{"start":{"line":105,"column":8},"end":{"line":105,"column":46}},"50":{"start":{"line":107,"column":8},"end":{"line":107,"column":62}},"51":{"start":{"line":111,"column":6},"end":{"line":116,"column":7}},"52":{"start":{"line":112,"column":8},"end":{"line":112,"column":50}},"53":{"start":{"line":114,"column":8},"end":{"line":114,"column":67}},"54":{"start":{"line":115,"column":8},"end":{"line":115,"column":20}}},"fnMap":{"0":{"name":"(anonymous_0)","decl":{"start":{"line":12,"column":28},"end":{"line":12,"column":29}},"loc":{"start":{"line":12,"column":67},"end":{"line":121,"column":1}},"line":12},"1":{"name":"(anonymous_1)","decl":{"start":{"line":16,"column":48},"end":{"line":16,"column":49}},"loc":{"start":{"line":16,"column":59},"end":{"line":16,"column":79}},"line":16},"2":{"name":"(anonymous_2)","decl":{"start":{"line":19,"column":12},"end":{"line":19,"column":13}},"loc":{"start":{"line":19,"column":18},"end":{"line":21,"column":3}},"line":1
[...]
,"C:\\Users\\gokha\\MatchTalk\\src\\utils\\performance.ts": {"path":"C:\\Users\\gokha\\MatchTalk\\src\\utils\\performance.ts","statementMap":{"0":{"start":{"line":19,"column":30},"end":{"line":25,"column":10}},"1":{"start":{"line":31,"column":20},"end":{"line":31,"column":85}},"2":{"start":{"line":32,"column":2},"end":{"line":34,"column":3}},"3":{"start":{"line":33,"column":4},"end":{"line":33,"column":18}},"4":{"start":{"line":36,"column":2},"end":{"line":42,"column":3}},"5":{"start":{"line":37,"column":4},"end":{"line":37,"column":18}},"6":{"start":{"line":38,"column":9},"end":{"line":42,"column":3}},"7":{"start":{"line":39,"column":4},"end":{"line":39,"column":31}},"8":{"start":{"line":41,"column":4},"end":{"line":41,"column":18}},"9":{"start":{"line":49,"column":2},"end":{"line":51,"column":3}},"10":{"start":{"line":50,"column":4},"end":{"line":50,"column":11}},"11":{"start":{"line":71,"column":16},"end":{"line":71,"column":33}},"12":{"start":{"line":72,"column":17},"end":{"line":72,"column":21}},"13":{"start":{"line":73,"column":14},"end":{"line":73,"column":31}},"14":{"start":{"line":74,"column":19},"end":{"line":74,"column":30}},"15":{"start":{"line":76,"column":2},"end":{"line":78,"column":3}},"16":{"start":{"line":77,"column":4},"end":{"line":77,"column":67}},"17":{"start":{"line":80,"column":2},"end":{"line":80,"column":23}},"18":{"start":{"line":81,"column":2},"end":{"line":81,"column":16}},"19":{"start":{"line":92,"column":16},"end":{"line":92,"column":33}},"20":{"start":{"line":93,"column":17},"end":{"line":93,"column":27}},"21":{"start":{"line":94,"column":14},"end":{"line":94,"column":31}},"22":{"start":{"line":95,"column":19},"end":{"line":95,"column":30}},"23":{"start":{"line":97,"column":2},"end":{"line":99,"column":3}},"24":{"start":{"line":98,"column":4},"end":{"line":98,"column":67}},"25":{"start":{"line":101,"column":2},"end":{"line":101,"column":23}},"26":{"start":{"line":102,"column":2},"end":{"line":102,"column":16}},"27":{"start":{"line":109,"column":2},"end":{"line":111,"column":3}},"28":{"start":{"line":110,"column":4},"end":{"line":110,"column":27}},"29":{"start":{"line":118,"column":2},"end":{"line":127,"column":3}},"30":{"start":{"line":119,"column":4},"end":{"line":126,"column":5}},"31":{"start":{"line":120,"column":6},"end":{"line":120,"column":59}},"32":{"start":{"line":121,"column":22},"end":{"line":121,"column":63}},"33":{"start":{"line":122,"column":6},"end":{"line":122,"column":49}},"34":{"start":{"line":124,"column":6},"end":{"line":124,"column":77}},"35":{"start":{"line":125,"column":6},"end":{"line":125,"column":18}},"36":{"start":{"line":128,"column":2},"end":{"line":128,"column":14}},"37":{"start":{"line":135,"column":2},"end":{"line":137,"column":3}},"38":{"start":{"line":136,"column":4},"end":{"line":136,"column":36}},"39":{"start":{"line":138,"column":2},"end":{"line":138,"column":12}},"40":{"start":{"line":145,"column":2},"end":{"line":148,"column":3}},"41":{"start":{"line":146,"column":4},"end":{"line":146,"column":29}},"42":{"start":{"line":147,"column":4},"end":{"line":147,"column":32}},"43":{"start":{"line":155,"column":2},"end":{"line":170,"column":3}},"44":{"start":{"line":156,"column":20},"end":{"line":156,"column":60}},"45":{"start":{"line":157,"column":20},"end":{"line":157,"column":21}},"46":{"start":{"line":159,"column":4},"end":{"line":165,"column":7}},"47":{"start":{"line":160,"column":18},"end":{"line":160,"column":51}},"48":{"start":{"line":161,"column":6},"end":{"line":164,"column":7}},"49":{"start":{"line":163,"column":8},"end":{"line":163,"column":59}},"50":{"start":{"line":167,"column":4},"end":{"line":169,"column":5}},"51":{"start":{"line":168,"column":6},"end":{"line":168,"column":90}}},"fnMap":{"0":{"name":"getRating","decl":{"start":{"line":30,"column":9},"end":{"line":30,"column":18}},"loc":{"start":{"line":30,"column":87},"end":{"line":43,"column":1}},"line":30},"1":{"name":"reportWebVitals","decl":{"start":{"line":48,"column":16},"end":{"line":48,"column":31}},"loc":{"start":{"line":48,"column":73},"end":{"line":61,"column":1}},"line":48},"2":{"name":"measurePerformance","decl":{"start":{"line":66,"column":16},"end":{"line":66,"column":34}},"loc":{"start":{"line":70,"column":5},"end":{"line":82,"column":1}},"line":70},"3":{"name":"measureAsyncPerformance","decl":{"start":{"line":87,"column":22},"end":{"line":87,"column":45}},"loc":{"start":{"line":91,"column":14},"end":{"line":103,"column":1}},"line":91},"4":{"name":"mark","decl":{"start":{"line":108,"column":16},"end":{"line":108,"column":20}},"loc":{"start":{"line":108,"column":41},"end":{"line":112,"column":1}},"line":108},"5":{"name":"measure","decl":{"start":{"line":117,"column":16},"end":{"line":117,"column":23}},"loc":{"start":{"line":117,"column":107},"end":{"line":129,"column":1}},"line":117},"6":{"name":"getPerformanceEntries","decl":{"start":{"line":134,"column":16},"end":{"line":134,"column":37}},"loc":{"start":{"line":134,"column":60},"end":{"line":139,"column":1}},"line":134},"7":{"name":"clearPerformanceEntries","decl":{"start":{"line":144,"column":16},"end":{"line":144,"column":39}},"loc":{"start":{"line":144,"column":48},"end":{"line":149,"column":1}},"line":144},"8":{"name":"trackBundleSize","decl":{"start":{"line":154,"column":16},"end":{"line":154,"column":31}},"loc":{"start":{"line":154,"column":40},"end":{"line":171,"column":1}},"line":154},"9":{"name":"(anonymous_9)","decl":{"start":{"line":159,"column":20},"end":{"line":159,"column":21}},"loc":{"start":{"line":159,"column":32},"end":{"line":165,"column":5}},"line":159}},"branchMap":{"0":{"loc":{"start":{"line":32,"column":2},"end":{"line":34,"column":3}},"type":"if","locations":[{"start":{"line":32,"column":2},"end":{"line":34,"column":3}},{"start":{},"end":{}}],"line":32},"1":{"loc":{"start":{"line":36,"column":2},"end":{"line":42,"column":3}},"type":"if","locations":[{"start":{"line":36,"column":2},"end":{"line":42,"column":3}},{"start":{"line":38,"column":9},"end":{"line":42,"column":3}}],"line":36},"2":{"loc":{"start":{"line":38,"column":9},"end":{"line":42,"column":3}},"type":"if","locations":[{"start":{"line":38,"column":9},"end":{"line":42,"column":3}},{"start":{"line":40,"column":9},"end":{"line":42,"column":3}}],"line":38},"3":{"loc":{"start":{"line":49,"column":2},"end":{"line":51,"column":3}},"type":"if","locations":[{"start":{"line":49,"column":2},"end":{"line":51,"column":3}},{"start":{},"end":{}}],"line":49},"4":{"loc":{"start":{"line":49,"column":6},"end":{"line":49,"column":51}},"type":"binary-expr","locations":[{"start":{"line":49,"column":6},"end":{"line":49,"column":35}},{"start":{"line":49,"column":39},"end":{"line":49,"column":51}}],"line":49},"5":{"loc":{"start":{"line":76,"column":2},"end":{"line":78,"column":3}},"type":"if","locations":[{"start":{"line":76,"column":2},"end":{"line":78,"column":3}},{"start":{},"end":{}}],"line":76},"6":{"loc":{"start":{"line":97,"column":2},"end":{"line":99,"column":3}},"type":"if","locations":[{"start":{"line":97,"column":2},"end":{"line":99,"column":3}},{"start":{},"end":{}}],"line":97},"7":{"loc":{"start":{"line":109,"column":2},"end":{"line":111,"column":3}},"type":"if","locations":[{"start":{"line":109,"column":2},"end":{"line":111,"column":3}},{"start":{},"end":{}}],"line":109},"8":{"loc":{"start":{"line":109,"column":6},"end":{"line":109,"column":60}},"type":"binary-expr","locations":[{"start":{"line":109,"column":6},"end":{"line":109,"column":40}},{"start":{"line":109,"column":44},"end":{"line":109,"column":60}}],"line":109},"9":{"loc":{"start":{"line":118,"column":2},"end":{"line":127,"column":3}},"type":"if","locations":[{"start":{"line":118,"column":2},"end":{"line":127,"column":3}},{"start":{},"end":{}}],"line":118},"10":{"loc":{"start":{"line":118,"column":6},"end":{"line":118,"column":63}},"type":"binary-expr","locations":[{"start":{"line":118,"column":6},"end":{"line":118,"column":40}},{"start":{"line":118,"column":44},"end":{"line":118,"column":63}}],"line":118},"11":{"loc":{"start":{"line":122,"column":13},"end":{"line":122,"column":48}},"type":"binary-expr","locations":[{"start":{"line":122,"column":13},"end":{"line":122,"column":40}},{"start":{"line":122,"column":44},"end":{"line":122,"column":48}}],"line":122},"12":{"loc":{"start":{"line":135,"column":2},"end":{"line":137,"column":3}},"type":"if","locations":[{"start":{"line":135,"column":2},"end":{"line":137,"column":3}},{"start":{},"end":{}}],"line":135},"13":{"loc":{"start":{"line":135,"column":6},"end":{"line":135,"column":66}},"type":"binary-expr","locations":[{"start":{"line":135,"column":6},"end":{"line":135,"column":40}},{"start":{"line":135,"column":44},"end":{"line":135,"column":66}}],"line":135},"14":{"loc":{"start":{"line":145,"column":2},"end":{"line":148,"column":3}},"type":"if","locations":[{"start":{"line":145,"column":2},"end":{"line":148,"column":3}},{"start":{},"end":{}}],"line":145},"15":{"loc":{"start":{"line":145,"column":6},"end":{"line":145,"column":95}},"type":"binary-expr","locations":[{"start":{"line":145,"column":6},"end":{"line":145,"column":40}},{"start":{"line":145,"column":44},"end":{"line":145,"column":66}},{"start":{"line":145,"column":70},"end":{"line":145,"column":95}}],"line":145},"16":{"loc":{"start":{"line":155,"column":2},"end":{"line":170,"column":3}},"type":"if","locations":[{"start":{"line":155,"column":2},"end":{"line":170,"column":3}},{"start":{},"end":{}}],"line":155},"17":{"loc":{"start":{"line":155,"column":6},"end":{"line":155,"column":77}},"type":"binary-expr","locations":[{"start":{"line":155,"column":6},"end":{"line":155,"column":44}},{"start":{"line":155,"column":48},"end":{"line":155,"column":77}}],"line":155},"18":{"loc":{"start":{"line":161,"column":6},"end":{"line":164,"column":7}},"type":"if","locations":[{"start":{"line":161,"column":6},"end":{"line":164,"column":7}},{"start":{},"end":{}}],"line":161},"19":{"loc":{"start":{"line":167,"column":4},"end":{"line":169,"column":5}},"type":"if","locations":[{"start":{"line":167,"column":4},"end":{"line":169,"column":5}},{"start":{},"end":{}}],"line":167}},"s":{"0":0,"1":0,"2":0,"3":0,"4":0,"5":0,"6":0,"7":0,"8":0,"9":0,"10":0,"11":0,"12":0,"13":0,"14":0,"15":0,"16":0,"17":0,"18":0,"19":0,"20":0,"21":0,"22":0,"23":0,"24":0,"25":0,"26":0,"27":0,"28":0,"29":0,"30":0,"31":0,"32":0,"33":0,"34":0,"35":0,"36":0,"37":0,"38":0,"39":0,"40":0,"41":0,"42":0,"43":0,"44":0,"45":0,"46":0,"47":0,"48":0,"49":0,"50":0,"51":0},"f":{"0":0,"1":0,"2":0,"3":0,"4":0,"5":0,"6":0,"7":0,"8":0,"9":0},"b":{"0":[0,0],"1":[0,0],"2":[0,0],"3":[0,0],"4":[0,0],"5":[0,0],"6":[0,0],"7":[0,0],"8":[0,0],"9":[0,0],"10":[0,0],"11":[0,0],"12":[0,0],"13":[0,0],"14":[0,0],"15":[0,0,0],"16":[0,0],"17":[0,0],"18":[0,0],"19":[0,0]}}
,"C:\\Users\\gokha\\MatchTalk\\src\\utils\\shareUtils.ts": {"path":"C:\\Users\\gokha\\MatchTalk\\src\\utils\\shareUtils.ts","statementMap":{"0":{"start":{"line":8,"column":19},"end":{"line":13,"column":1}},"1":{"start":{"line":9,"column":2},"end":{"line":11,"column":3}},"2":{"start":{"line":10,"column":4},"end":{"line":10,"column":66}},"3":{"start":{"line":12,"column":2},"end":{"line":12,"column":12}},"4":{"start":{"line":18,"column":32},"end":{"line":21,"column":1}},"5":{"start":{"line":19,"column":18},"end":{"line":19,"column":30}},"6":{"start":{"line":20,"column":2},"end":{"line":20,"column":37}},"7":{"start":{"line":26,"column":29},"end":{"line":29,"column":1}},"8":{"start":{"line":27,"column":18},"end":{"line":27,"column":30}},"9":{"start":{"line":28,"column":2},"end":{"line":28,"column":39}},"10":{"start":{"line":34,"column":24},"end":{"line":55,"column":1}},"11":{"start":{"line":35,"column":2},"end":{"line":54,"column":3}},"12":{"start":{"line":36,"column":4},"end":{"line":50,"column":5}},"13":{"start":{"line":37,"column":6},"end":{"line":37,"column":48}},"14":{"start":{"line":38,"column":6},"end":{"line":38,"column":18}},"15":{"start":{"line":41,"column":23},"end":{"line":41,"column":57}},"16":{"start":{"line":42,"column":6},"end":{"line":42,"column":28}},"17":{"start":{"line":43,"column":6},"end":{"line":43,"column":40}},"18":{"start":{"line":44,"column":6},"end":{"line":44,"column":40}},"19":{"start":{"line":45,"column":6},"end":{"line":45,"column":42}},"20":{"start":{"line":46,"column":6},"end":{"line":46,"column":24}},"21":{"start":{"line":47,"column":22},"end":{"line":47,"column":50}},"22":{"start":{"line":48,"column":6},"end":{"line":48,"column":42}},"23":{"start":{"line":49,"column":6},"end":{"line":49,"column":21}},"24":{"start":{"line":52,"column":4},"end":{"line":52,"column":57}},"25":{"start":{"line":53,"column":4},"end":{"line":53,"column":17}},"26":{"start":{"line":60,"column":29},"end":{"line":83,"column":1}},"27":{"start":{"line":61,"column":15},"end":{"line":61,"column":39}},"28":{"start":{"line":62,"column":15},"end":{"line":62,"column":109}},"29":{"start":{"line":65,"column":2},"end":{"line":79,"column":3}},"30":{"start":{"line":66,"column":4},"end":{"line":78,"column":5}},"31":{"start":{"line":67,"column":6},"end":{"line":71,"column":9}},"32":{"start":{"line":72,"column":6},"end":{"line":72,"column":18}},"33":{"start":{"line":75,"column":6},"end":{"line":77,"column":7}},"34":{"start":{"line":76,"column":8},"end":{"line":76,"column":53}},"35":{"start":{"line":82,"column":2},"end":{"line":82,"column":37}},"36":{"start":{"line":88,"column":31},"end":{"line":112,"column":1}},"37":{"start":{"line":89,"column":15},"end":{"line":89,"column":36}},"38":{"start":{"line":90,"column":15},"end":{"line":92,"column":62}},"39":{"start":{"line":95,"column":2},"end":{"line":108,"column":3}},"40":{"start":{"line":96,"column":4},"end":{"line":107,"column":5}},"41":{"start":{"line":97,"column":6},"end":{"line":101,"column":9}},"42":{"start":{"line":102,"column":6},"end":{"line":102,"column":18}},"43":{"start":{"line":104,"column":6},"end":{"line":106,"column":7}},"44":{"start":{"line":105,"column":8},"end":{"line":105,"column":53}},"45":{"start":{"line":111,"column":2},"end":{"line":111,"column":37}}},"fnMap":{"0":{"name":"(anonymous_0)","decl":{"start":{"line":8,"column":19},"end":{"line":8,"column":20}},"loc":{"start":{"line":8,"column":33},"end":{"line":13,"column":1}},"line":8},"1":{"name":"(anonymous_1)","decl":{"start":{"line":18,"column":32},"end":{"line":18,"column":33}},"loc":{"start":{"line":18,"column":60},"end":{"line":21,"column":1}},"line":18},"2":{"name":"(anonymous_2)","decl":{"start":{"line":26,"column":29},"end":{"line":26,"column":30}},"loc":{"start":{"line":26,"column":57},"end":{"line":29,"column":1}},"line":26},"3":{"name":"(anonymous_3)","decl":{"start":{"line":34,"column":24},"end":{"line":34,"column":25}},"loc":{"start":{"line":34,"column":66},"end":{"line":55,"column":1}},"line":34},"4":{"name":"(anonymous_4)","decl":{"start":{"line":60,"column":29},"end":{"line":60,"column":30}},"loc":{"start":{"line":60,"column":92},"end":{"line":83,"column":1}},"line":60},"5":{"name":"(anonymous_5)","decl":{"start":{"line":88,"column":31},"end":{"line":88,"column":32}},"loc":{"start":{"line":88,"column":94},"end":{"line":112,"column":1}},"line":88}},"branchMap":{"0":{"loc":{"start":{"line":9,"column":2},"end":{"line":11,"column":3}},"type":"if","locations":[{"start":{"line":9,"column":2},"end":{"line":11,"column":3}},{"start":{},"end":{}}],"line":9},"1":{"loc":{"start":{"line":36,"column":4},"end":{"line":50,"column":5}},"type":"if","locations":[{"start":{"line":36,"column":4},"end":{"line":50,"column":5}},{"start":{"line":39,"column":11},"end":{"line":50,"column":5}}],"line":36},"2":{"loc":{"start":{"line":36,"column":8},"end":{"line":36,"column":60}},"type":"binary-expr","locations":[{"start":{"line":36,"column":8},"end":{"line":36,"column":27}},{"start":{"line":36,"column":31},"end":{"line":36,"column":60}}],"line":36},"3":{"loc":{"start":{"line":62,"column":15},"end":{"line":62,"column":109}},"type":"cond-expr","locations":[{"start":{"line":62,"column":26},"end":{"line":62,"column":68}},{"start":{"line":62,"column":71},"end":{"line":62,"column":109}}],"line":62},"4":{"loc":{"start":{"line":65,"column":2},"end":{"line":79,"column":3}},"type":"if","locations":[{"start":{"line":65,"column":2},"end":{"line":79,"column":3}},{"start":{},"end":{}}],"line":65},"5":{"loc":{"start":{"line":68,"column":15},"end":{"line":68,"column":43}},"type":"binary-expr","locations":[{"start":{"line":68,"column":15},"end":{"line":68,"column":23}},{"start":{"line":68,"column":27},"end":{"line":68,"column":43}}],"line":68},"6":{"loc":{"start":{"line":75,"column":6},"end":{"line":77,"column":7}},"type":"if","locations":[{"start":{"line":75,"column":6},"end":{"line":77,"column":7}},{"start":{},"end":{}}],"line":75},"7":{"loc":{"start":{"line":90,"column":15},"end":{"line":92,"column":62}},"type":"cond-expr","locations":[{"start":{"line":91,"column":6},"end":{"line":91,"column":66}},{"start":{"line":92,"column":6},"end":{"line":92,"column":62}}],"line":90},"8":{"loc":{"start":{"line":95,"column":2},"end":{"line":108,"column":3}},"type":"if","locations":[{"start":{"line":95,"column":2},"end":{"line":108,"column":3}},{"start":{},"end":{}}],"line":95},"9":{"loc":{"start":{"line":98,"column":15},"end":{"line":98,"column":76}},"type":"cond-expr","locations":[{"start":{"line":98,"column":26},"end":{"line":98,"column":51}},{"start":{"line":98,"column":54},"end":{"line":98,"column":76}}],"line":98},"10":{"loc":{"start":{"line":104,"column":6},"end":{"line":106,"column":7}},"type":"if","locations":[{"start":{"line":104,"column":6},"end":{"line":106,"column":7}},{"start":{},"end":{}}],"line":104}},"s":{"0":0,"1":0,"2":0,"3":0,"4":0,"5":0,"6":0,"7":0,"8":0,"9":0,"10":0,"11":0,"12":0,"13":0,"14":0,"15":0,"16":0,"17":0,"18":0,"19":0,"20":0,"21":0,"22":0,"23":0,"24":0,"25":0,"26":0,"27":0,"28":0,"29":0,"30":0,"31":0,"32":0,"33":0,"34":0,"35":0,"36":0,"37":0,"38":0,"39":0,"40":0,"41":0,"42":0,"43":0,"44":0,"45":0},"f":{"0":0,"1":0,"2":0,"3":0,"4":0,"5":0},"b":{"0":[0,0],"1":[0,0],"2":[0,0],"3":[0,0],"4":[0,0],"5":[0,0],"6":[0,0],"7":[0,0],"8":[0,0],"9":[0,0],"10":[0,0]}}
}
