{"C:\\Users\\gokha\\MatchTalk\\src\\components\\common\\Avatar.tsx": {"path":"C:\\Users\\gokha\\MatchTalk\\src\\components\\common\\Avatar.tsx","statementMap":{"0":{"start":{"line":11,"column":39},"end":{"line":17,"column":1}},"1":{"start":{"line":12,"column":2},"end":{"line":16,"column":4}},"2":{"start":{"line":19,"column":15},"end":{"line":25,"column":2}}},"fnMap":{"0":{"name":"(anonymous_0)","decl":{"start":{"line":11,"column":39},"end":{"line":11,"column":40}},"loc":{"start":{"line":11,"column":68},"end":{"line":17,"column":1}},"line":11}},"branchMap":{"0":{"loc":{"start":{"line":11,"column":46},"end":{"line":11,"column":55}},"type":"default-arg","locations":[{"start":{"line":11,"column":53},"end":{"line":11,"column":55}}],"line":11}},"s":{"0":1,"1":0,"2":1},"f":{"0":0},"b":{"0":[0]},"_coverageSchema":"1a1c01bbd47fc00a2c39e90264f33305004495a9","hash":"a79deb40cdef8645fe49567c5df5174fe21f5f63"}
,"C:\\Users\\gokha\\MatchTalk\\src\\components\\common\\AvatarGroup.tsx": {"path":"C:\\Users\\gokha\\MatchTalk\\src\\components\\common\\AvatarGroup.tsx","statementMap":{"0":{"start":{"line":12,"column":44},"end":{"line":39,"column":1}},"1":{"start":{"line":13,"column":20},"end":{"line":13,"column":38}},"2":{"start":{"line":14,"column":16},"end":{"line":14,"column":46}},"3":{"start":{"line":16,"column":2},"end":{"line":38,"column":4}},"4":{"start":{"line":19,"column":8},"end":{"line":21,"column":15}},"5":{"start":{"line":41,"column":15},"end":{"line":55,"column":2}}},"fnMap":{"0":{"name":"(anonymous_0)","decl":{"start":{"line":12,"column":44},"end":{"line":12,"column":45}},"loc":{"start":{"line":12,"column":83},"end":{"line":39,"column":1}},"line":12},"1":{"name":"(anonymous_1)","decl":{"start":{"line":18,"column":21},"end":{"line":18,"column":22}},"loc":{"start":{"line":19,"column":8},"end":{"line":21,"column":15}},"line":19}},"branchMap":{"0":{"loc":{"start":{"line":12,"column":52},"end":{"line":12,"column":59}},"type":"default-arg","locations":[{"start":{"line":12,"column":58},"end":{"line":12,"column":59}}],"line":12},"1":{"loc":{"start":{"line":12,"column":61},"end":{"line":12,"column":70}},"type":"default-arg","locations":[{"start":{"line":12,"column":68},"end":{"line":12,"column":70}}],"line":12},"2":{"loc":{"start":{"line":19,"column":64},"end":{"line":19,"column":91}},"type":"cond-expr","locations":[{"start":{"line":19,"column":76},"end":{"line":19,"column":77}},{"start":{"line":19,"column":80},"end":{"line":19,"column":91}}],"line":19},"3":{"loc":{"start":{"line":23,"column":7},"end":{"line":36,"column":7}},"type":"binary-expr","locations":[{"start":{"line":23,"column":7},"end":{"line":23,"column":16}},{"start":{"line":24,"column":8},"end":{"line":35,"column":15}}],"line":23}},"s":{"0":1,"1":1,"2":1,"3":1,"4":0,"5":1},"f":{"0":1,"1":0},"b":{"0":[1],"1":[0],"2":[0,0],"3":[1,0]},"_coverageSchema":"1a1c01bbd47fc00a2c39e90264f33305004495a9","hash":"31332ba9e028c6e606e621efadcb0f8c7cdb5f20"}
,"C:\\Users\\gokha\\MatchTalk\\src\\components\\common\\Button.tsx": {"path":"C:\\Users\\gokha\\MatchTalk\\src\\components\\common\\Button.tsx","statementMap":{"0":{"start":{"line":24,"column":44},"end":{"line":28,"column":1}},"1":{"start":{"line":30,"column":39},"end":{"line":73,"column":1}},"2":{"start":{"line":41,"column":2},"end":{"line":72,"column":4}},"3":{"start":{"line":45,"column":37},"end":{"line":57,"column":7}},"4":{"start":{"line":75,"column":15},"end":{"line":127,"column":2}}},"fnMap":{"0":{"name":"(anonymous_0)","decl":{"start":{"line":30,"column":39},"end":{"line":30,"column":40}},"loc":{"start":{"line":40,"column":6},"end":{"line":73,"column":1}},"line":40},"1":{"name":"(anonymous_1)","decl":{"start":{"line":45,"column":13},"end":{"line":45,"column":14}},"loc":{"start":{"line":45,"column":37},"end":{"line":57,"column":7}},"line":45}},"branchMap":{"0":{"loc":{"start":{"line":33,"column":2},"end":{"line":33,"column":21}},"type":"default-arg","locations":[{"start":{"line":33,"column":12},"end":{"line":33,"column":21}}],"line":33},"1":{"loc":{"start":{"line":34,"column":2},"end":{"line":34,"column":13}},"type":"default-arg","locations":[{"start":{"line":34,"column":9},"end":{"line":34,"column":13}}],"line":34},"2":{"loc":{"start":{"line":48,"column":8},"end":{"line":48,"column":47}},"type":"binary-expr","locations":[{"start":{"line":48,"column":8},"end":{"line":48,"column":29}},{"start":{"line":48,"column":33},"end":{"line":48,"column":47}}],"line":48},"3":{"loc":{"start":{"line":49,"column":8},"end":{"line":49,"column":47}},"type":"binary-expr","locations":[{"start":{"line":49,"column":8},"end":{"line":49,"column":29}},{"start":{"line":49,"column":33},"end":{"line":49,"column":47}}],"line":49},"4":{"loc":{"start":{"line":50,"column":8},"end":{"line":50,"column":43}},"type":"binary-expr","locations":[{"start":{"line":50,"column":8},"end":{"line":50,"column":27}},{"start":{"line":50,"column":31},"end":{"line":50,"column":43}}],"line":50},"5":{"loc":{"start":{"line":51,"column":8},"end":{"line":51,"column":36}},"type":"binary-expr","locations":[{"start":{"line":51,"column":8},"end":{"line":51,"column":17}},{"start":{"line":51,"column":21},"end":{"line":51,"column":36}}],"line":51},"6":{"loc":{"start":{"line":52,"column":8},"end":{"line":52,"column":63}},"type":"binary-expr","locations":[{"start":{"line":52,"column":8},"end":{"line":52,"column":15}},{"start":{"line":52,"column":19},"end":{"line":52,"column":40}},{"start":{"line":52,"column":44},"end":{"line":52,"column":63}}],"line":52},"7":{"loc":{"start":{"line":53,"column":8},"end":{"line":53,"column":63}},"type":"binary-expr","locations":[{"start":{"line":53,"column":8},"end":{"line":53,"column":15}},{"start":{"line":53,"column":19},"end":{"line":53,"column":40}},{"start":{"line":53,"column":44},"end":{"line":53,"column":63}}],"line":53},"8":{"loc":{"start":{"line":54,"column":8},"end":{"line":54,"column":33}},"type":"binary-expr","locations":[{"start":{"line":54,"column":8},"end":{"line":54,"column":15}},{"start":{"line":54,"column":19},"end":{"line":54,"column":33}}],"line":54},"9":{"loc":{"start":{"line":55,"column":8},"end":{"line":55,"column":35}},"type":"binary-expr","locations":[{"start":{"line":55,"column":8},"end":{"line":55,"column":16}},{"start":{"line":55,"column":20},"end":{"line":55,"column":35}}],"line":55},"10":{"loc":{"start":{"line":62,"column":12},"end":{"line":62,"column":55}},"type":"binary-expr","locations":[{"start":{"line":62,"column":12},"end":{"line":62,"column":33}},{"start":{"line":62,"column":37},"end":{"line":62,"column":55}}],"line":62},"11":{"loc":{"start":{"line":63,"column":12},"end":{"line":63,"column":51}},"type":"binary-expr","locations":[{"start":{"line":63,"column":12},"end":{"line":63,"column":31}},{"start":{"line":63,"column":35},"end":{"line":63,"column":51}}],"line":63},"12":{"loc":{"start":{"line":64,"column":12},"end":{"line":64,"column":43}},"type":"binary-expr","locations":[{"start":{"line":64,"column":12},"end":{"line":64,"column":20}},{"start":{"line":64,"column":24},"end":{"line":64,"column":43}}],"line":64},"13":{"loc":{"start":{"line":69,"column":9},"end":{"line":69,"column":78}},"type":"cond-expr","locations":[{"start":{"line":69,"column":21},"end":{"line":69,"column":71}},{"start":{"line":69,"column":74},"end":{"line":69,"column":78}}],"line":69}},"s":{"0":2,"1":2,"2":5,"3":5,"4":2},"f":{"0":5,"1":5},"b":{"0":[3],"1":[4],"2":[5,3],"3":[5,2],"4":[5,0],"5":[5,4],"6":[5,0,0],"7":[5,0,0],"8":[5,0],"9":[5,0],"10":[5,2],"11":[5,0],"12":[5,0],"13":[0,5]},"_coverageSchema":"1a1c01bbd47fc00a2c39e90264f33305004495a9","hash":"2e389b40bf8099c46110d777c58ca7d062de701e"}
,"C:\\Users\\gokha\\MatchTalk\\src\\components\\common\\Card.tsx": {"path":"C:\\Users\\gokha\\MatchTalk\\src\\components\\common\\Card.tsx","statementMap":{"0":{"start":{"line":12,"column":37},"end":{"line":14,"column":1}},"1":{"start":{"line":13,"column":2},"end":{"line":13,"column":62}},"2":{"start":{"line":16,"column":15},"end":{"line":28,"column":2}}},"fnMap":{"0":{"name":"(anonymous_0)","decl":{"start":{"line":12,"column":37},"end":{"line":12,"column":38}},"loc":{"start":{"line":12,"column":60},"end":{"line":14,"column":1}},"line":12}},"branchMap":{},"s":{"0":1,"1":1,"2":1},"f":{"0":1},"b":{},"_coverageSchema":"1a1c01bbd47fc00a2c39e90264f33305004495a9","hash":"b570ea139098dc77f53d051d0c6ac6feead6f6fa"}
,"C:\\Users\\gokha\\MatchTalk\\src\\components\\common\\Icon.tsx": {"path":"C:\\Users\\gokha\\MatchTalk\\src\\components\\common\\Icon.tsx","statementMap":{"0":{"start":{"line":10,"column":37},"end":{"line":16,"column":1}},"1":{"start":{"line":11,"column":2},"end":{"line":15,"column":4}}},"fnMap":{"0":{"name":"(anonymous_0)","decl":{"start":{"line":10,"column":37},"end":{"line":10,"column":38}},"loc":{"start":{"line":10,"column":56},"end":{"line":16,"column":1}},"line":10}},"branchMap":{},"s":{"0":2,"1":2},"f":{"0":2},"b":{},"_coverageSchema":"1a1c01bbd47fc00a2c39e90264f33305004495a9","hash":"f9754011d218085fc0fd11252cc9b4ef8d685966"}
,"C:\\Users\\gokha\\MatchTalk\\src\\components\\room\\RoomCard.tsx": {"path":"C:\\Users\\gokha\\MatchTalk\\src\\components\\room\\RoomCard.tsx","statementMap":{"0":{"start":{"line":19,"column":41},"end":{"line":44,"column":1}},"1":{"start":{"line":20,"column":2},"end":{"line":43,"column":4}},"2":{"start":{"line":30,"column":54},"end":{"line":30,"column":62}},"3":{"start":{"line":40,"column":45},"end":{"line":40,"column":60}},"4":{"start":{"line":46,"column":19},"end":{"line":54,"column":1}},"5":{"start":{"line":47,"column":12},"end":{"line":49,"column":21}},"6":{"start":{"line":50,"column":12},"end":{"line":52,"column":21}},"7":{"start":{"line":53,"column":2},"end":{"line":53,"column":21}},"8":{"start":{"line":56,"column":15},"end":{"line":66,"column":2}}},"fnMap":{"0":{"name":"(anonymous_0)","decl":{"start":{"line":19,"column":41},"end":{"line":19,"column":42}},"loc":{"start":{"line":19,"column":61},"end":{"line":44,"column":1}},"line":19},"1":{"name":"(anonymous_1)","decl":{"start":{"line":30,"column":49},"end":{"line":30,"column":50}},"loc":{"start":{"line":30,"column":54},"end":{"line":30,"column":62}},"line":30},"2":{"name":"(anonymous_2)","decl":{"start":{"line":40,"column":39},"end":{"line":40,"column":40}},"loc":{"start":{"line":40,"column":45},"end":{"line":40,"column":60}},"line":40},"3":{"name":"(anonymous_3)","decl":{"start":{"line":46,"column":19},"end":{"line":46,"column":20}},"loc":{"start":{"line":46,"column":36},"end":{"line":54,"column":1}},"line":46}},"branchMap":{},"s":{"0":1,"1":1,"2":0,"3":0,"4":1,"5":1,"6":1,"7":1,"8":1},"f":{"0":1,"1":0,"2":0,"3":1},"b":{},"_coverageSchema":"1a1c01bbd47fc00a2c39e90264f33305004495a9","hash":"2e1f74faec1fedaa2aa02108de1b23fd804e1028"}
,"C:\\Users\\gokha\\MatchTalk\\src\\components\\ui\\GenderBar.tsx": {"path":"C:\\Users\\gokha\\MatchTalk\\src\\components\\ui\\GenderBar.tsx","statementMap":{"0":{"start":{"line":11,"column":42},"end":{"line":21,"column":1}},"1":{"start":{"line":12,"column":20},"end":{"line":12,"column":59}},"2":{"start":{"line":13,"column":22},"end":{"line":13,"column":37}},"3":{"start":{"line":15,"column":2},"end":{"line":20,"column":4}},"4":{"start":{"line":23,"column":15},"end":{"line":40,"column":2}}},"fnMap":{"0":{"name":"(anonymous_0)","decl":{"start":{"line":11,"column":42},"end":{"line":11,"column":43}},"loc":{"start":{"line":11,"column":68},"end":{"line":21,"column":1}},"line":11}},"branchMap":{},"s":{"0":1,"1":1,"2":1,"3":1,"4":1},"f":{"0":1},"b":{},"_coverageSchema":"1a1c01bbd47fc00a2c39e90264f33305004495a9","hash":"2a871d121fb1bda77b24e82ada3767768cc90560"}
,"C:\\Users\\gokha\\MatchTalk\\src\\components\\ui\\TimerChip.tsx": {"path":"C:\\Users\\gokha\\MatchTalk\\src\\components\\ui\\TimerChip.tsx","statementMap":{"0":{"start":{"line":14,"column":42},"end":{"line":21,"column":1}},"1":{"start":{"line":15,"column":2},"end":{"line":20,"column":4}},"2":{"start":{"line":23,"column":15},"end":{"line":41,"column":2}}},"fnMap":{"0":{"name":"(anonymous_0)","decl":{"start":{"line":14,"column":42},"end":{"line":14,"column":43}},"loc":{"start":{"line":14,"column":62},"end":{"line":21,"column":1}},"line":14}},"branchMap":{},"s":{"0":1,"1":1,"2":1},"f":{"0":1},"b":{},"_coverageSchema":"1a1c01bbd47fc00a2c39e90264f33305004495a9","hash":"73de99ce8a0b4f6a04d573d5d0c45df1491fe960"}
,"C:\\Users\\gokha\\MatchTalk\\src\\screens\\auth\\LoginScreen.tsx": {"path":"C:\\Users\\gokha\\MatchTalk\\src\\screens\\auth\\LoginScreen.tsx","statementMap":{"0":{"start":{"line":13,"column":37},"end":{"line":55,"column":1}},"1":{"start":{"line":14,"column":28},"end":{"line":14,"column":66}},"2":{"start":{"line":14,"column":46},"end":{"line":14,"column":65}},"3":{"start":{"line":15,"column":18},"end":{"line":15,"column":46}},"4":{"start":{"line":15,"column":36},"end":{"line":15,"column":45}},"5":{"start":{"line":16,"column":16},"end":{"line":16,"column":42}},"6":{"start":{"line":16,"column":34},"end":{"line":16,"column":41}},"7":{"start":{"line":17,"column":28},"end":{"line":17,"column":40}},"8":{"start":{"line":18,"column":34},"end":{"line":18,"column":46}},"9":{"start":{"line":20,"column":2},"end":{"line":54,"column":4}},"10":{"start":{"line":47,"column":23},"end":{"line":47,"column":80}},"11":{"start":{"line":57,"column":15},"end":{"line":81,"column":2}}},"fnMap":{"0":{"name":"(anonymous_0)","decl":{"start":{"line":13,"column":37},"end":{"line":13,"column":38}},"loc":{"start":{"line":13,"column":53},"end":{"line":55,"column":1}},"line":13},"1":{"name":"(anonymous_1)","decl":{"start":{"line":14,"column":41},"end":{"line":14,"column":42}},"loc":{"start":{"line":14,"column":46},"end":{"line":14,"column":65}},"line":14},"2":{"name":"(anonymous_2)","decl":{"start":{"line":15,"column":31},"end":{"line":15,"column":32}},"loc":{"start":{"line":15,"column":36},"end":{"line":15,"column":45}},"line":15},"3":{"name":"(anonymous_3)","decl":{"start":{"line":16,"column":29},"end":{"line":16,"column":30}},"loc":{"start":{"line":16,"column":34},"end":{"line":16,"column":41}},"line":16},"4":{"name":"(anonymous_4)","decl":{"start":{"line":47,"column":17},"end":{"line":47,"column":18}},"loc":{"start":{"line":47,"column":23},"end":{"line":47,"column":80}},"line":47},"5":{"name":"(anonymous_5)","decl":{"start":{"line":47,"column":71},"end":{"line":47,"column":72}},"loc":{"start":{"line":47,"column":77},"end":{"line":47,"column":79}},"line":47}},"branchMap":{"0":{"loc":{"start":{"line":43,"column":7},"end":{"line":43,"column":63}},"type":"cond-expr","locations":[{"start":{"line":43,"column":15},"end":{"line":43,"column":56}},{"start":{"line":43,"column":59},"end":{"line":43,"column":63}}],"line":43},"1":{"loc":{"start":{"line":46,"column":15},"end":{"line":46,"column":59}},"type":"cond-expr","locations":[{"start":{"line":46,"column":25},"end":{"line":46,"column":45}},{"start":{"line":46,"column":48},"end":{"line":46,"column":59}}],"line":46}},"s":{"0":1,"1":2,"2":2,"3":2,"4":2,"5":2,"6":2,"7":2,"8":2,"9":2,"10":1,"11":1},"f":{"0":2,"1":2,"2":2,"3":2,"4":1,"5":0},"b":{"0":[0,2],"1":[0,2]},"_coverageSchema":"1a1c01bbd47fc00a2c39e90264f33305004495a9","hash":"265bb9ad0c409eaf273feab843d50019db5fb80d"}
,"C:\\Users\\gokha\\MatchTalk\\src\\services\\api\\auth.ts": {"path":"C:\\Users\\gokha\\MatchTalk\\src\\services\\api\\auth.ts","statementMap":{"0":{"start":{"line":9,"column":24},"end":{"line":10,"column":75}},"1":{"start":{"line":10,"column":2},"end":{"line":10,"column":75}},"2":{"start":{"line":12,"column":21},"end":{"line":13,"column":72}},"3":{"start":{"line":13,"column":2},"end":{"line":13,"column":72}},"4":{"start":{"line":15,"column":18},"end":{"line":15,"column":95}},"5":{"start":{"line":15,"column":37},"end":{"line":15,"column":95}}},"fnMap":{"0":{"name":"(anonymous_0)","decl":{"start":{"line":9,"column":24},"end":{"line":9,"column":25}},"loc":{"start":{"line":10,"column":2},"end":{"line":10,"column":75}},"line":10},"1":{"name":"(anonymous_1)","decl":{"start":{"line":12,"column":21},"end":{"line":12,"column":22}},"loc":{"start":{"line":13,"column":2},"end":{"line":13,"column":72}},"line":13},"2":{"name":"(anonymous_2)","decl":{"start":{"line":15,"column":18},"end":{"line":15,"column":19}},"loc":{"start":{"line":15,"column":37},"end":{"line":15,"column":95}},"line":15}},"branchMap":{},"s":{"0":2,"1":0,"2":2,"3":0,"4":2,"5":0},"f":{"0":0,"1":0,"2":0},"b":{},"_coverageSchema":"1a1c01bbd47fc00a2c39e90264f33305004495a9","hash":"8003cb863c1f0241fc7f746a17ac3213da9c30c2"}
,"C:\\Users\\gokha\\MatchTalk\\src\\services\\api\\client.ts": {"path":"C:\\Users\\gokha\\MatchTalk\\src\\services\\api\\client.ts","statementMap":{"0":{"start":{"line":3,"column":21},"end":{"line":9,"column":1}},"1":{"start":{"line":4,"column":17},"end":{"line":4,"column":84}},"2":{"start":{"line":5,"column":2},"end":{"line":5,"column":28}},"3":{"start":{"line":5,"column":14},"end":{"line":5,"column":28}},"4":{"start":{"line":7,"column":2},"end":{"line":7,"column":63}},"5":{"start":{"line":7,"column":33},"end":{"line":7,"column":63}},"6":{"start":{"line":8,"column":2},"end":{"line":8,"column":33}},"7":{"start":{"line":11,"column":17},"end":{"line":11,"column":31}},"8":{"start":{"line":19,"column":24},"end":{"line":42,"column":1}},"9":{"start":{"line":20,"column":42},"end":{"line":22,"column":3}},"10":{"start":{"line":24,"column":2},"end":{"line":26,"column":3}},"11":{"start":{"line":25,"column":4},"end":{"line":25,"column":54}},"12":{"start":{"line":28,"column":14},"end":{"line":32,"column":4}},"13":{"start":{"line":34,"column":15},"end":{"line":34,"column":49}},"14":{"start":{"line":34,"column":45},"end":{"line":34,"column":47}},"15":{"start":{"line":36,"column":2},"end":{"line":39,"column":3}},"16":{"start":{"line":37,"column":20},"end":{"line":37,"column":70}},"17":{"start":{"line":38,"column":4},"end":{"line":38,"column":29}},"18":{"start":{"line":41,"column":2},"end":{"line":41,"column":19}},"19":{"start":{"line":44,"column":26},"end":{"line":44,"column":40}},"20":{"start":{"line":44,"column":32},"end":{"line":44,"column":40}}},"fnMap":{"0":{"name":"(anonymous_0)","decl":{"start":{"line":3,"column":21},"end":{"line":3,"column":22}},"loc":{"start":{"line":3,"column":27},"end":{"line":9,"column":1}},"line":3},"1":{"name":"(anonymous_1)","decl":{"start":{"line":19,"column":24},"end":{"line":19,"column":25}},"loc":{"start":{"line":19,"column":93},"end":{"line":42,"column":1}},"line":19},"2":{"name":"(anonymous_2)","decl":{"start":{"line":34,"column":38},"end":{"line":34,"column":39}},"loc":{"start":{"line":34,"column":45},"end":{"line":34,"column":47}},"line":34},"3":{"name":"(anonymous_3)","decl":{"start":{"line":44,"column":26},"end":{"line":44,"column":27}},"loc":{"start":{"line":44,"column":32},"end":{"line":44,"column":40}},"line":44}},"branchMap":{"0":{"loc":{"start":{"line":4,"column":18},"end":{"line":4,"column":76}},"type":"binary-expr","locations":[{"start":{"line":4,"column":18},"end":{"line":4,"column":37}},{"start":{"line":4,"column":41},"end":{"line":4,"column":70}},{"start":{"line":4,"column":74},"end":{"line":4,"column":76}}],"line":4},"1":{"loc":{"start":{"line":5,"column":2},"end":{"line":5,"column":28}},"type":"if","locations":[{"start":{"line":5,"column":2},"end":{"line":5,"column":28}},{"start":{},"end":{}}],"line":5},"2":{"loc":{"start":{"line":7,"column":2},"end":{"line":7,"column":63}},"type":"if","locations":[{"start":{"line":7,"column":2},"end":{"line":7,"column":63}},{"start":{},"end":{}}],"line":7},"3":{"loc":{"start":{"line":19,"column":48},"end":{"line":19,"column":76}},"type":"default-arg","locations":[{"start":{"line":19,"column":74},"end":{"line":19,"column":76}}],"line":19},"4":{"loc":{"start":{"line":24,"column":2},"end":{"line":26,"column":3}},"type":"if","locations":[{"start":{"line":24,"column":2},"end":{"line":26,"column":3}},{"start":{},"end":{}}],"line":24},"5":{"loc":{"start":{"line":29,"column":12},"end":{"line":29,"column":35}},"type":"binary-expr","locations":[{"start":{"line":29,"column":12},"end":{"line":29,"column":26}},{"start":{"line":29,"column":30},"end":{"line":29,"column":35}}],"line":29},"6":{"loc":{"start":{"line":31,"column":10},"end":{"line":31,"column":65}},"type":"cond-expr","locations":[{"start":{"line":31,"column":25},"end":{"line":31,"column":53}},{"start":{"line":31,"column":56},"end":{"line":31,"column":65}}],"line":31},"7":{"loc":{"start":{"line":36,"column":2},"end":{"line":39,"column":3}},"type":"if","locations":[{"start":{"line":36,"column":2},"end":{"line":39,"column":3}},{"start":{},"end":{}}],"line":36},"8":{"loc":{"start":{"line":37,"column":20},"end":{"line":37,"column":70}},"type":"binary-expr","locations":[{"start":{"line":37,"column":20},"end":{"line":37,"column":31}},{"start":{"line":37,"column":35},"end":{"line":37,"column":49}},{"start":{"line":37,"column":53},"end":{"line":37,"column":70}}],"line":37}},"s":{"0":3,"1":3,"2":3,"3":0,"4":3,"5":0,"6":3,"7":3,"8":3,"9":0,"10":0,"11":0,"12":0,"13":0,"14":0,"15":0,"16":0,"17":0,"18":0,"19":3,"20":0},"f":{"0":3,"1":0,"2":0,"3":0},"b":{"0":[3,3,3],"1":[0,3],"2":[0,3],"3":[0],"4":[0,0],"5":[0,0],"6":[0,0],"7":[0,0],"8":[0,0,0]},"_coverageSchema":"1a1c01bbd47fc00a2c39e90264f33305004495a9","hash":"bfc5c577c31187ef029d67ed3e54b0e161b9f77c"}
,"C:\\Users\\gokha\\MatchTalk\\src\\services\\api\\rooms.ts": {"path":"C:\\Users\\gokha\\MatchTalk\\src\\services\\api\\rooms.ts","statementMap":{"0":{"start":{"line":4,"column":25},"end":{"line":4,"column":88}},"1":{"start":{"line":4,"column":44},"end":{"line":4,"column":88}},"2":{"start":{"line":5,"column":24},"end":{"line":6,"column":74}},"3":{"start":{"line":6,"column":2},"end":{"line":6,"column":74}},"4":{"start":{"line":7,"column":25},"end":{"line":8,"column":82}},"5":{"start":{"line":8,"column":2},"end":{"line":8,"column":82}},"6":{"start":{"line":9,"column":26},"end":{"line":10,"column":114}},"7":{"start":{"line":10,"column":2},"end":{"line":10,"column":114}}},"fnMap":{"0":{"name":"(anonymous_0)","decl":{"start":{"line":4,"column":25},"end":{"line":4,"column":26}},"loc":{"start":{"line":4,"column":44},"end":{"line":4,"column":88}},"line":4},"1":{"name":"(anonymous_1)","decl":{"start":{"line":5,"column":24},"end":{"line":5,"column":25}},"loc":{"start":{"line":6,"column":2},"end":{"line":6,"column":74}},"line":6},"2":{"name":"(anonymous_2)","decl":{"start":{"line":7,"column":25},"end":{"line":7,"column":26}},"loc":{"start":{"line":8,"column":2},"end":{"line":8,"column":82}},"line":8},"3":{"name":"(anonymous_3)","decl":{"start":{"line":9,"column":26},"end":{"line":9,"column":27}},"loc":{"start":{"line":10,"column":2},"end":{"line":10,"column":114}},"line":10}},"branchMap":{},"s":{"0":1,"1":0,"2":1,"3":0,"4":1,"5":0,"6":1,"7":0},"f":{"0":0,"1":0,"2":0,"3":0},"b":{},"_coverageSchema":"1a1c01bbd47fc00a2c39e90264f33305004495a9","hash":"e975edf7e7338de861e279f65455035b94589640"}
,"C:\\Users\\gokha\\MatchTalk\\src\\store\\authStore.ts": {"path":"C:\\Users\\gokha\\MatchTalk\\src\\store\\authStore.ts","statementMap":{"0":{"start":{"line":6,"column":18},"end":{"line":6,"column":33}},"1":{"start":{"line":20,"column":28},"end":{"line":74,"column":3}},"2":{"start":{"line":20,"column":54},"end":{"line":74,"column":1}},"3":{"start":{"line":28,"column":4},"end":{"line":39,"column":5}},"4":{"start":{"line":29,"column":20},"end":{"line":29,"column":57}},"5":{"start":{"line":30,"column":6},"end":{"line":33,"column":7}},"6":{"start":{"line":31,"column":8},"end":{"line":31,"column":30}},"7":{"start":{"line":32,"column":8},"end":{"line":32,"column":15}},"8":{"start":{"line":34,"column":18},"end":{"line":34,"column":41}},"9":{"start":{"line":35,"column":6},"end":{"line":35,"column":51}},"10":{"start":{"line":37,"column":6},"end":{"line":37,"column":47}},"11":{"start":{"line":38,"column":6},"end":{"line":38,"column":53}},"12":{"start":{"line":43,"column":4},"end":{"line":43,"column":43}},"13":{"start":{"line":44,"column":4},"end":{"line":53,"column":5}},"14":{"start":{"line":45,"column":18},"end":{"line":45,"column":56}},"15":{"start":{"line":46,"column":6},"end":{"line":46,"column":55}},"16":{"start":{"line":47,"column":6},"end":{"line":47,"column":46}},"17":{"start":{"line":49,"column":6},"end":{"line":49,"column":64}},"18":{"start":{"line":50,"column":6},"end":{"line":50,"column":16}},"19":{"start":{"line":52,"column":6},"end":{"line":52,"column":28}},"20":{"start":{"line":57,"column":4},"end":{"line":57,"column":43}},"21":{"start":{"line":58,"column":4},"end":{"line":67,"column":5}},"22":{"start":{"line":59,"column":18},"end":{"line":59,"column":49}},"23":{"start":{"line":60,"column":6},"end":{"line":60,"column":55}},"24":{"start":{"line":61,"column":6},"end":{"line":61,"column":46}},"25":{"start":{"line":63,"column":6},"end":{"line":63,"column":64}},"26":{"start":{"line":64,"column":6},"end":{"line":64,"column":16}},"27":{"start":{"line":66,"column":6},"end":{"line":66,"column":28}},"28":{"start":{"line":71,"column":4},"end":{"line":71,"column":45}},"29":{"start":{"line":72,"column":4},"end":{"line":72,"column":35}}},"fnMap":{"0":{"name":"(anonymous_0)","decl":{"start":{"line":20,"column":46},"end":{"line":20,"column":47}},"loc":{"start":{"line":20,"column":54},"end":{"line":74,"column":1}},"line":20},"1":{"name":"(anonymous_1)","decl":{"start":{"line":27,"column":18},"end":{"line":27,"column":19}},"loc":{"start":{"line":27,"column":30},"end":{"line":40,"column":3}},"line":27},"2":{"name":"(anonymous_2)","decl":{"start":{"line":42,"column":21},"end":{"line":42,"column":22}},"loc":{"start":{"line":42,"column":48},"end":{"line":54,"column":3}},"line":42},"3":{"name":"(anonymous_3)","decl":{"start":{"line":56,"column":19},"end":{"line":56,"column":20}},"loc":{"start":{"line":56,"column":36},"end":{"line":68,"column":3}},"line":56},"4":{"name":"(anonymous_4)","decl":{"start":{"line":70,"column":10},"end":{"line":70,"column":11}},"loc":{"start":{"line":70,"column":22},"end":{"line":73,"column":3}},"line":70}},"branchMap":{"0":{"loc":{"start":{"line":30,"column":6},"end":{"line":33,"column":7}},"type":"if","locations":[{"start":{"line":30,"column":6},"end":{"line":33,"column":7}},{"start":{},"end":{}}],"line":30},"1":{"loc":{"start":{"line":49,"column":18},"end":{"line":49,"column":61}},"type":"binary-expr","locations":[{"start":{"line":49,"column":18},"end":{"line":49,"column":40}},{"start":{"line":49,"column":44},"end":{"line":49,"column":61}}],"line":49},"2":{"loc":{"start":{"line":63,"column":18},"end":{"line":63,"column":61}},"type":"binary-expr","locations":[{"start":{"line":63,"column":18},"end":{"line":63,"column":40}},{"start":{"line":63,"column":44},"end":{"line":63,"column":61}}],"line":63}},"s":{"0":2,"1":2,"2":2,"3":1,"4":1,"5":1,"6":1,"7":1,"8":0,"9":0,"10":0,"11":0,"12":2,"13":2,"14":2,"15":1,"16":1,"17":1,"18":1,"19":2,"20":0,"21":0,"22":0,"23":0,"24":0,"25":0,"26":0,"27":0,"28":0,"29":0},"f":{"0":2,"1":1,"2":2,"3":0,"4":0},"b":{"0":[1,0],"1":[1,0],"2":[0,0]},"_coverageSchema":"1a1c01bbd47fc00a2c39e90264f33305004495a9","hash":"1ceecf1d697abbbe6a9b8865711862a5bc519e5a"}
,"C:\\Users\\gokha\\MatchTalk\\src\\store\\roomStore.ts": {"path":"C:\\Users\\gokha\\MatchTalk\\src\\store\\roomStore.ts","statementMap":{"0":{"start":{"line":16,"column":28},"end":{"line":67,"column":3}},"1":{"start":{"line":16,"column":61},"end":{"line":67,"column":1}},"2":{"start":{"line":23,"column":4},"end":{"line":23,"column":43}},"3":{"start":{"line":24,"column":4},"end":{"line":31,"column":5}},"4":{"start":{"line":25,"column":18},"end":{"line":25,"column":49}},"5":{"start":{"line":26,"column":6},"end":{"line":26,"column":30}},"6":{"start":{"line":28,"column":6},"end":{"line":28,"column":43}},"7":{"start":{"line":30,"column":6},"end":{"line":30,"column":28}},"8":{"start":{"line":35,"column":4},"end":{"line":35,"column":43}},"9":{"start":{"line":36,"column":4},"end":{"line":45,"column":5}},"10":{"start":{"line":37,"column":18},"end":{"line":37,"column":56}},"11":{"start":{"line":38,"column":27},"end":{"line":38,"column":60}},"12":{"start":{"line":39,"column":6},"end":{"line":39,"column":60}},"13":{"start":{"line":41,"column":6},"end":{"line":41,"column":43}},"14":{"start":{"line":42,"column":6},"end":{"line":42,"column":16}},"15":{"start":{"line":44,"column":6},"end":{"line":44,"column":28}},"16":{"start":{"line":49,"column":4},"end":{"line":55,"column":5}},"17":{"start":{"line":50,"column":18},"end":{"line":50,"column":57}},"18":{"start":{"line":51,"column":27},"end":{"line":51,"column":114}},"19":{"start":{"line":51,"column":98},"end":{"line":51,"column":113}},"20":{"start":{"line":52,"column":6},"end":{"line":52,"column":53}},"21":{"start":{"line":54,"column":6},"end":{"line":54,"column":43}},"22":{"start":{"line":59,"column":4},"end":{"line":65,"column":5}},"23":{"start":{"line":60,"column":18},"end":{"line":60,"column":64}},"24":{"start":{"line":61,"column":27},"end":{"line":61,"column":60}},"25":{"start":{"line":62,"column":6},"end":{"line":62,"column":33}},"26":{"start":{"line":64,"column":6},"end":{"line":64,"column":43}},"27":{"start":{"line":69,"column":19},"end":{"line":73,"column":1}},"28":{"start":{"line":70,"column":17},"end":{"line":70,"column":52}},"29":{"start":{"line":70,"column":32},"end":{"line":70,"column":51}},"30":{"start":{"line":71,"column":2},"end":{"line":71,"column":41}},"31":{"start":{"line":71,"column":15},"end":{"line":71,"column":41}},"32":{"start":{"line":72,"column":2},"end":{"line":72,"column":60}},"33":{"start":{"line":72,"column":24},"end":{"line":72,"column":57}}},"fnMap":{"0":{"name":"(anonymous_0)","decl":{"start":{"line":16,"column":46},"end":{"line":16,"column":47}},"loc":{"start":{"line":16,"column":61},"end":{"line":67,"column":1}},"line":16},"1":{"name":"(anonymous_1)","decl":{"start":{"line":22,"column":14},"end":{"line":22,"column":15}},"loc":{"start":{"line":22,"column":29},"end":{"line":32,"column":3}},"line":22},"2":{"name":"(anonymous_2)","decl":{"start":{"line":34,"column":12},"end":{"line":34,"column":13}},"loc":{"start":{"line":34,"column":37},"end":{"line":46,"column":3}},"line":34},"3":{"name":"(anonymous_3)","decl":{"start":{"line":48,"column":13},"end":{"line":48,"column":14}},"loc":{"start":{"line":48,"column":38},"end":{"line":56,"column":3}},"line":48},"4":{"name":"(anonymous_4)","decl":{"start":{"line":51,"column":93},"end":{"line":51,"column":94}},"loc":{"start":{"line":51,"column":98},"end":{"line":51,"column":113}},"line":51},"5":{"name":"(anonymous_5)","decl":{"start":{"line":58,"column":17},"end":{"line":58,"column":18}},"loc":{"start":{"line":58,"column":48},"end":{"line":66,"column":3}},"line":58},"6":{"name":"(anonymous_6)","decl":{"start":{"line":69,"column":19},"end":{"line":69,"column":20}},"loc":{"start":{"line":69,"column":52},"end":{"line":73,"column":1}},"line":69},"7":{"name":"(anonymous_7)","decl":{"start":{"line":70,"column":27},"end":{"line":70,"column":28}},"loc":{"start":{"line":70,"column":32},"end":{"line":70,"column":51}},"line":70},"8":{"name":"(anonymous_8)","decl":{"start":{"line":72,"column":18},"end":{"line":72,"column":19}},"loc":{"start":{"line":72,"column":24},"end":{"line":72,"column":57}},"line":72}},"branchMap":{"0":{"loc":{"start":{"line":51,"column":27},"end":{"line":51,"column":114}},"type":"cond-expr","locations":[{"start":{"line":51,"column":38},"end":{"line":51,"column":71}},{"start":{"line":51,"column":74},"end":{"line":51,"column":114}}],"line":51},"1":{"loc":{"start":{"line":71,"column":2},"end":{"line":71,"column":41}},"type":"if","locations":[{"start":{"line":71,"column":2},"end":{"line":71,"column":41}},{"start":{},"end":{}}],"line":71},"2":{"loc":{"start":{"line":72,"column":24},"end":{"line":72,"column":57}},"type":"cond-expr","locations":[{"start":{"line":72,"column":46},"end":{"line":72,"column":53}},{"start":{"line":72,"column":56},"end":{"line":72,"column":57}}],"line":72}},"s":{"0":1,"1":1,"2":1,"3":1,"4":1,"5":1,"6":0,"7":1,"8":1,"9":1,"10":1,"11":1,"12":1,"13":0,"14":0,"15":1,"16":0,"17":0,"18":0,"19":0,"20":0,"21":0,"22":0,"23":0,"24":0,"25":0,"26":0,"27":1,"28":1,"29":0,"30":1,"31":1,"32":0,"33":0},"f":{"0":1,"1":1,"2":1,"3":0,"4":0,"5":0,"6":1,"7":0,"8":0},"b":{"0":[0,0],"1":[1,0],"2":[0,0]},"_coverageSchema":"1a1c01bbd47fc00a2c39e90264f33305004495a9","hash":"7d8b08696a2d00ea1a0017f58b169546c12a84fa"}
,"C:\\Users\\gokha\\MatchTalk\\src\\theme\\colors.ts": {"path":"C:\\Users\\gokha\\MatchTalk\\src\\theme\\colors.ts","statementMap":{"0":{"start":{"line":1,"column":22},"end":{"line":17,"column":1}}},"fnMap":{},"branchMap":{},"s":{"0":2},"f":{},"b":{},"_coverageSchema":"1a1c01bbd47fc00a2c39e90264f33305004495a9","hash":"7326e9e84bb7e354c3caf235933b30f5a100b1f0"}
,"C:\\Users\\gokha\\MatchTalk\\src\\theme\\radius.ts": {"path":"C:\\Users\\gokha\\MatchTalk\\src\\theme\\radius.ts","statementMap":{"0":{"start":{"line":1,"column":22},"end":{"line":7,"column":1}}},"fnMap":{},"branchMap":{},"s":{"0":2},"f":{},"b":{},"_coverageSchema":"1a1c01bbd47fc00a2c39e90264f33305004495a9","hash":"38f1b24e668d9e82b97e8605772b088972636263"}
,"C:\\Users\\gokha\\MatchTalk\\src\\theme\\spacing.ts": {"path":"C:\\Users\\gokha\\MatchTalk\\src\\theme\\spacing.ts","statementMap":{"0":{"start":{"line":1,"column":23},"end":{"line":8,"column":1}}},"fnMap":{},"branchMap":{},"s":{"0":2},"f":{},"b":{},"_coverageSchema":"1a1c01bbd47fc00a2c39e90264f33305004495a9","hash":"228dc6ac09693cfec6745d56c57f10b4ac025c3c"}
,"C:\\Users\\gokha\\MatchTalk\\src\\theme\\typography.ts": {"path":"C:\\Users\\gokha\\MatchTalk\\src\\theme\\typography.ts","statementMap":{"0":{"start":{"line":1,"column":26},"end":{"line":28,"column":1}}},"fnMap":{},"branchMap":{},"s":{"0":2},"f":{},"b":{},"_coverageSchema":"1a1c01bbd47fc00a2c39e90264f33305004495a9","hash":"676121de6031d68465e47ca24497ab4df830dba0"}
}
