TN:
SF:src\components\common\Avatar.tsx
FN:11,(anonymous_0)
FNF:1
FNH:0
FNDA:0,(anonymous_0)
DA:11,1
DA:12,0
DA:19,1
LF:3
LH:2
BRDA:11,0,0,0
BRF:1
BRH:0
end_of_record
TN:
SF:src\components\common\AvatarGroup.tsx
FN:12,(anonymous_0)
FN:18,(anonymous_1)
FNF:2
FNH:1
FNDA:1,(anonymous_0)
FNDA:0,(anonymous_1)
DA:12,1
DA:13,1
DA:14,1
DA:16,1
DA:19,0
DA:41,1
LF:6
LH:5
BRDA:12,0,0,1
BRDA:12,1,0,0
BRDA:19,2,0,0
BRDA:19,2,1,0
BRDA:23,3,0,1
BRDA:23,3,1,0
BRF:6
BRH:2
end_of_record
TN:
SF:src\components\common\Button.tsx
FN:30,(anonymous_0)
FN:45,(anonymous_1)
FNF:2
FNH:2
FNDA:5,(anonymous_0)
FNDA:5,(anonymous_1)
DA:24,2
DA:30,2
DA:41,5
DA:45,5
DA:75,2
LF:5
LH:5
BRDA:33,0,0,3
BRDA:34,1,0,4
BRDA:48,2,0,5
BRDA:48,2,1,3
BRDA:49,3,0,5
BRDA:49,3,1,2
BRDA:50,4,0,5
BRDA:50,4,1,0
BRDA:51,5,0,5
BRDA:51,5,1,4
BRDA:52,6,0,5
BRDA:52,6,1,0
BRDA:52,6,2,0
BRDA:53,7,0,5
BRDA:53,7,1,0
BRDA:53,7,2,0
BRDA:54,8,0,5
BRDA:54,8,1,0
BRDA:55,9,0,5
BRDA:55,9,1,0
BRDA:62,10,0,5
BRDA:62,10,1,2
BRDA:63,11,0,5
BRDA:63,11,1,0
BRDA:64,12,0,5
BRDA:64,12,1,0
BRDA:69,13,0,0
BRDA:69,13,1,5
BRF:28
BRH:18
end_of_record
TN:
SF:src\components\common\Card.tsx
FN:12,(anonymous_0)
FNF:1
FNH:1
FNDA:1,(anonymous_0)
DA:12,1
DA:13,1
DA:16,1
LF:3
LH:3
BRF:0
BRH:0
end_of_record
TN:
SF:src\components\common\Icon.tsx
FN:10,(anonymous_0)
FNF:1
FNH:1
FNDA:2,(anonymous_0)
DA:10,2
DA:11,2
LF:2
LH:2
BRF:0
BRH:0
end_of_record
TN:
SF:src\components\room\RoomCard.tsx
FN:19,(anonymous_0)
FN:30,(anonymous_1)
FN:40,(anonymous_2)
FN:46,(anonymous_3)
FNF:4
FNH:2
FNDA:1,(anonymous_0)
FNDA:0,(anonymous_1)
FNDA:0,(anonymous_2)
FNDA:1,(anonymous_3)
DA:19,1
DA:20,1
DA:30,0
DA:40,0
DA:46,1
DA:47,1
DA:50,1
DA:53,1
DA:56,1
LF:9
LH:7
BRF:0
BRH:0
end_of_record
TN:
SF:src\components\ui\GenderBar.tsx
FN:11,(anonymous_0)
FNF:1
FNH:1
FNDA:1,(anonymous_0)
DA:11,1
DA:12,1
DA:13,1
DA:15,1
DA:23,1
LF:5
LH:5
BRF:0
BRH:0
end_of_record
TN:
SF:src\components\ui\TimerChip.tsx
FN:14,(anonymous_0)
FNF:1
FNH:1
FNDA:1,(anonymous_0)
DA:14,1
DA:15,1
DA:23,1
LF:3
LH:3
BRF:0
BRH:0
end_of_record
TN:
SF:src\screens\auth\LoginScreen.tsx
FN:13,(anonymous_0)
FN:14,(anonymous_1)
FN:15,(anonymous_2)
FN:16,(anonymous_3)
FN:47,(anonymous_4)
FN:47,(anonymous_5)
FNF:6
FNH:5
FNDA:2,(anonymous_0)
FNDA:2,(anonymous_1)
FNDA:2,(anonymous_2)
FNDA:2,(anonymous_3)
FNDA:1,(anonymous_4)
FNDA:0,(anonymous_5)
DA:13,1
DA:14,2
DA:15,2
DA:16,2
DA:17,2
DA:18,2
DA:20,2
DA:47,1
DA:57,1
LF:9
LH:9
BRDA:43,0,0,0
BRDA:43,0,1,2
BRDA:46,1,0,0
BRDA:46,1,1,2
BRF:4
BRH:2
end_of_record
TN:
SF:src\services\api\auth.ts
FN:9,(anonymous_0)
FN:12,(anonymous_1)
FN:15,(anonymous_2)
FNF:3
FNH:0
FNDA:0,(anonymous_0)
FNDA:0,(anonymous_1)
FNDA:0,(anonymous_2)
DA:9,2
DA:10,0
DA:12,2
DA:13,0
DA:15,2
LF:5
LH:3
BRF:0
BRH:0
end_of_record
TN:
SF:src\services\api\client.ts
FN:3,(anonymous_0)
FN:19,(anonymous_1)
FN:34,(anonymous_2)
FN:44,(anonymous_3)
FNF:4
FNH:1
FNDA:3,(anonymous_0)
FNDA:0,(anonymous_1)
FNDA:0,(anonymous_2)
FNDA:0,(anonymous_3)
DA:3,3
DA:4,3
DA:5,3
DA:7,3
DA:8,3
DA:11,3
DA:19,3
DA:20,0
DA:24,0
DA:25,0
DA:28,0
DA:34,0
DA:36,0
DA:37,0
DA:38,0
DA:41,0
DA:44,3
LF:17
LH:8
BRDA:4,0,0,3
BRDA:4,0,1,3
BRDA:4,0,2,3
BRDA:5,1,0,0
BRDA:5,1,1,3
BRDA:7,2,0,0
BRDA:7,2,1,3
BRDA:19,3,0,0
BRDA:24,4,0,0
BRDA:24,4,1,0
BRDA:29,5,0,0
BRDA:29,5,1,0
BRDA:31,6,0,0
BRDA:31,6,1,0
BRDA:36,7,0,0
BRDA:36,7,1,0
BRDA:37,8,0,0
BRDA:37,8,1,0
BRDA:37,8,2,0
BRF:19
BRH:5
end_of_record
TN:
SF:src\services\api\rooms.ts
FN:4,(anonymous_0)
FN:5,(anonymous_1)
FN:7,(anonymous_2)
FN:9,(anonymous_3)
FNF:4
FNH:0
FNDA:0,(anonymous_0)
FNDA:0,(anonymous_1)
FNDA:0,(anonymous_2)
FNDA:0,(anonymous_3)
DA:4,1
DA:5,1
DA:6,0
DA:7,1
DA:8,0
DA:9,1
DA:10,0
LF:7
LH:4
BRF:0
BRH:0
end_of_record
TN:
SF:src\store\authStore.ts
FN:20,(anonymous_0)
FN:27,(anonymous_1)
FN:42,(anonymous_2)
FN:56,(anonymous_3)
FN:70,(anonymous_4)
FNF:5
FNH:3
FNDA:2,(anonymous_0)
FNDA:1,(anonymous_1)
FNDA:2,(anonymous_2)
FNDA:0,(anonymous_3)
FNDA:0,(anonymous_4)
DA:6,2
DA:20,2
DA:28,1
DA:29,1
DA:30,1
DA:31,1
DA:32,1
DA:34,0
DA:35,0
DA:37,0
DA:38,0
DA:43,2
DA:44,2
DA:45,2
DA:46,1
DA:47,1
DA:49,1
DA:50,1
DA:52,2
DA:57,0
DA:58,0
DA:59,0
DA:60,0
DA:61,0
DA:63,0
DA:64,0
DA:66,0
DA:71,0
DA:72,0
LF:29
LH:15
BRDA:30,0,0,1
BRDA:30,0,1,0
BRDA:49,1,0,1
BRDA:49,1,1,0
BRDA:63,2,0,0
BRDA:63,2,1,0
BRF:6
BRH:2
end_of_record
TN:
SF:src\store\roomStore.ts
FN:16,(anonymous_0)
FN:22,(anonymous_1)
FN:34,(anonymous_2)
FN:48,(anonymous_3)
FN:51,(anonymous_4)
FN:58,(anonymous_5)
FN:69,(anonymous_6)
FN:70,(anonymous_7)
FN:72,(anonymous_8)
FNF:9
FNH:4
FNDA:1,(anonymous_0)
FNDA:1,(anonymous_1)
FNDA:1,(anonymous_2)
FNDA:0,(anonymous_3)
FNDA:0,(anonymous_4)
FNDA:0,(anonymous_5)
FNDA:1,(anonymous_6)
FNDA:0,(anonymous_7)
FNDA:0,(anonymous_8)
DA:16,1
DA:23,1
DA:24,1
DA:25,1
DA:26,1
DA:28,0
DA:30,1
DA:35,1
DA:36,1
DA:37,1
DA:38,1
DA:39,1
DA:41,0
DA:42,0
DA:44,1
DA:49,0
DA:50,0
DA:51,0
DA:52,0
DA:54,0
DA:59,0
DA:60,0
DA:61,0
DA:62,0
DA:64,0
DA:69,1
DA:70,1
DA:71,1
DA:72,0
LF:29
LH:15
BRDA:51,0,0,0
BRDA:51,0,1,0
BRDA:71,1,0,1
BRDA:71,1,1,0
BRDA:72,2,0,0
BRDA:72,2,1,0
BRF:6
BRH:1
end_of_record
TN:
SF:src\theme\colors.ts
FNF:0
FNH:0
DA:1,2
LF:1
LH:1
BRF:0
BRH:0
end_of_record
TN:
SF:src\theme\radius.ts
FNF:0
FNH:0
DA:1,2
LF:1
LH:1
BRF:0
BRH:0
end_of_record
TN:
SF:src\theme\spacing.ts
FNF:0
FNH:0
DA:1,2
LF:1
LH:1
BRF:0
BRH:0
end_of_record
TN:
SF:src\theme\typography.ts
FNF:0
FNH:0
DA:1,2
LF:1
LH:1
BRF:0
BRH:0
end_of_record
